\BOOKMARK [1][-]{section.1}{\376\377\000I\000n\000t\000r\000o\000d\000u\000z\000i\000o\000n\000e\000\040\000a\000l\000l\000a\000\040\000c\000o\000n\000t\000a\000b\000i\000l\000i\000t\000\340}{}% 1
\BOOKMARK [2][-]{subsection.1.1}{\376\377\000C\000o\000s\000'\000\350\000\040\000u\000n\000'\000a\000z\000i\000e\000n\000d\000a}{section.1}% 2
\BOOKMARK [3][-]{subsubsection.1.1.1}{\376\377\000E\000c\000o\000n\000o\000m\000i\000a\000\040\000a\000z\000i\000e\000n\000d\000a\000l\000e}{subsection.1.1}% 3
\BOOKMARK [2][-]{subsection.1.2}{\376\377\000L\000a\000\040\000c\000o\000n\000t\000a\000b\000i\000l\000i\000t\000\340}{section.1}% 4
\BOOKMARK [3][-]{subsubsection.1.2.1}{\376\377\000I\000\040\000c\000o\000n\000c\000e\000t\000t\000i\000\040\000a\000l\000l\000a\000\040\000b\000a\000s\000e\000\040\000d\000e\000l\000l\000a\000\040\000c\000o\000n\000t\000a\000b\000i\000l\000i\000t\000\340}{subsection.1.2}% 5
\BOOKMARK [1][-]{section.2}{\376\377\000I\000\040\000r\000e\000n\000d\000i\000c\000o\000n\000t\000i\000\040\000e\000c\000o\000n\000o\000m\000i\000c\000o\000-\000f\000i\000n\000a\000n\000z\000i\000a\000r\000i}{}% 6
\BOOKMARK [2][-]{subsection.2.1}{\376\377\000B\000i\000l\000a\000n\000c\000i\000o}{section.2}% 7
\BOOKMARK [3][-]{subsubsection.2.1.1}{\376\377\000L\000o\000\040\000s\000t\000a\000t\000o\000\040\000P\000a\000t\000r\000i\000m\000o\000n\000i\000a\000l\000e}{subsection.2.1}% 8
\BOOKMARK [2][-]{subsection.2.2}{\376\377\000L\000e\000\040\000a\000t\000t\000i\000v\000i\000t\000\340}{section.2}% 9
\BOOKMARK [2][-]{subsection.2.3}{\376\377\000L\000e\000\040\000a\000t\000t\000i\000v\000i\000t\000\340\000\040\000c\000o\000r\000r\000e\000n\000t\000i\000\040\000e\000\040\000l\000e\000\040\000a\000t\000t\000i\000v\000i\000t\000\340\000\040\000i\000m\000m\000o\000b\000i\000l\000i\000z\000z\000a\000t\000e}{section.2}% 10
\BOOKMARK [3][-]{subsubsection.2.3.1}{\376\377\000L\000e\000\040\000a\000t\000t\000i\000v\000i\000t\000\340\000\040\000c\000o\000r\000r\000e\000n\000t\000i}{subsection.2.3}% 11
\BOOKMARK [3][-]{subsubsection.2.3.2}{\376\377\000L\000e\000\040\000a\000t\000t\000i\000v\000i\000t\000\340\000\040\000i\000m\000m\000o\000b\000i\000l\000i\000z\000z\000a\000t\000e}{subsection.2.3}% 12
\BOOKMARK [3][-]{subsubsection.2.3.3}{\376\377\000L\000e\000\040\000i\000m\000m\000o\000b\000i\000l\000i\000z\000z\000a\000z\000i\000o\000n\000i\000\040\000t\000e\000c\000n\000i\000c\000h\000e}{subsection.2.3}% 13
\BOOKMARK [3][-]{subsubsection.2.3.4}{\376\377\000L\000e\000\040\000i\000m\000m\000o\000b\000i\000l\000i\000z\000z\000a\000z\000i\000o\000n\000i\000\040\000i\000m\000m\000a\000t\000e\000r\000i\000a\000l\000i}{subsection.2.3}% 14
\BOOKMARK [2][-]{subsection.2.4}{\376\377\000L\000e\000\040\000p\000a\000s\000s\000i\000v\000i\000t\000\340\000\040\000c\000o\000r\000r\000e\000n\000t\000i}{section.2}% 15
\BOOKMARK [2][-]{subsection.2.5}{\376\377\000L\000e\000\040\000p\000a\000s\000s\000i\000v\000i\000t\000\340\000\040\000a\000\040\000l\000u\000n\000g\000o\000\040\000t\000e\000r\000m\000i\000n\000e}{section.2}% 16
\BOOKMARK [2][-]{subsection.2.6}{\376\377\000I\000l\000\040\000c\000a\000p\000i\000t\000a\000l\000e\000\040\000n\000e\000t\000t\000o}{section.2}% 17
\BOOKMARK [2][-]{subsection.2.7}{\376\377\000E\000s\000e\000r\000c\000i\000z\000i\000o\000\040\000s\000t\000a\000t\000o\000\040\000p\000a\000t\000r\000i\000m\000o\000n\000i\000a\000l\000e}{section.2}% 18
\BOOKMARK [1][-]{section.3}{\376\377\000I\000l\000\040\000c\000o\000n\000t\000o\000\040\000e\000c\000o\000n\000o\000m\000i\000c\000o\000\040\000e\000\040\000l\000a\000\040\000m\000i\000s\000u\000r\000a\000z\000i\000o\000n\000e\000\040\000d\000e\000i\000\040\000c\000o\000s\000t\000i}{}% 19
\BOOKMARK [2][-]{subsection.3.1}{\376\377\000I\000l\000\040\000c\000o\000n\000c\000e\000t\000t\000o\000\040\000d\000i\000\040\000c\000o\000s\000t\000o}{section.3}% 20
\BOOKMARK [3][-]{subsubsection.3.1.1}{\376\377\000L\000e\000\040\000r\000a\000g\000i\000o\000n\000i\000\040\000d\000e\000l\000\040\000c\000o\000n\000c\000e\000t\000t\000o\000\040\000d\000i\000\040\000c\000o\000s\000t\000o}{subsection.3.1}% 21
\BOOKMARK [2][-]{subsection.3.2}{\376\377\000I\000l\000\040\000c\000o\000n\000c\000e\000t\000t\000o\000\040\000d\000i\000\040\000c\000o\000s\000t\000o\000\040\000p\000e\000r\000\040\000l\000e\000\040\000a\000t\000t\000i\000v\000i\000t\000\340\000\040\000m\000o\000n\000e\000t\000a\000r\000i\000e}{section.3}% 22
\BOOKMARK [2][-]{subsection.3.3}{\376\377\000I\000l\000\040\000c\000o\000n\000c\000e\000t\000t\000o\000\040\000d\000i\000\040\000c\000o\000s\000t\000o\000\040\000p\000e\000r\000\040\000l\000e\000\040\000a\000t\000t\000i\000v\000i\000t\000\340\000\040\000n\000o\000n\000\040\000m\000o\000n\000e\000t\000a\000r\000i\000e}{section.3}% 23
\BOOKMARK [2][-]{subsection.3.4}{\376\377\000S\000p\000e\000s\000a\000,\000\040\000C\000o\000s\000t\000o\000\040\000d\000i\000\040\000c\000o\000m\000p\000e\000t\000e\000n\000z\000a\000\040\000e\000d\000\040\000e\000s\000b\000o\000r\000s\000o}{section.3}% 24
\BOOKMARK [3][-]{subsubsection.3.4.1}{\376\377\000S\000p\000e\000s\000a}{subsection.3.4}% 25
\BOOKMARK [3][-]{subsubsection.3.4.2}{\376\377\000C\000o\000s\000t\000o\000\040\000d\000i\000\040\000c\000o\000m\000p\000e\000t\000e\000n\000z\000a}{subsection.3.4}% 26
\BOOKMARK [3][-]{subsubsection.3.4.3}{\376\377\000E\000s\000b\000o\000r\000s\000o}{subsection.3.4}% 27
\BOOKMARK [2][-]{subsection.3.5}{\376\377\000I\000l\000\040\000C\000o\000n\000t\000o\000\040\000e\000c\000o\000n\000o\000m\000i\000c\000o}{section.3}% 28
\BOOKMARK [3][-]{subsubsection.3.5.1}{\376\377\000R\000i\000c\000a\000v\000i}{subsection.3.5}% 29
\BOOKMARK [3][-]{subsubsection.3.5.2}{\376\377\000C\000o\000s\000t\000i\000\040\000d\000i\000\040\000c\000o\000m\000p\000e\000t\000e\000n\000z\000a}{subsection.3.5}% 30
\BOOKMARK [2][-]{subsection.3.6}{\376\377\000T\000\040\000a\000c\000c\000o\000u\000n\000t}{section.3}% 31
\BOOKMARK [1][-]{section.4}{\376\377\000A\000n\000a\000l\000i\000s\000i\000\040\000d\000i\000\040\000B\000i\000l\000a\000n\000c\000i\000o}{}% 32
\BOOKMARK [2][-]{subsection.4.1}{\376\377\000I\000n\000d\000i\000c\000i\000\040\000d\000i\000\040\000B\000i\000l\000a\000n\000c\000i\000o}{section.4}% 33
\BOOKMARK [3][-]{subsubsection.4.1.1}{\376\377\000C\000l\000a\000s\000s\000i\000f\000i\000c\000a\000z\000i\000o\000n\000e\000\040\000d\000e\000g\000l\000i\000\040\000I\000n\000d\000i\000c\000i\000\040\000d\000i\000\040\000B\000i\000l\000a\000n\000c\000i\000o}{subsection.4.1}% 34
\BOOKMARK [2][-]{subsection.4.2}{\376\377\000I\000n\000d\000i\000c\000a\000t\000o\000r\000i\000\040\000d\000i\000\040\000P\000e\000r\000f\000o\000r\000m\000a\000n\000c\000e}{section.4}% 35
\BOOKMARK [3][-]{subsubsection.4.2.1}{\376\377\000R\000e\000d\000d\000i\000t\000i\000v\000i\000t\000\340\000\040\000d\000e\000l\000\040\000C\000a\000p\000i\000t\000a\000l\000e\000\040\000N\000e\000t\000t\000o\000\040\000\050\000R\000O\000E\000\051}{subsection.4.2}% 36
\BOOKMARK [3][-]{subsubsection.4.2.2}{\376\377\000R\000e\000d\000d\000i\000t\000i\000v\000i\000t\000\340\000\040\000d\000e\000l\000\040\000c\000a\000p\000i\000t\000a\000l\000e\000\040\000i\000n\000v\000e\000s\000t\000i\000t\000o\000\040\000\050\000R\000O\000I\000\051}{subsection.4.2}% 37
\BOOKMARK [3][-]{subsubsection.4.2.3}{\376\377\000U\000t\000i\000l\000e\000\040\000p\000e\000r\000\040\000A\000z\000i\000o\000n\000e}{subsection.4.2}% 38
\BOOKMARK [3][-]{subsubsection.4.2.4}{\376\377\000R\000a\000p\000p\000o\000r\000t\000o\000\040\000p\000r\000e\000z\000z\000o\000-\000u\000t\000i\000l\000i}{subsection.4.2}% 39
\BOOKMARK [2][-]{subsection.4.3}{\376\377\000I\000n\000d\000i\000c\000a\000t\000o\000r\000i\000\040\000d\000i\000\040\000r\000e\000d\000d\000i\000t\000i\000v\000i\000t\000\340}{section.4}% 40
\BOOKMARK [3][-]{subsubsection.4.3.1}{\376\377\000M\000a\000r\000g\000i\000n\000e\000\040\000L\000o\000r\000d\000o\000\040\000\050\000p\000e\000r\000c\000e\000n\000t\000u\000a\000l\000e\000\051}{subsection.4.3}% 41
\BOOKMARK [3][-]{subsubsection.4.3.2}{\376\377\000R\000i\000s\000u\000l\000t\000a\000t\000o\000\040\000o\000p\000e\000r\000a\000t\000i\000v\000o\000\040\000\050\000p\000e\000r\000c\000e\000n\000t\000u\000a\000l\000e\000\051}{subsection.4.3}% 42
\BOOKMARK [3][-]{subsubsection.4.3.3}{\376\377\000R\000e\000d\000d\000i\000t\000o\000\040\000n\000e\000t\000t\000o\000\040\000\050\000p\000e\000r\000c\000e\000n\000t\000u\000a\000l\000e\000\051}{subsection.4.3}% 43
\BOOKMARK [2][-]{subsection.4.4}{\376\377\000I\000n\000d\000i\000c\000a\000t\000o\000r\000i\000\040\000d\000i\000\040\000E\000f\000f\000i\000c\000i\000e\000n\000z\000a\000\040\000d\000i\000\040\000U\000t\000i\000l\000i\000z\000z\000o\000\040\000d\000e\000l\000\040\000C\000a\000p\000i\000t\000a\000l\000e}{section.4}% 44
\BOOKMARK [3][-]{subsubsection.4.4.1}{\376\377\000G\000i\000o\000r\000n\000i\000\040\000d\000i\000\040\000i\000n\000c\000a\000s\000s\000o\000\040\000d\000e\000l\000\040\000c\000r\000e\000d\000i\000t\000o\000\040\000c\000o\000m\000m\000e\000r\000c\000i\000a\000l\000e}{subsection.4.4}% 45
\BOOKMARK [3][-]{subsubsection.4.4.2}{\376\377\000R\000o\000t\000a\000z\000i\000o\000n\000e\000\040\000d\000e\000l\000l\000e\000\040\000r\000i\000m\000a\000n\000e\000n\000z\000e}{subsection.4.4}% 46
\BOOKMARK [3][-]{subsubsection.4.4.3}{\376\377\000I\000n\000d\000i\000c\000e\000\040\000d\000i\000\040\000l\000i\000q\000u\000i\000d\000i\000t\000\340}{subsection.4.4}% 47
\BOOKMARK [3][-]{subsubsection.4.4.4}{\376\377\000Q\000u\000i\000c\000k\000\040\000r\000a\000t\000i\000o\000\040\000\050\000i\000n\000d\000i\000c\000e\000\040\000s\000e\000c\000c\000o\000\040\000d\000i\000\040\000l\000i\000q\000u\000i\000d\000i\000t\000\340\000\051}{subsection.4.4}% 48
\BOOKMARK [3][-]{subsubsection.4.4.5}{\376\377\000I\000n\000d\000i\000c\000e\000\040\000d\000i\000\040\000i\000n\000d\000e\000b\000i\000t\000a\000m\000e\000n\000t\000o\000\040\000\050\000D\000e\000b\000t\000\040\000R\000a\000t\000i\000o\000\051}{subsection.4.4}% 49
\BOOKMARK [3][-]{subsubsection.4.4.6}{\376\377\000R\000o\000t\000a\000z\000i\000o\000n\000e\000\040\000d\000e\000l\000\040\000C\000a\000p\000i\000t\000a\000l\000e}{subsection.4.4}% 50
\BOOKMARK [1][-]{section.5}{\376\377\000M\000a\000n\000a\000g\000e\000m\000e\000n\000t\000\040\000A\000c\000c\000o\000u\000n\000t\000i\000n\000g}{}% 51
\BOOKMARK [2][-]{subsection.5.1}{\376\377\000C\000o\000n\000t\000a\000b\000i\000l\000i\000t\000\340\000\040\000g\000e\000n\000e\000r\000a\000l\000e\000\040\000v\000s\000\040\000c\000o\000n\000t\000a\000b\000i\000l\000i\000t\000\340\000\040\000d\000i\000r\000e\000z\000i\000o\000n\000a\000l\000e}{section.5}% 52
\BOOKMARK [3][-]{subsubsection.5.1.1}{\376\377\000T\000r\000e\000\040\000t\000i\000p\000i\000c\000h\000e\000\040\000f\000u\000n\000z\000i\000o\000n\000i\000\040\000d\000e\000l\000\040\000m\000a\000n\000a\000g\000e\000m\000e\000n\000t}{subsection.5.1}% 53
\BOOKMARK [2][-]{subsection.5.2}{\376\377\000S\000i\000m\000i\000l\000a\000r\000i\000t\000\340\000\040\000t\000r\000a\000\040\000c\000o\000n\000t\000a\000b\000i\000l\000i\000t\000\340\000\040\000g\000e\000n\000e\000r\000a\000l\000e\000\040\000e\000\040\000c\000o\000n\000t\000a\000b\000i\000l\000i\000t\000\340\000\040\000d\000i\000r\000e\000z\000i\000o\000n\000a\000l\000e}{section.5}% 54
\BOOKMARK [2][-]{subsection.5.3}{\376\377\000S\000c\000o\000p\000i\000\040\000e\000\040\000u\000s\000i\000\040\000d\000e\000l\000l\000e\000\040\000i\000n\000f\000o\000r\000m\000a\000z\000i\000o\000n\000i\000\040\000d\000e\000l\000l\000a\000\040\000c\000o\000n\000t\000a\000b\000i\000l\000i\000t\000\340\000\040\000d\000i\000r\000e\000z\000i\000o\000n\000a\000l\000e}{section.5}% 55
\BOOKMARK [3][-]{subsubsection.5.3.1}{\376\377\000S\000c\000o\000p\000o\000\040\0001\000:\000\040\000l\000a\000\040\000m\000i\000s\000u\000r\000a\000z\000i\000o\000n\000e}{subsection.5.3}% 56
\BOOKMARK [3][-]{subsubsection.5.3.2}{\376\377\000S\000c\000o\000p\000o\000\040\0002\000:\000\040\000i\000l\000\040\000c\000o\000n\000t\000r\000o\000l\000l\000o}{subsection.5.3}% 57
\BOOKMARK [3][-]{subsubsection.5.3.3}{\376\377\000S\000c\000o\000p\000o\000\040\0003\000:\000\040\000I\000l\000\040\000s\000u\000p\000p\000o\000r\000t\000o\000\040\000a\000l\000l\000e\000\040\000d\000e\000c\000i\000s\000i\000o\000n\000i}{subsection.5.3}% 58
\BOOKMARK [2][-]{subsection.5.4}{\376\377\000L\000a\000\040\000c\000l\000a\000s\000s\000i\000f\000i\000c\000a\000z\000i\000o\000n\000e\000\040\000d\000e\000i\000\040\000c\000o\000s\000t\000i}{section.5}% 59
\BOOKMARK [3][-]{subsubsection.5.4.1}{\376\377\000D\000i\000f\000f\000e\000r\000e\000n\000z\000a\000\040\000d\000e\000i\000\040\000c\000o\000s\000t\000i}{subsection.5.4}% 60
\BOOKMARK [3][-]{subsubsection.5.4.2}{\376\377\000C\000o\000s\000t\000i\000\040\000v\000a\000r\000i\000a\000b\000i\000l\000i}{subsection.5.4}% 61
\BOOKMARK [3][-]{subsubsection.5.4.3}{\376\377\000I\000\040\000c\000o\000s\000t\000i\000\040\000f\000i\000s\000s\000i}{subsection.5.4}% 62
\BOOKMARK [3][-]{subsubsection.5.4.4}{\376\377\000I\000\040\000c\000o\000s\000t\000i\000\040\000s\000e\000m\000i\000-\000v\000a\000r\000i\000a\000b\000i\000l\000i}{subsection.5.4}% 63
\BOOKMARK [2][-]{subsection.5.5}{\376\377\000R\000e\000l\000a\000z\000i\000o\000n\000e\000\040\000t\000r\000a\000\040\000c\000o\000s\000t\000i\000\040\000u\000n\000i\000t\000a\000r\000i\000\040\000e\000\040\000v\000o\000l\000u\000m\000e}{section.5}% 64
\BOOKMARK [3][-]{subsubsection.5.5.1}{\376\377\000I\000n\000t\000e\000r\000v\000a\000l\000l\000o\000\040\000d\000i\000\040\000r\000i\000l\000e\000v\000a\000n\000z\000a}{subsection.5.5}% 65
\BOOKMARK [3][-]{subsubsection.5.5.2}{\376\377\000P\000e\000r\000i\000o\000d\000o\000\040\000t\000e\000m\000p\000o\000r\000a\000l\000e\000\040\000d\000i\000\040\000r\000i\000l\000e\000v\000a\000n\000z\000a}{subsection.5.5}% 66
\BOOKMARK [3][-]{subsubsection.5.5.3}{\376\377\000C\000o\000n\000t\000e\000s\000t\000o\000\040\000a\000m\000b\000i\000e\000n\000t\000a\000l\000e}{subsection.5.5}% 67
\BOOKMARK [2][-]{subsection.5.6}{\376\377\000C\000o\000s\000t\000i\000\040\000a\000\040\000g\000r\000a\000d\000i\000n\000o}{section.5}% 68
\BOOKMARK [3][-]{subsubsection.5.6.1}{\376\377\000C\000o\000s\000t\000i\000\040\000v\000i\000s\000c\000o\000s\000i\000\040\000\050\000s\000t\000i\000c\000k\000y\000\051}{subsection.5.6}% 69
\BOOKMARK [2][-]{subsection.5.7}{\376\377\000S\000t\000i\000m\000a\000\040\000d\000e\000l\000l\000a\000\040\000r\000e\000l\000a\000z\000i\000o\000n\000e\000\040\000c\000o\000s\000t\000o\000-\000v\000o\000l\000u\000m\000e}{section.5}% 70
\BOOKMARK [3][-]{subsubsection.5.7.1}{\376\377\000R\000e\000g\000r\000e\000s\000s\000i\000o\000n\000e\000\040\000l\000i\000n\000e\000a\000r\000e\000\040\000e\000\040\000p\000r\000o\000b\000l\000e\000m\000i\000\040\000c\000o\000n\000\040\000l\000e\000\040\000s\000t\000i\000m\000e\000\040\000s\000t\000a\000t\000i\000s\000t\000i\000c\000h\000e}{subsection.5.7}% 71
\BOOKMARK [3][-]{subsubsection.5.7.2}{\376\377\000M\000i\000s\000u\000r\000a\000r\000e\000\040\000i\000l\000\040\000v\000o\000l\000u\000m\000e}{subsection.5.7}% 72
\BOOKMARK [1][-]{section.6}{\376\377\000R\000e\000l\000a\000z\000i\000o\000n\000i\000\040\000f\000r\000a\000\040\000r\000e\000d\000d\000i\000t\000o\000\040\000e\000\040\000v\000o\000l\000u\000m\000e}{}% 73
\BOOKMARK [2][-]{subsection.6.1}{\376\377\000D\000i\000a\000g\000r\000a\000m\000m\000a\000\040\000d\000e\000l\000\040\000p\000r\000o\000f\000i\000t\000t\000o}{section.6}% 74
\BOOKMARK [2][-]{subsection.6.2}{\376\377\000M\000a\000r\000g\000i\000n\000e\000\040\000d\000i\000\040\000c\000o\000n\000t\000r\000i\000b\000u\000z\000i\000o\000n\000e}{section.6}% 75
\BOOKMARK [3][-]{subsubsection.6.2.1}{\376\377\000M\000a\000r\000g\000i\000n\000e\000\040\000d\000i\000\040\000c\000o\000n\000t\000r\000i\000b\000u\000z\000i\000o\000n\000e\000\040\000p\000e\000r\000c\000e\000n\000t\000u\000a\000l\000e}{subsection.6.2}% 76
\BOOKMARK [3][-]{subsubsection.6.2.2}{\376\377\000E\000s\000e\000m\000p\000i\000o}{subsection.6.2}% 77
\BOOKMARK [2][-]{subsection.6.3}{\376\377\000C\000o\000m\000e\000\040\000m\000i\000g\000l\000i\000o\000r\000a\000r\000e\000\040\000l\000a\000\040\000p\000r\000e\000s\000t\000a\000z\000i\000o\000n\000e\000\040\000i\000n\000\040\000t\000e\000r\000m\000i\000n\000i\000\040\000d\000i\000\040\000p\000r\000o\000f\000i\000t\000t\000o}{section.6}% 78
\BOOKMARK [1][-]{section.7}{\376\377\000I\000\040\000c\000o\000s\000t\000i\000\040\000p\000i\000e\000n\000i\000\040\000e\000\040\000i\000l\000\040\000l\000o\000r\000o\000\040\000i\000m\000p\000i\000e\000g\000o}{}% 79
\BOOKMARK [2][-]{subsection.7.1}{\376\377\000I\000l\000\040\000c\000o\000n\000c\000e\000t\000t\000o\000\040\000d\000i\000\040\000c\000o\000s\000t\000o}{section.7}% 80
\BOOKMARK [2][-]{subsection.7.2}{\376\377\000I\000l\000\040\000c\000o\000s\000t\000o\000\040\000p\000i\000e\000n\000o}{section.7}% 81
\BOOKMARK [3][-]{subsubsection.7.2.1}{\376\377\000C\000o\000s\000t\000i\000\040\000d\000i\000r\000e\000t\000t\000i\000\040\000e\000\040\000c\000o\000s\000t\000i\000\040\000i\000n\000d\000i\000r\000e\000t\000t\000i}{subsection.7.2}% 82
\BOOKMARK [3][-]{subsubsection.7.2.2}{\376\377\000C\000o\000s\000t\000i\000\040\000s\000p\000e\000c\000i\000a\000l\000i\000\040\000e\000\040\000c\000o\000s\000t\000i\000\040\000c\000o\000m\000u\000n\000i}{subsection.7.2}% 83
\BOOKMARK [2][-]{subsection.7.3}{\376\377\000I\000l\000\040\000c\000o\000s\000t\000o\000\040\000d\000e\000l\000\040\000p\000r\000o\000d\000o\000t\000t\000o}{section.7}% 84
\BOOKMARK [3][-]{subsubsection.7.3.1}{\376\377\000G\000l\000i\000\040\000e\000l\000e\000m\000e\000n\000t\000i\000\040\000d\000i\000\040\000c\000o\000s\000t\000o\000\040\000d\000e\000l\000\040\000p\000r\000o\000d\000o\000t\000t\000o}{subsection.7.3}% 85
