This is pdfTeX, Version 3.141592653-2.6-1.40.25 (TeX Live 2023) (preloaded format=pdflatex 2023.8.27)  3 DEC 2023 18:49
entering extended mode
 restricted \write18 enabled.
 file:line:error style messages enabled.
 %&-line parsing enabled.
**"/home/joseph/Documents/VSCode/Latex/Anno 3 Semestre 1/Controlli Automatici/ControlliAutomatici.tex"
(/home/joseph/Documents/VSCode/Latex/Anno 3 Semestre 1/Controlli Automatici/ControlliAutomatici.tex
LaTeX2e <2023-06-01> patch level 1
L3 programming layer <2023-08-11>
(/usr/local/texlive/2023/texmf-dist/tex/latex/base/article.cls
Document Class: article 2023/05/17 v1.4n Standard LaTeX document class
(/usr/local/texlive/2023/texmf-dist/tex/latex/base/size10.clo
File: size10.clo 2023/05/17 v1.4n Standard LaTeX file (size option)
)
\c@part=\count185
\c@section=\count186
\c@subsection=\count187
\c@subsubsection=\count188
\c@paragraph=\count189
\c@subparagraph=\count190
\c@figure=\count191
\c@table=\count192
\abovecaptionskip=\skip48
\belowcaptionskip=\skip49
\bibindent=\dimen140
) (/usr/local/texlive/2023/texmf-dist/tex/latex/amsmath/amsmath.sty
Package: amsmath 2023/05/13 v2.17o AMS math features
\@mathmargin=\skip50

For additional information on amsmath, use the `?' option.
(/usr/local/texlive/2023/texmf-dist/tex/latex/amsmath/amstext.sty
Package: amstext 2021/08/26 v2.01 AMS text
 (/usr/local/texlive/2023/texmf-dist/tex/latex/amsmath/amsgen.sty
File: amsgen.sty 1999/11/30 v2.0 generic functions
\@emptytoks=\toks17
\ex@=\dimen141
)) (/usr/local/texlive/2023/texmf-dist/tex/latex/amsmath/amsbsy.sty
Package: amsbsy 1999/11/29 v1.2d Bold Symbols
\pmbraise@=\dimen142
) (/usr/local/texlive/2023/texmf-dist/tex/latex/amsmath/amsopn.sty
Package: amsopn 2022/04/08 v2.04 operator names
)
\inf@bad=\count193
LaTeX Info: Redefining \frac on input line 234.
\uproot@=\count194
\leftroot@=\count195
LaTeX Info: Redefining \overline on input line 399.
LaTeX Info: Redefining \colon on input line 410.
\classnum@=\count196
\DOTSCASE@=\count197
LaTeX Info: Redefining \ldots on input line 496.
LaTeX Info: Redefining \dots on input line 499.
LaTeX Info: Redefining \cdots on input line 620.
\Mathstrutbox@=\box51
\strutbox@=\box52
LaTeX Info: Redefining \big on input line 722.
LaTeX Info: Redefining \Big on input line 723.
LaTeX Info: Redefining \bigg on input line 724.
LaTeX Info: Redefining \Bigg on input line 725.
\big@size=\dimen143
LaTeX Font Info:    Redeclaring font encoding OML on input line 743.
LaTeX Font Info:    Redeclaring font encoding OMS on input line 744.
\macc@depth=\count198
LaTeX Info: Redefining \bmod on input line 905.
LaTeX Info: Redefining \pmod on input line 910.
LaTeX Info: Redefining \smash on input line 940.
LaTeX Info: Redefining \relbar on input line 970.
LaTeX Info: Redefining \Relbar on input line 971.
\c@MaxMatrixCols=\count199
\dotsspace@=\muskip16
\c@parentequation=\count266
\dspbrk@lvl=\count267
\tag@help=\toks18
\row@=\count268
\column@=\count269
\maxfields@=\count270
\andhelp@=\toks19
\eqnshift@=\dimen144
\alignsep@=\dimen145
\tagshift@=\dimen146
\tagwidth@=\dimen147
\totwidth@=\dimen148
\lineht@=\dimen149
\@envbody=\toks20
\multlinegap=\skip51
\multlinetaggap=\skip52
\mathdisplay@stack=\toks21
LaTeX Info: Redefining \[ on input line 2953.
LaTeX Info: Redefining \] on input line 2954.
) (/usr/local/texlive/2023/texmf-dist/tex/latex/amsfonts/amssymb.sty
Package: amssymb 2013/01/14 v3.01 AMS font symbols
 (/usr/local/texlive/2023/texmf-dist/tex/latex/amsfonts/amsfonts.sty
Package: amsfonts 2013/01/14 v3.01 Basic AMSFonts support
\symAMSa=\mathgroup4
\symAMSb=\mathgroup5
LaTeX Font Info:    Redeclaring math symbol \hbar on input line 98.
LaTeX Font Info:    Overwriting math alphabet `\mathfrak' in version `bold'
(Font)                  U/euf/m/n --> U/euf/b/n on input line 106.
)) (/usr/local/texlive/2023/texmf-dist/tex/latex/pgf/frontendlayer/tikz.sty (/usr/local/texlive/2023/texmf-dist/tex/latex/pgf/basiclayer/pgf.sty (/usr/local/texlive/2023/texmf-dist/tex/latex/pgf/utilities/pgfrcs.sty (/usr/local/texlive/2023/texmf-dist/tex/generic/pgf/utilities/pgfutil-common.tex
\pgfutil@everybye=\toks22
\pgfutil@tempdima=\dimen150
\pgfutil@tempdimb=\dimen151
) (/usr/local/texlive/2023/texmf-dist/tex/generic/pgf/utilities/pgfutil-latex.def
\pgfutil@abb=\box53
) (/usr/local/texlive/2023/texmf-dist/tex/generic/pgf/utilities/pgfrcs.code.tex (/usr/local/texlive/2023/texmf-dist/tex/generic/pgf/pgf.revision.tex)
Package: pgfrcs 2023-01-15 v3.1.10 (3.1.10)
))
Package: pgf 2023-01-15 v3.1.10 (3.1.10)
 (/usr/local/texlive/2023/texmf-dist/tex/latex/pgf/basiclayer/pgfcore.sty (/usr/local/texlive/2023/texmf-dist/tex/latex/graphics/graphicx.sty
Package: graphicx 2021/09/16 v1.2d Enhanced LaTeX Graphics (DPC,SPQR)
 (/usr/local/texlive/2023/texmf-dist/tex/latex/graphics/keyval.sty
Package: keyval 2022/05/29 v1.15 key=value parser (DPC)
\KV@toks@=\toks23
) (/usr/local/texlive/2023/texmf-dist/tex/latex/graphics/graphics.sty
Package: graphics 2022/03/10 v1.4e Standard LaTeX Graphics (DPC,SPQR)
 (/usr/local/texlive/2023/texmf-dist/tex/latex/graphics/trig.sty
Package: trig 2021/08/11 v1.11 sin cos tan (DPC)
) (/usr/local/texlive/2023/texmf-dist/tex/latex/graphics-cfg/graphics.cfg
File: graphics.cfg 2016/06/04 v1.11 sample graphics configuration
)
Package graphics Info: Driver file: pdftex.def on input line 107.
 (/usr/local/texlive/2023/texmf-dist/tex/latex/graphics-def/pdftex.def
File: pdftex.def 2022/09/22 v1.2b Graphics/color driver for pdftex
))
\Gin@req@height=\dimen152
\Gin@req@width=\dimen153
) (/usr/local/texlive/2023/texmf-dist/tex/latex/pgf/systemlayer/pgfsys.sty (/usr/local/texlive/2023/texmf-dist/tex/generic/pgf/systemlayer/pgfsys.code.tex
Package: pgfsys 2023-01-15 v3.1.10 (3.1.10)
 (/usr/local/texlive/2023/texmf-dist/tex/generic/pgf/utilities/pgfkeys.code.tex
\pgfkeys@pathtoks=\toks24
\pgfkeys@temptoks=\toks25
 (/usr/local/texlive/2023/texmf-dist/tex/generic/pgf/utilities/pgfkeyslibraryfiltered.code.tex
\pgfkeys@tmptoks=\toks26
))
\pgf@x=\dimen154
\pgf@y=\dimen155
\pgf@xa=\dimen156
\pgf@ya=\dimen157
\pgf@xb=\dimen158
\pgf@yb=\dimen159
\pgf@xc=\dimen160
\pgf@yc=\dimen161
\pgf@xd=\dimen162
\pgf@yd=\dimen163
\w@pgf@writea=\write3
\r@pgf@reada=\read2
\c@pgf@counta=\count271
\c@pgf@countb=\count272
\c@pgf@countc=\count273
\c@pgf@countd=\count274
\t@pgf@toka=\toks27
\t@pgf@tokb=\toks28
\t@pgf@tokc=\toks29
\pgf@sys@id@count=\count275
 (/usr/local/texlive/2023/texmf-dist/tex/generic/pgf/systemlayer/pgf.cfg
File: pgf.cfg 2023-01-15 v3.1.10 (3.1.10)
)
Driver file for pgf: pgfsys-pdftex.def
 (/usr/local/texlive/2023/texmf-dist/tex/generic/pgf/systemlayer/pgfsys-pdftex.def
File: pgfsys-pdftex.def 2023-01-15 v3.1.10 (3.1.10)
 (/usr/local/texlive/2023/texmf-dist/tex/generic/pgf/systemlayer/pgfsys-common-pdf.def
File: pgfsys-common-pdf.def 2023-01-15 v3.1.10 (3.1.10)
))) (/usr/local/texlive/2023/texmf-dist/tex/generic/pgf/systemlayer/pgfsyssoftpath.code.tex
File: pgfsyssoftpath.code.tex 2023-01-15 v3.1.10 (3.1.10)
\pgfsyssoftpath@smallbuffer@items=\count276
\pgfsyssoftpath@bigbuffer@items=\count277
) (/usr/local/texlive/2023/texmf-dist/tex/generic/pgf/systemlayer/pgfsysprotocol.code.tex
File: pgfsysprotocol.code.tex 2023-01-15 v3.1.10 (3.1.10)
)) (/usr/local/texlive/2023/texmf-dist/tex/latex/xcolor/xcolor.sty
Package: xcolor 2022/06/12 v2.14 LaTeX color extensions (UK)
 (/usr/local/texlive/2023/texmf-dist/tex/latex/graphics-cfg/color.cfg
File: color.cfg 2016/01/02 v1.6 sample color configuration
)
Package xcolor Info: Driver file: pdftex.def on input line 227.
 (/usr/local/texlive/2023/texmf-dist/tex/latex/graphics/mathcolor.ltx)
Package xcolor Info: Model `cmy' substituted by `cmy0' on input line 1353.
Package xcolor Info: Model `hsb' substituted by `rgb' on input line 1357.
Package xcolor Info: Model `RGB' extended on input line 1369.
Package xcolor Info: Model `HTML' substituted by `rgb' on input line 1371.
Package xcolor Info: Model `Hsb' substituted by `hsb' on input line 1372.
Package xcolor Info: Model `tHsb' substituted by `hsb' on input line 1373.
Package xcolor Info: Model `HSB' substituted by `hsb' on input line 1374.
Package xcolor Info: Model `Gray' substituted by `gray' on input line 1375.
Package xcolor Info: Model `wave' substituted by `hsb' on input line 1376.
) (/usr/local/texlive/2023/texmf-dist/tex/generic/pgf/basiclayer/pgfcore.code.tex
Package: pgfcore 2023-01-15 v3.1.10 (3.1.10)
 (/usr/local/texlive/2023/texmf-dist/tex/generic/pgf/math/pgfmath.code.tex (/usr/local/texlive/2023/texmf-dist/tex/generic/pgf/math/pgfmathutil.code.tex) (/usr/local/texlive/2023/texmf-dist/tex/generic/pgf/math/pgfmathparser.code.tex
\pgfmath@dimen=\dimen164
\pgfmath@count=\count278
\pgfmath@box=\box54
\pgfmath@toks=\toks30
\pgfmath@stack@operand=\toks31
\pgfmath@stack@operation=\toks32
) (/usr/local/texlive/2023/texmf-dist/tex/generic/pgf/math/pgfmathfunctions.code.tex) (/usr/local/texlive/2023/texmf-dist/tex/generic/pgf/math/pgfmathfunctions.basic.code.tex) (/usr/local/texlive/2023/texmf-dist/tex/generic/pgf/math/pgfmathfunctions.trigonometric.code.tex) (/usr/local/texlive/2023/texmf-dist/tex/generic/pgf/math/pgfmathfunctions.random.code.tex) (/usr/local/texlive/2023/texmf-dist/tex/generic/pgf/math/pgfmathfunctions.comparison.code.tex) (/usr/local/texlive/2023/texmf-dist/tex/generic/pgf/math/pgfmathfunctions.base.code.tex) (/usr/local/texlive/2023/texmf-dist/tex/generic/pgf/math/pgfmathfunctions.round.code.tex) (/usr/local/texlive/2023/texmf-dist/tex/generic/pgf/math/pgfmathfunctions.misc.code.tex) (/usr/local/texlive/2023/texmf-dist/tex/generic/pgf/math/pgfmathfunctions.integerarithmetics.code.tex) (/usr/local/texlive/2023/texmf-dist/tex/generic/pgf/math/pgfmathcalc.code.tex) (/usr/local/texlive/2023/texmf-dist/tex/generic/pgf/math/pgfmathfloat.code.tex
\c@pgfmathroundto@lastzeros=\count279
)) (/usr/local/texlive/2023/texmf-dist/tex/generic/pgf/math/pgfint.code.tex) (/usr/local/texlive/2023/texmf-dist/tex/generic/pgf/basiclayer/pgfcorepoints.code.tex
File: pgfcorepoints.code.tex 2023-01-15 v3.1.10 (3.1.10)
\pgf@picminx=\dimen165
\pgf@picmaxx=\dimen166
\pgf@picminy=\dimen167
\pgf@picmaxy=\dimen168
\pgf@pathminx=\dimen169
\pgf@pathmaxx=\dimen170
\pgf@pathminy=\dimen171
\pgf@pathmaxy=\dimen172
\pgf@xx=\dimen173
\pgf@xy=\dimen174
\pgf@yx=\dimen175
\pgf@yy=\dimen176
\pgf@zx=\dimen177
\pgf@zy=\dimen178
) (/usr/local/texlive/2023/texmf-dist/tex/generic/pgf/basiclayer/pgfcorepathconstruct.code.tex
File: pgfcorepathconstruct.code.tex 2023-01-15 v3.1.10 (3.1.10)
\pgf@path@lastx=\dimen179
\pgf@path@lasty=\dimen180
) (/usr/local/texlive/2023/texmf-dist/tex/generic/pgf/basiclayer/pgfcorepathusage.code.tex
File: pgfcorepathusage.code.tex 2023-01-15 v3.1.10 (3.1.10)
\pgf@shorten@end@additional=\dimen181
\pgf@shorten@start@additional=\dimen182
) (/usr/local/texlive/2023/texmf-dist/tex/generic/pgf/basiclayer/pgfcorescopes.code.tex
File: pgfcorescopes.code.tex 2023-01-15 v3.1.10 (3.1.10)
\pgfpic=\box55
\pgf@hbox=\box56
\pgf@layerbox@main=\box57
\pgf@picture@serial@count=\count280
) (/usr/local/texlive/2023/texmf-dist/tex/generic/pgf/basiclayer/pgfcoregraphicstate.code.tex
File: pgfcoregraphicstate.code.tex 2023-01-15 v3.1.10 (3.1.10)
\pgflinewidth=\dimen183
) (/usr/local/texlive/2023/texmf-dist/tex/generic/pgf/basiclayer/pgfcoretransformations.code.tex
File: pgfcoretransformations.code.tex 2023-01-15 v3.1.10 (3.1.10)
\pgf@pt@x=\dimen184
\pgf@pt@y=\dimen185
\pgf@pt@temp=\dimen186
) (/usr/local/texlive/2023/texmf-dist/tex/generic/pgf/basiclayer/pgfcorequick.code.tex
File: pgfcorequick.code.tex 2023-01-15 v3.1.10 (3.1.10)
) (/usr/local/texlive/2023/texmf-dist/tex/generic/pgf/basiclayer/pgfcoreobjects.code.tex
File: pgfcoreobjects.code.tex 2023-01-15 v3.1.10 (3.1.10)
) (/usr/local/texlive/2023/texmf-dist/tex/generic/pgf/basiclayer/pgfcorepathprocessing.code.tex
File: pgfcorepathprocessing.code.tex 2023-01-15 v3.1.10 (3.1.10)
) (/usr/local/texlive/2023/texmf-dist/tex/generic/pgf/basiclayer/pgfcorearrows.code.tex
File: pgfcorearrows.code.tex 2023-01-15 v3.1.10 (3.1.10)
\pgfarrowsep=\dimen187
) (/usr/local/texlive/2023/texmf-dist/tex/generic/pgf/basiclayer/pgfcoreshade.code.tex
File: pgfcoreshade.code.tex 2023-01-15 v3.1.10 (3.1.10)
\pgf@max=\dimen188
\pgf@sys@shading@range@num=\count281
\pgf@shadingcount=\count282
) (/usr/local/texlive/2023/texmf-dist/tex/generic/pgf/basiclayer/pgfcoreimage.code.tex
File: pgfcoreimage.code.tex 2023-01-15 v3.1.10 (3.1.10)
) (/usr/local/texlive/2023/texmf-dist/tex/generic/pgf/basiclayer/pgfcoreexternal.code.tex
File: pgfcoreexternal.code.tex 2023-01-15 v3.1.10 (3.1.10)
\pgfexternal@startupbox=\box58
) (/usr/local/texlive/2023/texmf-dist/tex/generic/pgf/basiclayer/pgfcorelayers.code.tex
File: pgfcorelayers.code.tex 2023-01-15 v3.1.10 (3.1.10)
) (/usr/local/texlive/2023/texmf-dist/tex/generic/pgf/basiclayer/pgfcoretransparency.code.tex
File: pgfcoretransparency.code.tex 2023-01-15 v3.1.10 (3.1.10)
) (/usr/local/texlive/2023/texmf-dist/tex/generic/pgf/basiclayer/pgfcorepatterns.code.tex
File: pgfcorepatterns.code.tex 2023-01-15 v3.1.10 (3.1.10)
) (/usr/local/texlive/2023/texmf-dist/tex/generic/pgf/basiclayer/pgfcorerdf.code.tex
File: pgfcorerdf.code.tex 2023-01-15 v3.1.10 (3.1.10)
))) (/usr/local/texlive/2023/texmf-dist/tex/generic/pgf/modules/pgfmoduleshapes.code.tex
File: pgfmoduleshapes.code.tex 2023-01-15 v3.1.10 (3.1.10)
\pgfnodeparttextbox=\box59
) (/usr/local/texlive/2023/texmf-dist/tex/generic/pgf/modules/pgfmoduleplot.code.tex
File: pgfmoduleplot.code.tex 2023-01-15 v3.1.10 (3.1.10)
) (/usr/local/texlive/2023/texmf-dist/tex/latex/pgf/compatibility/pgfcomp-version-0-65.sty
Package: pgfcomp-version-0-65 2023-01-15 v3.1.10 (3.1.10)
\pgf@nodesepstart=\dimen189
\pgf@nodesepend=\dimen190
) (/usr/local/texlive/2023/texmf-dist/tex/latex/pgf/compatibility/pgfcomp-version-1-18.sty
Package: pgfcomp-version-1-18 2023-01-15 v3.1.10 (3.1.10)
)) (/usr/local/texlive/2023/texmf-dist/tex/latex/pgf/utilities/pgffor.sty (/usr/local/texlive/2023/texmf-dist/tex/latex/pgf/utilities/pgfkeys.sty (/usr/local/texlive/2023/texmf-dist/tex/generic/pgf/utilities/pgfkeys.code.tex)) (/usr/local/texlive/2023/texmf-dist/tex/latex/pgf/math/pgfmath.sty (/usr/local/texlive/2023/texmf-dist/tex/generic/pgf/math/pgfmath.code.tex)) (/usr/local/texlive/2023/texmf-dist/tex/generic/pgf/utilities/pgffor.code.tex
Package: pgffor 2023-01-15 v3.1.10 (3.1.10)
\pgffor@iter=\dimen191
\pgffor@skip=\dimen192
\pgffor@stack=\toks33
\pgffor@toks=\toks34
)) (/usr/local/texlive/2023/texmf-dist/tex/generic/pgf/frontendlayer/tikz/tikz.code.tex
Package: tikz 2023-01-15 v3.1.10 (3.1.10)
 (/usr/local/texlive/2023/texmf-dist/tex/generic/pgf/libraries/pgflibraryplothandlers.code.tex
File: pgflibraryplothandlers.code.tex 2023-01-15 v3.1.10 (3.1.10)
\pgf@plot@mark@count=\count283
\pgfplotmarksize=\dimen193
)
\tikz@lastx=\dimen194
\tikz@lasty=\dimen195
\tikz@lastxsaved=\dimen196
\tikz@lastysaved=\dimen197
\tikz@lastmovetox=\dimen198
\tikz@lastmovetoy=\dimen199
\tikzleveldistance=\dimen256
\tikzsiblingdistance=\dimen257
\tikz@figbox=\box60
\tikz@figbox@bg=\box61
\tikz@tempbox=\box62
\tikz@tempbox@bg=\box63
\tikztreelevel=\count284
\tikznumberofchildren=\count285
\tikznumberofcurrentchild=\count286
\tikz@fig@count=\count287
 (/usr/local/texlive/2023/texmf-dist/tex/generic/pgf/modules/pgfmodulematrix.code.tex
File: pgfmodulematrix.code.tex 2023-01-15 v3.1.10 (3.1.10)
\pgfmatrixcurrentrow=\count288
\pgfmatrixcurrentcolumn=\count289
\pgf@matrix@numberofcolumns=\count290
)
\tikz@expandcount=\count291
 (/usr/local/texlive/2023/texmf-dist/tex/generic/pgf/frontendlayer/tikz/libraries/tikzlibrarytopaths.code.tex
File: tikzlibrarytopaths.code.tex 2023-01-15 v3.1.10 (3.1.10)
))) (/usr/local/texlive/2023/texmf-dist/tex/latex/geometry/geometry.sty
Package: geometry 2020/01/02 v5.9 Page Geometry
 (/usr/local/texlive/2023/texmf-dist/tex/generic/iftex/ifvtex.sty
Package: ifvtex 2019/10/25 v1.7 ifvtex legacy package. Use iftex instead.
 (/usr/local/texlive/2023/texmf-dist/tex/generic/iftex/iftex.sty
Package: iftex 2022/02/03 v1.0f TeX engine tests
))
\Gm@cnth=\count292
\Gm@cntv=\count293
\c@Gm@tempcnt=\count294
\Gm@bindingoffset=\dimen258
\Gm@wd@mp=\dimen259
\Gm@odd@mp=\dimen260
\Gm@even@mp=\dimen261
\Gm@layoutwidth=\dimen262
\Gm@layoutheight=\dimen263
\Gm@layouthoffset=\dimen264
\Gm@layoutvoffset=\dimen265
\Gm@dimlist=\toks35
) (/usr/local/texlive/2023/texmf-dist/tex/latex/natbib/natbib.sty
Package: natbib 2010/09/13 8.31b (PWD, AO)
\bibhang=\skip53
\bibsep=\skip54
LaTeX Info: Redefining \cite on input line 694.
\c@NAT@ctr=\count295
) (/usr/local/texlive/2023/texmf-dist/tex/latex/mwe/mwe.sty
Package: mwe 2018/03/30 v0.5 Package to support minimal working examples (MWE)
 (/usr/local/texlive/2023/texmf-dist/tex/latex/lipsum/lipsum.sty (/usr/local/texlive/2023/texmf-dist/tex/latex/l3packages/l3keys2e/l3keys2e.sty (/usr/local/texlive/2023/texmf-dist/tex/latex/l3kernel/expl3.sty
Package: expl3 2023-08-11 L3 programming layer (loader) 
 (/usr/local/texlive/2023/texmf-dist/tex/latex/l3backend/l3backend-pdftex.def
File: l3backend-pdftex.def 2023-04-19 L3 backend support: PDF output (pdfTeX)
\l__color_backend_stack_int=\count296
\l__pdf_internal_box=\box64
))
Package: l3keys2e 2023-02-02 LaTeX2e option processing using LaTeX3 keys
)
Package: lipsum 2021-09-20 v2.7 150 paragraphs of Lorem Ipsum dummy text
\g__lipsum_par_int=\count297
\l__lipsum_a_int=\count298
\l__lipsum_b_int=\count299
 (/usr/local/texlive/2023/texmf-dist/tex/latex/lipsum/lipsum.ltd.tex)) (/usr/local/texlive/2023/texmf-dist/tex/latex/blindtext/blindtext.sty
Package: blindtext 2012/01/06 V2.0 blindtext-Package
 (/usr/local/texlive/2023/texmf-dist/tex/latex/tools/xspace.sty
Package: xspace 2014/10/28 v1.13 Space after command names (DPC,MH)
)
\c@blindtext=\count300
\c@Blindtext=\count301
\c@blind@countparstart=\count302
\blind@countxx=\count303
\blindtext@numBlindtext=\count304
\blind@countyy=\count305
\c@blindlist=\count306
\c@blindlistlevel=\count307
\c@blindlist@level=\count308
\blind@listitem=\count309
\c@blind@listcount=\count310
\c@blind@levelcount=\count311
\blind@mathformula=\count312
\blind@Mathformula=\count313
\c@blind@randomcount=\count314
\c@blind@randommax=\count315
\c@blind@pangramcount=\count316
\c@blind@pangrammax=\count317
)) (/usr/local/texlive/2023/texmf-dist/tex/latex/listings/listings.sty
\lst@mode=\count318
\lst@gtempboxa=\box65
\lst@token=\toks36
\lst@length=\count319
\lst@currlwidth=\dimen266
\lst@column=\count320
\lst@pos=\count321
\lst@lostspace=\dimen267
\lst@width=\dimen268
\lst@newlines=\count322
\lst@lineno=\count323
\lst@maxwidth=\dimen269
 (/usr/local/texlive/2023/texmf-dist/tex/latex/listings/lstmisc.sty
File: lstmisc.sty 2023/02/27 1.9 (Carsten Heinz)
\c@lstnumber=\count324
\lst@skipnumbers=\count325
\lst@framebox=\box66
) (/usr/local/texlive/2023/texmf-dist/tex/latex/listings/listings.cfg
File: listings.cfg 2023/02/27 1.9 listings configuration
))
Package: listings 2023/02/27 1.9 (Carsten Heinz)
 (/usr/local/texlive/2023/texmf-dist/tex/latex/tools/tabularx.sty
Package: tabularx 2020/01/15 v2.11c `tabularx' package (DPC)
 (/usr/local/texlive/2023/texmf-dist/tex/latex/tools/array.sty
Package: array 2022/09/04 v2.5g Tabular extension package (FMi)
\col@sep=\dimen270
\ar@mcellbox=\box67
\extrarowheight=\dimen271
\NC@list=\toks37
\extratabsurround=\skip55
\backup@length=\skip56
\ar@cellbox=\box68
)
\TX@col@width=\dimen272
\TX@old@table=\dimen273
\TX@old@col=\dimen274
\TX@target=\dimen275
\TX@delta=\dimen276
\TX@cols=\count326
\TX@ftn=\toks38
) (/usr/local/texlive/2023/texmf-dist/tex/latex/pdfpages/pdfpages.sty
Package: pdfpages 2022/12/19 v0.5x Insert pages of external PDF documents (AM)
 (/usr/local/texlive/2023/texmf-dist/tex/latex/base/ifthen.sty
Package: ifthen 2022/04/13 v1.1d Standard LaTeX ifthen package (DPC)
) (/usr/local/texlive/2023/texmf-dist/tex/latex/tools/calc.sty
Package: calc 2017/05/25 v4.3 Infix arithmetic (KKT,FJ)
\calc@Acount=\count327
\calc@Bcount=\count328
\calc@Adimen=\dimen277
\calc@Bdimen=\dimen278
\calc@Askip=\skip57
\calc@Bskip=\skip58
LaTeX Info: Redefining \setlength on input line 80.
LaTeX Info: Redefining \addtolength on input line 81.
\calc@Ccount=\count329
\calc@Cskip=\skip59
) (/usr/local/texlive/2023/texmf-dist/tex/latex/eso-pic/eso-pic.sty
Package: eso-pic 2023/05/03 v3.0c eso-pic (RN)
\ESO@tempdima=\dimen279
\ESO@tempdimb=\dimen280
)
\AM@pagewidth=\dimen281
\AM@pageheight=\dimen282
\AM@fboxrule=\dimen283
 (/usr/local/texlive/2023/texmf-dist/tex/latex/pdfpages/pppdftex.def
File: pppdftex.def 2022/12/19 v0.5x Pdfpages driver for pdfTeX (AM)
)
\pdfpages@includegraphics@status=\count330
\AM@pagebox=\box69
\AM@global@opts=\toks39
\AM@pagecnt=\count331
\AM@toc@title=\toks40
\AM@lof@heading=\toks41
\c@AM@survey=\count332
\AM@templatesizebox=\box70
) (/usr/local/texlive/2023/texmf-dist/tex/latex/mathtools/mathtools.sty
Package: mathtools 2022/06/29 v1.29 mathematical typesetting tools
 (/usr/local/texlive/2023/texmf-dist/tex/latex/mathtools/mhsetup.sty
Package: mhsetup 2021/03/18 v1.4 programming setup (MH)
)
\g_MT_multlinerow_int=\count333
\l_MT_multwidth_dim=\dimen284
\origjot=\skip60
\l_MT_shortvdotswithinadjustabove_dim=\dimen285
\l_MT_shortvdotswithinadjustbelow_dim=\dimen286
\l_MT_above_intertext_sep=\dimen287
\l_MT_below_intertext_sep=\dimen288
\l_MT_above_shortintertext_sep=\dimen289
\l_MT_below_shortintertext_sep=\dimen290
\xmathstrut@box=\box71
\xmathstrut@dim=\dimen291
) (/usr/local/texlive/2023/texmf-dist/tex/latex/stackengine/stackengine.sty
Package: stackengine 2021/07/22 v4.11\ Stacking text and objects in convenient ways
 (/usr/local/texlive/2023/texmf-dist/tex/latex/etoolbox/etoolbox.sty
Package: etoolbox 2020/10/05 v2.5k e-TeX tools for LaTeX (JAW)
\etb@tempcnta=\count334
) (/usr/local/texlive/2023/texmf-dist/tex/generic/listofitems/listofitems.sty (/usr/local/texlive/2023/texmf-dist/tex/generic/listofitems/listofitems.tex
\loi_cnt_foreach_nest=\count335
\loi_nestcnt=\count336
)
Package: listofitems 2019/08/21 v1.63 Grab items in lists using user-specified sep char (CT)
)
\c@@stackindex=\count337
\@boxshift=\skip61
\stack@tmplength=\skip62
\temp@stkl=\skip63
\@stackedboxwidth=\skip64
\@addedbox=\box72
\@anchorbox=\box73
\@insetbox=\box74
\se@backgroundbox=\box75
\stackedbox=\box76
\@centerbox=\box77
\c@ROWcellindex@=\count338
) (/usr/local/texlive/2023/texmf-dist/tex/latex/pgfplots/pgfplots.sty (/usr/local/texlive/2023/texmf-dist/tex/generic/pgfplots/pgfplots.revision.tex)
Package: pgfplots 2021/05/15 v1.18.1 Data Visualization (1.18.1)
 (/usr/local/texlive/2023/texmf-dist/tex/generic/pgfplots/pgfplots.code.tex (/usr/local/texlive/2023/texmf-dist/tex/generic/pgfplots/pgfplotscore.code.tex
\t@pgfplots@toka=\toks42
\t@pgfplots@tokb=\toks43
\t@pgfplots@tokc=\toks44
\pgfplots@tmpa=\dimen292
\c@pgfplots@coordindex=\count339
\c@pgfplots@scanlineindex=\count340
 (/usr/local/texlive/2023/texmf-dist/tex/generic/pgfplots/sys/pgfplotssysgeneric.code.tex)) (/usr/local/texlive/2023/texmf-dist/tex/generic/pgfplots/libs/pgfplotslibrary.code.tex) (/usr/local/texlive/2023/texmf-dist/tex/generic/pgfplots/oldpgfcompatib/pgfplotsoldpgfsupp_loader.code.tex (/usr/local/texlive/2023/texmf-dist/tex/generic/pgf/libraries/pgflibraryfpu.code.tex)
Package pgfplots: loading complementary utilities for your pgf version...
\t@pgf@toka=\toks45
\t@pgf@tokb=\toks46
\t@pgf@tokc=\toks47
(/usr/local/texlive/2023/texmf-dist/tex/generic/pgfplots/oldpgfcompatib/pgfplotsoldpgfsupp_pgfutil-common-lists.tex)) (/usr/local/texlive/2023/texmf-dist/tex/generic/pgfplots/util/pgfplotsutil.code.tex (/usr/local/texlive/2023/texmf-dist/tex/generic/pgfplots/liststructure/pgfplotsliststructure.code.tex) (/usr/local/texlive/2023/texmf-dist/tex/generic/pgfplots/liststructure/pgfplotsliststructureext.code.tex) (/usr/local/texlive/2023/texmf-dist/tex/generic/pgfplots/liststructure/pgfplotsarray.code.tex
\c@pgfplotsarray@tmp=\count341
) (/usr/local/texlive/2023/texmf-dist/tex/generic/pgfplots/liststructure/pgfplotsmatrix.code.tex) (/usr/local/texlive/2023/texmf-dist/tex/generic/pgfplots/numtable/pgfplotstableshared.code.tex
\c@pgfplotstable@counta=\count342
\t@pgfplotstable@a=\toks48
) (/usr/local/texlive/2023/texmf-dist/tex/generic/pgfplots/liststructure/pgfplotsdeque.code.tex) (/usr/local/texlive/2023/texmf-dist/tex/generic/pgfplots/util/pgfplotsbinary.code.tex (/usr/local/texlive/2023/texmf-dist/tex/generic/pgfplots/util/pgfplotsbinary.data.code.tex)) (/usr/local/texlive/2023/texmf-dist/tex/generic/pgfplots/util/pgfplotsutil.verb.code.tex) (/usr/local/texlive/2023/texmf-dist/tex/generic/pgfplots/libs/pgflibrarypgfplots.surfshading.code.tex
\c@pgfplotslibrarysurf@no=\count343
 (/usr/local/texlive/2023/texmf-dist/tex/generic/pgfplots/sys/pgflibrarypgfplots.surfshading.pgfsys-pdftex.def))) (/usr/local/texlive/2023/texmf-dist/tex/generic/pgfplots/util/pgfplotscolormap.code.tex (/usr/local/texlive/2023/texmf-dist/tex/generic/pgfplots/util/pgfplotscolor.code.tex)) (/usr/local/texlive/2023/texmf-dist/tex/generic/pgfplots/pgfplotsstackedplots.code.tex) (/usr/local/texlive/2023/texmf-dist/tex/generic/pgfplots/pgfplotsplothandlers.code.tex (/usr/local/texlive/2023/texmf-dist/tex/generic/pgfplots/pgfplotsmeshplothandler.code.tex (/usr/local/texlive/2023/texmf-dist/tex/generic/pgfplots/pgfplotsmeshplotimage.code.tex))) (/usr/local/texlive/2023/texmf-dist/tex/generic/pgfplots/pgfplots.scaling.code.tex) (/usr/local/texlive/2023/texmf-dist/tex/generic/pgfplots/pgfplotscoordprocessing.code.tex) (/usr/local/texlive/2023/texmf-dist/tex/generic/pgfplots/pgfplots.errorbars.code.tex) (/usr/local/texlive/2023/texmf-dist/tex/generic/pgfplots/pgfplots.markers.code.tex) (/usr/local/texlive/2023/texmf-dist/tex/generic/pgfplots/pgfplotsticks.code.tex) (/usr/local/texlive/2023/texmf-dist/tex/generic/pgfplots/pgfplots.paths.code.tex) (/usr/local/texlive/2023/texmf-dist/tex/generic/pgf/frontendlayer/tikz/libraries/tikzlibrarydecorations.code.tex (/usr/local/texlive/2023/texmf-dist/tex/generic/pgf/modules/pgfmoduledecorations.code.tex
\pgfdecoratedcompleteddistance=\dimen293
\pgfdecoratedremainingdistance=\dimen294
\pgfdecoratedinputsegmentcompleteddistance=\dimen295
\pgfdecoratedinputsegmentremainingdistance=\dimen296
\pgf@decorate@distancetomove=\dimen297
\pgf@decorate@repeatstate=\count344
\pgfdecorationsegmentamplitude=\dimen298
\pgfdecorationsegmentlength=\dimen299
)
\tikz@lib@dec@box=\box78
) (/usr/local/texlive/2023/texmf-dist/tex/generic/pgf/frontendlayer/tikz/libraries/tikzlibrarydecorations.pathmorphing.code.tex (/usr/local/texlive/2023/texmf-dist/tex/generic/pgf/libraries/decorations/pgflibrarydecorations.pathmorphing.code.tex)) (/usr/local/texlive/2023/texmf-dist/tex/generic/pgf/frontendlayer/tikz/libraries/tikzlibrarydecorations.pathreplacing.code.tex (/usr/local/texlive/2023/texmf-dist/tex/generic/pgf/libraries/decorations/pgflibrarydecorations.pathreplacing.code.tex)) (/usr/local/texlive/2023/texmf-dist/tex/generic/pgfplots/libs/tikzlibrarypgfplots.contourlua.code.tex)
\pgfplots@numplots=\count345
\pgfplots@xmin@reg=\dimen300
\pgfplots@xmax@reg=\dimen301
\pgfplots@ymin@reg=\dimen302
\pgfplots@ymax@reg=\dimen303
\pgfplots@zmin@reg=\dimen304
\pgfplots@zmax@reg=\dimen305
) (/usr/local/texlive/2023/texmf-dist/tex/generic/pgf/frontendlayer/tikz/libraries/tikzlibraryplotmarks.code.tex
File: tikzlibraryplotmarks.code.tex 2023-01-15 v3.1.10 (3.1.10)
 (/usr/local/texlive/2023/texmf-dist/tex/generic/pgf/libraries/pgflibraryplotmarks.code.tex
File: pgflibraryplotmarks.code.tex 2023-01-15 v3.1.10 (3.1.10)
))) (/usr/local/texlive/2023/texmf-dist/tex/latex/bigints/bigints.sty
Package: bigints 2010/02/15 Writing big integrals
Package bigints Info: This is Bigints by Merciadri Luca. on input line 5.
) (/usr/local/texlive/2023/texmf-dist/tex/latex/relsize/relsize.sty
Package: relsize 2013/03/29 ver 4.1
) (/usr/local/texlive/2023/texmf-dist/tex/latex/was/upgreek.sty
Package: upgreek 2003/02/12 v2.0 (WaS)
Package upgreek Info: Using Euler Roman for upright Greek on input line 31.
\symugrf@m=\mathgroup6
LaTeX Font Info:    Overwriting symbol font `ugrf@m' in version `bold'
(Font)                  U/eur/m/n --> U/eur/b/n on input line 38.
) (/usr/local/texlive/2023/texmf-dist/tex/latex/esint/esint.sty
Package: esint 
\symlargesymbolsA=\mathgroup7
) (/usr/local/texlive/2023/texmf-dist/tex/latex/multirow/multirow.sty
Package: multirow 2021/03/15 v2.8 Span multiple rows of a table
\multirow@colwidth=\skip65
\multirow@cntb=\count346
\multirow@dima=\skip66
\bigstrutjot=\dimen306
) (/usr/local/texlive/2023/texmf-dist/tex/generic/schemata/schemata.sty
Package: schemata 2021/02/27 1.4 generic package to aid construction of topical categories
\@schemata@rhs=\box79
\@schemata@lhs=\box80
\@schemata@rheight=\dimen307
\@schemata@lheight=\dimen308
\@schemata@one=\dimen309
\@schemata@two=\dimen310
\@schemata@three=\dimen311
) (/usr/local/texlive/2023/texmf-dist/tex/latex/wrapfig/wrapfig.sty
\wrapoverhang=\dimen312
\WF@size=\dimen313
\c@WF@wrappedlines=\count347
\WF@box=\box81
\WF@everypar=\toks49
Package: wrapfig 2003/01/31  v 3.6
) (/usr/local/texlive/2023/texmf-dist/tex/latex/cancel/cancel.sty
Package: cancel 2013/04/12 v2.2 Cancel math terms
) (/usr/local/texlive/2023/texmf-dist/tex/latex/comment/comment.sty
\CommentStream=\write4
 Excluding comment 'comment') (/usr/local/texlive/2023/texmf-dist/tex/latex/hyperref/hyperref.sty
Package: hyperref 2023-07-08 v7.01b Hypertext links for LaTeX
 (/usr/local/texlive/2023/texmf-dist/tex/generic/ltxcmds/ltxcmds.sty
Package: ltxcmds 2020-05-10 v1.25 LaTeX kernel commands for general use (HO)
) (/usr/local/texlive/2023/texmf-dist/tex/generic/pdftexcmds/pdftexcmds.sty
Package: pdftexcmds 2020-06-27 v0.33 Utility functions of pdfTeX for LuaTeX (HO)
 (/usr/local/texlive/2023/texmf-dist/tex/generic/infwarerr/infwarerr.sty
Package: infwarerr 2019/12/03 v1.5 Providing info/warning/error messages (HO)
)
Package pdftexcmds Info: \pdf@primitive is available.
Package pdftexcmds Info: \pdf@ifprimitive is available.
Package pdftexcmds Info: \pdfdraftmode found.
) (/usr/local/texlive/2023/texmf-dist/tex/latex/kvsetkeys/kvsetkeys.sty
Package: kvsetkeys 2022-10-05 v1.19 Key value parser (HO)
) (/usr/local/texlive/2023/texmf-dist/tex/generic/kvdefinekeys/kvdefinekeys.sty
Package: kvdefinekeys 2019-12-19 v1.6 Define keys (HO)
) (/usr/local/texlive/2023/texmf-dist/tex/generic/pdfescape/pdfescape.sty
Package: pdfescape 2019/12/09 v1.15 Implements pdfTeX's escape features (HO)
) (/usr/local/texlive/2023/texmf-dist/tex/latex/hycolor/hycolor.sty
Package: hycolor 2020-01-27 v1.10 Color options for hyperref/bookmark (HO)
) (/usr/local/texlive/2023/texmf-dist/tex/latex/letltxmacro/letltxmacro.sty
Package: letltxmacro 2019/12/03 v1.6 Let assignment for LaTeX macros (HO)
) (/usr/local/texlive/2023/texmf-dist/tex/latex/auxhook/auxhook.sty
Package: auxhook 2019-12-17 v1.6 Hooks for auxiliary files (HO)
) (/usr/local/texlive/2023/texmf-dist/tex/latex/hyperref/nameref.sty
Package: nameref 2023-08-07 v2.53 Cross-referencing by name of section
 (/usr/local/texlive/2023/texmf-dist/tex/latex/refcount/refcount.sty
Package: refcount 2019/12/15 v3.6 Data extraction from label references (HO)
) (/usr/local/texlive/2023/texmf-dist/tex/generic/gettitlestring/gettitlestring.sty
Package: gettitlestring 2019/12/15 v1.6 Cleanup title references (HO)
 (/usr/local/texlive/2023/texmf-dist/tex/latex/kvoptions/kvoptions.sty
Package: kvoptions 2022-06-15 v3.15 Key value format for package options (HO)
))
\c@section@level=\count348
)
\@linkdim=\dimen314
\Hy@linkcounter=\count349
\Hy@pagecounter=\count350
 (/usr/local/texlive/2023/texmf-dist/tex/latex/hyperref/pd1enc.def
File: pd1enc.def 2023-07-08 v7.01b Hyperref: PDFDocEncoding definition (HO)
Now handling font encoding PD1 ...
... no UTF-8 mapping file for font encoding PD1
) (/usr/local/texlive/2023/texmf-dist/tex/generic/intcalc/intcalc.sty
Package: intcalc 2019/12/15 v1.3 Expandable calculations with integers (HO)
)
\Hy@SavedSpaceFactor=\count351
 (/usr/local/texlive/2023/texmf-dist/tex/latex/hyperref/puenc.def
File: puenc.def 2023-07-08 v7.01b Hyperref: PDF Unicode definition (HO)
Now handling font encoding PU ...
... no UTF-8 mapping file for font encoding PU
)
Package hyperref Info: Hyper figures OFF on input line 4167.
Package hyperref Info: Link nesting OFF on input line 4172.
Package hyperref Info: Hyper index ON on input line 4175.
Package hyperref Info: Plain pages OFF on input line 4182.
Package hyperref Info: Backreferencing OFF on input line 4187.
Package hyperref Info: Implicit mode ON; LaTeX internals redefined.
Package hyperref Info: Bookmarks ON on input line 4434.
\c@Hy@tempcnt=\count352
 (/usr/local/texlive/2023/texmf-dist/tex/latex/url/url.sty
\Urlmuskip=\muskip17
Package: url 2013/09/16  ver 3.4  Verb mode for urls, etc.
)
LaTeX Info: Redefining \url on input line 4772.
\XeTeXLinkMargin=\dimen315
 (/usr/local/texlive/2023/texmf-dist/tex/generic/bitset/bitset.sty
Package: bitset 2019/12/09 v1.3 Handle bit-vector datatype (HO)
 (/usr/local/texlive/2023/texmf-dist/tex/generic/bigintcalc/bigintcalc.sty
Package: bigintcalc 2019/12/15 v1.5 Expandable calculations on big integers (HO)
))
\Fld@menulength=\count353
\Field@Width=\dimen316
\Fld@charsize=\dimen317
Package hyperref Info: Hyper figures OFF on input line 6051.
Package hyperref Info: Link nesting OFF on input line 6056.
Package hyperref Info: Hyper index ON on input line 6059.
Package hyperref Info: backreferencing OFF on input line 6066.
Package hyperref Info: Link coloring OFF on input line 6071.
Package hyperref Info: Link coloring with OCG OFF on input line 6076.
Package hyperref Info: PDF/A mode OFF on input line 6081.
 (/usr/local/texlive/2023/texmf-dist/tex/latex/base/atbegshi-ltx.sty
Package: atbegshi-ltx 2021/01/10 v1.0c Emulation of the original atbegshi
package with kernel methods
)
\Hy@abspage=\count354
\c@Item=\count355
\c@Hfootnote=\count356
)
Package hyperref Info: Driver (autodetected): hpdftex.
 (/usr/local/texlive/2023/texmf-dist/tex/latex/hyperref/hpdftex.def
File: hpdftex.def 2023-07-08 v7.01b Hyperref driver for pdfTeX
 (/usr/local/texlive/2023/texmf-dist/tex/latex/base/atveryend-ltx.sty
Package: atveryend-ltx 2020/08/19 v1.0a Emulation of the original atveryend package
with kernel methods
)
\Fld@listcount=\count357
\c@bookmark@seq@number=\count358
 (/usr/local/texlive/2023/texmf-dist/tex/latex/rerunfilecheck/rerunfilecheck.sty
Package: rerunfilecheck 2022-07-10 v1.10 Rerun checks for auxiliary files (HO)
 (/usr/local/texlive/2023/texmf-dist/tex/generic/uniquecounter/uniquecounter.sty
Package: uniquecounter 2019/12/15 v1.4 Provide unlimited unique counter (HO)
)
Package uniquecounter Info: New unique counter `rerunfilecheck' on input line 285.
)
\Hy@SectionHShift=\skip67
) (/usr/local/texlive/2023/texmf-dist/tex/latex/carlisle/slashed.sty
Package: slashed 1997/01/16 v0.01 Feynman Slashed Character Notation (DPC)
) (/usr/local/texlive/2023/texmf-dist/tex/latex/enumitem/enumitem.sty
Package: enumitem 2019/06/20 v3.9 Customized lists
\labelindent=\skip68
\enit@outerparindent=\dimen318
\enit@toks=\toks50
\enit@inbox=\box82
\enit@count@id=\count359
\enitdp@description=\count360
) (/usr/local/texlive/2023/texmf-dist/tex/latex/titlesec/titlesec.sty
Package: titlesec 2021/07/05 v2.14 Sectioning titles
\ttl@box=\box83
\beforetitleunit=\skip69
\aftertitleunit=\skip70
\ttl@plus=\dimen319
\ttl@minus=\dimen320
\ttl@toksa=\toks51
\titlewidth=\dimen321
\titlewidthlast=\dimen322
\titlewidthfirst=\dimen323
) (/usr/local/texlive/2023/texmf-dist/tex/latex/adjustbox/adjustbox.sty
Package: adjustbox 2022/10/17 v1.3a Adjusting TeX boxes (trim, clip, ...)
 (/usr/local/texlive/2023/texmf-dist/tex/latex/xkeyval/xkeyval.sty
Package: xkeyval 2022/06/16 v2.9 package option processing (HA)
 (/usr/local/texlive/2023/texmf-dist/tex/generic/xkeyval/xkeyval.tex (/usr/local/texlive/2023/texmf-dist/tex/generic/xkeyval/xkvutils.tex
\XKV@toks=\toks52
\XKV@tempa@toks=\toks53
)
\XKV@depth=\count361
File: xkeyval.tex 2014/12/03 v2.7a key=value parser (HA)
)) (/usr/local/texlive/2023/texmf-dist/tex/latex/adjustbox/adjcalc.sty
Package: adjcalc 2012/05/16 v1.1 Provides advanced setlength with multiple back-ends (calc, etex, pgfmath)
) (/usr/local/texlive/2023/texmf-dist/tex/latex/adjustbox/trimclip.sty
Package: trimclip 2020/08/19 v1.2 Trim and clip general TeX material
 (/usr/local/texlive/2023/texmf-dist/tex/latex/collectbox/collectbox.sty
Package: collectbox 2022/10/17 v0.4c Collect macro arguments as boxes
\collectedbox=\box84
)
\tc@llx=\dimen324
\tc@lly=\dimen325
\tc@urx=\dimen326
\tc@ury=\dimen327
Package trimclip Info: Using driver 'tc-pdftex.def'.
 (/usr/local/texlive/2023/texmf-dist/tex/latex/adjustbox/tc-pdftex.def
File: tc-pdftex.def 2019/01/04 v2.2 Clipping driver for pdftex
))
\adjbox@Width=\dimen328
\adjbox@Height=\dimen329
\adjbox@Depth=\dimen330
\adjbox@Totalheight=\dimen331
\adjbox@pwidth=\dimen332
\adjbox@pheight=\dimen333
\adjbox@pdepth=\dimen334
\adjbox@ptotalheight=\dimen335
 (/usr/local/texlive/2023/texmf-dist/tex/latex/ifoddpage/ifoddpage.sty
Package: ifoddpage 2022/10/18 v1.2 Conditionals for odd/even page detection
\c@checkoddpage=\count362
) (/usr/local/texlive/2023/texmf-dist/tex/latex/varwidth/varwidth.sty
Package: varwidth 2009/03/30 ver 0.92;  Variable-width minipages
\@vwid@box=\box85
\sift@deathcycles=\count363
\@vwid@loff=\dimen336
\@vwid@roff=\dimen337
)) (/usr/local/texlive/2023/texmf-dist/tex/generic/pgf/frontendlayer/tikz/libraries/tikzlibrarypositioning.code.tex
File: tikzlibrarypositioning.code.tex 2023-01-15 v3.1.10 (3.1.10)
) Excluding 'comment' comment.
Package hyperref Info: Option `colorlinks' set `true' on input line 53.
 (./ControlliAutomatici.aux)
\openout1 = `ControlliAutomatici.aux'.

LaTeX Font Info:    Checking defaults for OML/cmm/m/it on input line 77.
LaTeX Font Info:    ... okay on input line 77.
LaTeX Font Info:    Checking defaults for OMS/cmsy/m/n on input line 77.
LaTeX Font Info:    ... okay on input line 77.
LaTeX Font Info:    Checking defaults for OT1/cmr/m/n on input line 77.
LaTeX Font Info:    ... okay on input line 77.
LaTeX Font Info:    Checking defaults for T1/cmr/m/n on input line 77.
LaTeX Font Info:    ... okay on input line 77.
LaTeX Font Info:    Checking defaults for TS1/cmr/m/n on input line 77.
LaTeX Font Info:    ... okay on input line 77.
LaTeX Font Info:    Checking defaults for OMX/cmex/m/n on input line 77.
LaTeX Font Info:    ... okay on input line 77.
LaTeX Font Info:    Checking defaults for U/cmr/m/n on input line 77.
LaTeX Font Info:    ... okay on input line 77.
LaTeX Font Info:    Checking defaults for PD1/pdf/m/n on input line 77.
LaTeX Font Info:    ... okay on input line 77.
LaTeX Font Info:    Checking defaults for PU/pdf/m/n on input line 77.
LaTeX Font Info:    ... okay on input line 77.
 (/usr/local/texlive/2023/texmf-dist/tex/context/base/mkii/supp-pdf.mkii
[Loading MPS to PDF converter (version 2006.09.02).]
\scratchcounter=\count364
\scratchdimen=\dimen338
\scratchbox=\box86
\nofMPsegments=\count365
\nofMParguments=\count366
\everyMPshowfont=\toks54
\MPscratchCnt=\count367
\MPscratchDim=\dimen339
\MPnumerator=\count368
\makeMPintoPDFobject=\count369
\everyMPtoPDFconversion=\toks55
) (/usr/local/texlive/2023/texmf-dist/tex/latex/epstopdf-pkg/epstopdf-base.sty
Package: epstopdf-base 2020-01-24 v2.11 Base part for package epstopdf
Package epstopdf-base Info: Redefining graphics rule for `.eps' on input line 485.
 (/usr/local/texlive/2023/texmf-dist/tex/latex/latexconfig/epstopdf-sys.cfg
File: epstopdf-sys.cfg 2010/07/13 v1.3 Configuration of (r)epstopdf for TeX Live
))
*geometry* driver: auto-detecting
*geometry* detected driver: pdftex
*geometry* verbose mode - [ preamble ] result:
* driver: pdftex
* paper: a4paper
* layout: <same size as paper>
* layoutoffset:(h,v)=(0.0pt,0.0pt)
* modes: 
* h-part:(L,W,R)=(28.45274pt, 540.60239pt, 28.45274pt)
* v-part:(T,H,B)=(28.45274pt, 715.18745pt, 101.40665pt)
* \paperwidth=597.50787pt
* \paperheight=845.04684pt
* \textwidth=540.60239pt
* \textheight=715.18745pt
* \oddsidemargin=-43.81725pt
* \evensidemargin=-43.81725pt
* \topmargin=-80.81725pt
* \headheight=12.0pt
* \headsep=25.0pt
* \topskip=10.0pt
* \footskip=30.0pt
* \marginparwidth=65.0pt
* \marginparsep=11.0pt
* \columnsep=10.0pt
* \skip\footins=9.0pt plus 4.0pt minus 2.0pt
* \hoffset=0.0pt
* \voffset=0.0pt
* \mag=1000
* \@twocolumnfalse
* \@twosidefalse
* \@mparswitchfalse
* \@reversemarginfalse
* (1in=72.27pt=25.4mm, 1cm=28.453pt)

\c@lstlisting=\count370
(/usr/local/texlive/2023/texmf-dist/tex/latex/pdflscape/pdflscape.sty
Package: pdflscape 2022-10-27 v0.13 Display of landscape pages in PDF
 (/usr/local/texlive/2023/texmf-dist/tex/latex/pdflscape/pdflscape-nometadata.sty
Package: pdflscape-nometadata 2022-10-28 v0.13 Display of landscape pages in PDF (HO)
 (/usr/local/texlive/2023/texmf-dist/tex/latex/graphics/lscape.sty
Package: lscape 2020/05/28 v3.02 Landscape Pages (DPC)
)
Package pdflscape Info: Auto-detected driver: pdftex on input line 81.
))
Package pgfplots notification 'compat/show suggested version=true': you might benefit from \pgfplotsset{compat=1.18} (current compat level: 1.9).

Package hyperref Info: Link coloring ON on input line 77.
(./ControlliAutomatici.out) (./ControlliAutomatici.out)
\@outlinefile=\write5
\openout5 = `ControlliAutomatici.out'.

 (./ControlliAutomatici.toc
LaTeX Font Info:    Trying to load font information for U+msa on input line 2.
 (/usr/local/texlive/2023/texmf-dist/tex/latex/amsfonts/umsa.fd
File: umsa.fd 2013/01/14 v3.01 AMS symbols A
)
LaTeX Font Info:    Trying to load font information for U+msb on input line 2.
 (/usr/local/texlive/2023/texmf-dist/tex/latex/amsfonts/umsb.fd
File: umsb.fd 2013/01/14 v3.01 AMS symbols B
)
LaTeX Font Info:    Trying to load font information for U+esint on input line 2.
 (/usr/local/texlive/2023/texmf-dist/tex/latex/esint/uesint.fd
File: uesint.fd 
) [1

{/usr/local/texlive/2023/texmf-var/fonts/map/pdftex/updmap/pdftex.map}] [2])
\tf@toc=\write6
\openout6 = `ControlliAutomatici.toc'.

 [3]
<Images/Schema_sistema.png, id=742, 740.7675pt x 442.65375pt>
File: Images/Schema_sistema.png Graphic file (type png)
<use Images/Schema_sistema.png>
Package pdftex.def Info: Images/Schema_sistema.png  used on input line 104.
(pdftex.def)             Requested size: 222.23196pt x 132.79713pt.
<Images/Anello_aperto.png, id=744, 1097.09875pt x 286.06876pt>
File: Images/Anello_aperto.png Graphic file (type png)
<use Images/Anello_aperto.png>
Package pdftex.def Info: Images/Anello_aperto.png  used on input line 127.
(pdftex.def)             Requested size: 351.07878pt x 91.54387pt.
<Images/Anello_chiuso.png, id=745, 1139.25626pt x 399.4925pt>
File: Images/Anello_chiuso.png Graphic file (type png)
<use Images/Anello_chiuso.png>
Package pdftex.def Info: Images/Anello_chiuso.png  used on input line 131.
(pdftex.def)             Requested size: 341.77951pt x 119.84866pt.
 [4{/usr/local/texlive/2023/texmf-dist/fonts/enc/dvips/cm-super/cm-super-ts1.enc} <./Images/Schema_sistema.png> <./Images/Anello_aperto.png>]
<Images/Es_cirucito_elettrico.png, id=755, 1035.87pt x 798.985pt>
File: Images/Es_cirucito_elettrico.png Graphic file (type png)
<use Images/Es_cirucito_elettrico.png>
Package pdftex.def Info: Images/Es_cirucito_elettrico.png  used on input line 154.
(pdftex.def)             Requested size: 207.17032pt x 159.79416pt.
 [5 <./Images/Anello_chiuso.png> <./Images/Es_cirucito_elettrico.png>] [6]
LaTeX Font Info:    Trying to load font information for OT1+lmtt on input line 295.
 (/usr/local/texlive/2023/texmf-dist/tex/latex/lm/ot1lmtt.fd
File: ot1lmtt.fd 2015/05/01 v1.6.1 Font defs for Latin Modern
)
<Images/Es_carrello.png, id=779, 847.165pt x 527.9725pt>
File: Images/Es_carrello.png Graphic file (type png)
<use Images/Es_carrello.png>
Package pdftex.def Info: Images/Es_carrello.png  used on input line 331.
(pdftex.def)             Requested size: 169.43pt x 105.59262pt.
 [7{/usr/local/texlive/2023/texmf-dist/fonts/enc/dvips/lm/lm-rmtt.enc} <./Images/Es_carrello.png>]
<Images/Es_Rettilineo.png, id=792, 1216.545pt x 592.2125pt>
File: Images/Es_Rettilineo.png Graphic file (type png)
<use Images/Es_Rettilineo.png>
Package pdftex.def Info: Images/Es_Rettilineo.png  used on input line 383.
(pdftex.def)             Requested size: 218.96864pt x 106.59364pt.
 [8 <./Images/Es_Rettilineo.png>]
<Images/Es_pendolo.png, id=804, 742.775pt x 857.2025pt>
File: Images/Es_pendolo.png Graphic file (type png)
<use Images/Es_pendolo.png>
Package pdftex.def Info: Images/Es_pendolo.png  used on input line 414.
(pdftex.def)             Requested size: 126.27007pt x 145.72249pt.
 [9 <./Images/Es_pendolo.png>] [10]
<Images/Sistemi_tempo_invarianti.png, id=822, 883.04906pt x 277.78781pt>
File: Images/Sistemi_tempo_invarianti.png Graphic file (type png)
<use Images/Sistemi_tempo_invarianti.png>
Package pdftex.def Info: Images/Sistemi_tempo_invarianti.png  used on input line 586.
(pdftex.def)             Requested size: 264.91675pt x 83.33698pt.
 [11 <./Images/Sistemi_tempo_invarianti.png>]
File: Images/Es_carrello.png Graphic file (type png)
<use Images/Es_carrello.png>
Package pdftex.def Info: Images/Es_carrello.png  used on input line 682.
(pdftex.def)             Requested size: 169.43pt x 105.59262pt.
 [12] [13] [14]
<Images/Jordan_matrix.png, id=854, 1361.085pt x 1136.245pt>
File: Images/Jordan_matrix.png Graphic file (type png)
<use Images/Jordan_matrix.png>
Package pdftex.def Info: Images/Jordan_matrix.png  used on input line 930.
(pdftex.def)             Requested size: 176.94727pt x 147.71703pt.
 [15 <./Images/Jordan_matrix.png>] [16]
<Images/Autovalori_semplici.png, id=878, 1646.15pt x 1215.54124pt>
File: Images/Autovalori_semplici.png Graphic file (type png)
<use Images/Autovalori_semplici.png>
Package pdftex.def Info: Images/Autovalori_semplici.png  used on input line 1037.
(pdftex.def)             Requested size: 378.60654pt x 279.5686pt.
<Images/Autovalori_comlessi.png, id=879, 1646.15pt x 1215.54124pt>
File: Images/Autovalori_comlessi.png Graphic file (type png)
<use Images/Autovalori_comlessi.png>
Package pdftex.def Info: Images/Autovalori_comlessi.png  used on input line 1043.
(pdftex.def)             Requested size: 378.60654pt x 279.5686pt.
 [17
pdfTeX warning (ext4): destination with the same identifier (name{equation.2.15.1}) has been already used, duplicate ignored
<argument> ...shipout:D \box_use:N \l_shipout_box 
                                                  \__shipout_drop_firstpage_...
l.1044 \end{center}
                    <./Images/Autovalori_semplici.png>]
<Images/Esempio_autovalori.png, id=885, 1724.4425pt x 1059.96pt>
File: Images/Esempio_autovalori.png Graphic file (type png)
<use Images/Esempio_autovalori.png>
Package pdftex.def Info: Images/Esempio_autovalori.png  used on input line 1047.
(pdftex.def)             Requested size: 396.61343pt x 243.78568pt.
 [18 <./Images/Autovalori_comlessi.png> <./Images/Esempio_autovalori.png>] [19] [20] [21]
<Images/Equilibrio_stabile.png, id=920, 717.68124pt x 425.59pt>
File: Images/Equilibrio_stabile.png Graphic file (type png)
<use Images/Equilibrio_stabile.png>
Package pdftex.def Info: Images/Equilibrio_stabile.png  used on input line 1409.
(pdftex.def)             Requested size: 215.30603pt x 127.67798pt.
<Images/Equilibrio_attrattivo.png, id=921, 834.11626pt x 507.8975pt>
File: Images/Equilibrio_attrattivo.png Graphic file (type png)
<use Images/Equilibrio_attrattivo.png>
Package pdftex.def Info: Images/Equilibrio_attrattivo.png  used on input line 1414.
(pdftex.def)             Requested size: 250.2368pt x 152.37042pt.
 [22
pdfTeX warning (ext4): destination with the same identifier (name{equation.2.16.2}) has been already used, duplicate ignored
<argument> ...shipout:D \box_use:N \l_shipout_box 
                                                  \__shipout_drop_firstpage_...
l.1415 \end{center}
                    <./Images/Equilibrio_stabile.png>]
<Images/Stabilita_traiettoria.png, id=934, 867.24pt x 311.1625pt>
File: Images/Stabilita_traiettoria.png Graphic file (type png)
<use Images/Stabilita_traiettoria.png>
Package pdftex.def Info: Images/Stabilita_traiettoria.png  used on input line 1424.
(pdftex.def)             Requested size: 260.17401pt x 93.34947pt.
 [23 <./Images/Equilibrio_attrattivo.png> <./Images/Stabilita_traiettoria.png>]
Underfull \hbox (badness 10000) in paragraph at lines 1518--1524

 []

[24] [25] [26] [27]
<Images/Controllo_retroazionato.png, id=981, 642.4pt x 264.99pt>
File: Images/Controllo_retroazionato.png Graphic file (type png)
<use Images/Controllo_retroazionato.png>
Package pdftex.def Info: Images/Controllo_retroazionato.png  used on input line 1798.
(pdftex.def)             Requested size: 256.95544pt x 105.99411pt.
 [28 <./Images/Controllo_retroazionato.png>] [29]
<Images/Motivo_Laplace.png, id=1001, 1413.28pt x 818.05624pt>
File: Images/Motivo_Laplace.png Graphic file (type png)
<use Images/Motivo_Laplace.png>
Package pdftex.def Info: Images/Motivo_Laplace.png  used on input line 1883.
(pdftex.def)             Requested size: 254.37943pt x 147.24376pt.
 [30 <./Images/Motivo_Laplace.png>] [31
pdfTeX warning (ext4): destination with the same identifier (name{equation.3.4.2}) has been already used, duplicate ignored
<argument> ...shipout:D \box_use:N \l_shipout_box 
                                                  \__shipout_drop_firstpage_...
l.1961 \end{equation}
                     ] [32]
<Images/Delta.png, id=1033, 534.99875pt x 196.735pt>
File: Images/Delta.png Graphic file (type png)
<use Images/Delta.png>
Package pdftex.def Info: Images/Delta.png  used on input line 2018.
(pdftex.def)             Requested size: 135.15059pt x 49.69995pt.
<Images/Scalino.png, id=1034, 534.99875pt x 196.735pt>
File: Images/Scalino.png Graphic file (type png)
<use Images/Scalino.png>
Package pdftex.def Info: Images/Scalino.png  used on input line 2021.
(pdftex.def)             Requested size: 135.15059pt x 49.69995pt.
<Images/Scalino_2.png, id=1035, 534.99875pt x 196.735pt>
File: Images/Scalino_2.png Graphic file (type png)
<use Images/Scalino_2.png>
Package pdftex.def Info: Images/Scalino_2.png  used on input line 2024.
(pdftex.def)             Requested size: 135.15059pt x 49.69995pt.
<Images/Scalino_3.png, id=1036, 534.99875pt x 196.735pt>
File: Images/Scalino_3.png Graphic file (type png)
<use Images/Scalino_3.png>
Package pdftex.def Info: Images/Scalino_3.png  used on input line 2027.
(pdftex.def)             Requested size: 135.15059pt x 49.69995pt.
<Images/Segnale_rampa.png, id=1037, 1081.03876pt x 644.4075pt>
File: Images/Segnale_rampa.png Graphic file (type png)
<use Images/Segnale_rampa.png>
Package pdftex.def Info: Images/Segnale_rampa.png  used on input line 2061.
(pdftex.def)             Requested size: 135.15059pt x 80.56056pt.
 [33 <./Images/Delta.png> <./Images/Scalino.png> <./Images/Scalino_2.png> <./Images/Scalino_3.png>]
File: Images/Delta.png Graphic file (type png)
<use Images/Delta.png>
Package pdftex.def Info: Images/Delta.png  used on input line 2081.
(pdftex.def)             Requested size: 135.15059pt x 49.69995pt.
File: Images/Scalino.png Graphic file (type png)
<use Images/Scalino.png>
Package pdftex.def Info: Images/Scalino.png  used on input line 2084.
(pdftex.def)             Requested size: 135.15059pt x 49.69995pt.
File: Images/Scalino_2.png Graphic file (type png)
<use Images/Scalino_2.png>
Package pdftex.def Info: Images/Scalino_2.png  used on input line 2087.
(pdftex.def)             Requested size: 135.15059pt x 49.69995pt.
File: Images/Scalino_3.png Graphic file (type png)
<use Images/Scalino_3.png>
Package pdftex.def Info: Images/Scalino_3.png  used on input line 2090.
(pdftex.def)             Requested size: 135.15059pt x 49.69995pt.
<Images/Trasformata_seno.png, id=1051, 495.8525pt x 217.81375pt>
File: Images/Trasformata_seno.png Graphic file (type png)
<use Images/Trasformata_seno.png>
Package pdftex.def Info: Images/Trasformata_seno.png  used on input line 2091.
(pdftex.def)             Requested size: 135.15059pt x 59.36552pt.
<Images/Trasformata_coseno.png, id=1052, 495.8525pt x 217.81375pt>
File: Images/Trasformata_coseno.png Graphic file (type png)
<use Images/Trasformata_coseno.png>
Package pdftex.def Info: Images/Trasformata_coseno.png  used on input line 2092.
(pdftex.def)             Requested size: 135.15059pt x 59.36552pt.
 [34 <./Images/Segnale_rampa.png>] [35 <./Images/Trasformata_seno.png> <./Images/Trasformata_coseno.png>]
Overfull \hbox (6.50957pt too wide) in paragraph at lines 2122--2125
\OT1/cmr/m/n/10 Sottolineiamo che se aves-simo un sis-tema gener-ico non si potrebbe riscri-vere come ab-bi-amo fatto perch^^Se $[]$
 []

[36] [37] [38]
<Images/Schema_trasformata.png, id=1093, 1389.19pt x 786.94pt>
File: Images/Schema_trasformata.png Graphic file (type png)
<use Images/Schema_trasformata.png>
Package pdftex.def Info: Images/Schema_trasformata.png  used on input line 2283.
(pdftex.def)             Requested size: 347.29665pt x 196.73451pt.
 [39 <./Images/Schema_trasformata.png>]
<Images/Poli_piano.png, id=1102, 962.59625pt x 773.89125pt>
File: Images/Poli_piano.png Graphic file (type png)
<use Images/Poli_piano.png>
Package pdftex.def Info: Images/Poli_piano.png  used on input line 2348.
(pdftex.def)             Requested size: 221.39247pt x 177.99124pt.
<Images/Poli_rapp_classica.png, id=1103, 1399.2275pt x 448.67625pt>
File: Images/Poli_rapp_classica.png Graphic file (type png)
<use Images/Poli_rapp_classica.png>
Package pdftex.def Info: Images/Poli_rapp_classica.png  used on input line 2355.
(pdftex.def)             Requested size: 321.81555pt x 103.19336pt.
 [40 <./Images/Poli_piano.png> <./Images/Poli_rapp_classica.png>] [41] [42]
<Images/Modi_naturali_poli_distinti_1.png, id=1123, 1486.55376pt x 1051.93pt>
File: Images/Modi_naturali_poli_distinti_1.png Graphic file (type png)
<use Images/Modi_naturali_poli_distinti_1.png>
Package pdftex.def Info: Images/Modi_naturali_poli_distinti_1.png  used on input line 2550.
(pdftex.def)             Requested size: 297.30548pt x 210.38226pt.
<Images/Modi_naturali_poli_distinti_2.png, id=1124, 1406.25375pt x 1052.93375pt>
File: Images/Modi_naturali_poli_distinti_2.png Graphic file (type png)
<use Images/Modi_naturali_poli_distinti_2.png>
Package pdftex.def Info: Images/Modi_naturali_poli_distinti_2.png  used on input line 2551.
(pdftex.def)             Requested size: 281.24576pt x 210.58302pt.
<Images/Modi_naturali_poli_distinti_3.png, id=1125, 1453.43pt x 955.57pt>
File: Images/Modi_naturali_poli_distinti_3.png Graphic file (type png)
<use Images/Modi_naturali_poli_distinti_3.png>
Package pdftex.def Info: Images/Modi_naturali_poli_distinti_3.png  used on input line 2552.
(pdftex.def)             Requested size: 290.68085pt x 191.11061pt.
 [43] [44 <./Images/Modi_naturali_poli_distinti_1.png> <./Images/Modi_naturali_poli_distinti_2.png> <./Images/Modi_naturali_poli_distinti_3.png>] [45]
<Images/Modi_naturali_poli_multipli.png, id=1151, 1221.56375pt x 838.13126pt>
File: Images/Modi_naturali_poli_multipli.png Graphic file (type png)
<use Images/Modi_naturali_poli_multipli.png>
Package pdftex.def Info: Images/Modi_naturali_poli_multipli.png  used on input line 2679.
(pdftex.def)             Requested size: 244.30843pt x 167.62328pt.
 [46 <./Images/Modi_naturali_poli_multipli.png>]
<Images/Risposta_sistemi_elementari.png, id=1161, 637.38126pt x 322.20375pt>
File: Images/Risposta_sistemi_elementari.png Graphic file (type png)
<use Images/Risposta_sistemi_elementari.png>
Package pdftex.def Info: Images/Risposta_sistemi_elementari.png  used on input line 2728.
(pdftex.def)             Requested size: 172.09523pt x 86.99617pt.
 [47 <./Images/Risposta_sistemi_elementari.png>]
<Images/Sistemi_1_ordine_1.png, id=1168, 665.48625pt x 347.2975pt>
File: Images/Sistemi_1_ordine_1.png Graphic file (type png)
<use Images/Sistemi_1_ordine_1.png>
Package pdftex.def Info: Images/Sistemi_1_ordine_1.png  used on input line 2783.
(pdftex.def)             Requested size: 179.68369pt x 93.77158pt.
 [48 <./Images/Sistemi_1_ordine_1.png>] [49]
<Images/Sovraelongazione.png, id=1182, 1762.585pt x 972.63374pt>
File: Images/Sovraelongazione.png Graphic file (type png)
<use Images/Sovraelongazione.png>
Package pdftex.def Info: Images/Sovraelongazione.png  used on input line 2903.
(pdftex.def)             Requested size: 405.38603pt x 223.70105pt.
 [50 <./Images/Sovraelongazione.png>]
<Images/Secondo_ordine_poli_complessi.png, id=1190, 716.6775pt x 399.4925pt>
File: Images/Secondo_ordine_poli_complessi.png Graphic file (type png)
<use Images/Secondo_ordine_poli_complessi.png>
Package pdftex.def Info: Images/Secondo_ordine_poli_complessi.png  used on input line 2921.
(pdftex.def)             Requested size: 164.83235pt x 91.88133pt.
<Images/Tempo_assestamento_costante.png, id=1191, 1571.8725pt x 780.9175pt>
File: Images/Tempo_assestamento_costante.png Graphic file (type png)
<use Images/Tempo_assestamento_costante.png>
Package pdftex.def Info: Images/Tempo_assestamento_costante.png  used on input line 2927.
(pdftex.def)             Requested size: 361.52307pt x 179.60724pt.
File: Images/Secondo_ordine_poli_complessi.png Graphic file (type png)
<use Images/Secondo_ordine_poli_complessi.png>
Package pdftex.def Info: Images/Secondo_ordine_poli_complessi.png  used on input line 2941.
(pdftex.def)             Requested size: 164.83235pt x 91.88133pt.
<Images/Sovraelongazione_costante.png, id=1192, 1571.8725pt x 780.9175pt>
File: Images/Sovraelongazione_costante.png Graphic file (type png)
<use Images/Sovraelongazione_costante.png>
Package pdftex.def Info: Images/Sovraelongazione_costante.png  used on input line 2947.
(pdftex.def)             Requested size: 361.52307pt x 179.60724pt.
 [51 <./Images/Secondo_ordine_poli_complessi.png> <./Images/Tempo_assestamento_costante.png>]
<Images/Specifiche_temporali.png, id=1199, 1195.46625pt x 587.19376pt>
File: Images/Specifiche_temporali.png Graphic file (type png)
<use Images/Specifiche_temporali.png>
Package pdftex.def Info: Images/Specifiche_temporali.png  used on input line 2956.
(pdftex.def)             Requested size: 274.95145pt x 135.05171pt.
<Images/Secondo_ordine_poli_reali_1.png, id=1200, 531.9875pt x 330.23375pt>
File: Images/Secondo_ordine_poli_reali_1.png Graphic file (type png)
<use Images/Secondo_ordine_poli_reali_1.png>
Package pdftex.def Info: Images/Secondo_ordine_poli_reali_1.png  used on input line 2971.
(pdftex.def)             Requested size: 122.35455pt x 75.95215pt.
<Images/Secondo_ordine_poli_reali_2.png, id=1201, 538.01pt x 368.37625pt>
File: Images/Secondo_ordine_poli_reali_2.png Graphic file (type png)
<use Images/Secondo_ordine_poli_reali_2.png>
Package pdftex.def Info: Images/Secondo_ordine_poli_reali_2.png  used on input line 2980.
(pdftex.def)             Requested size: 145.26463pt x 99.4629pt.
 [52 <./Images/Sovraelongazione_costante.png> <./Images/Specifiche_temporali.png> <./Images/Secondo_ordine_poli_reali_1.png>]
<Images/Polo_dominante.png, id=1209, 1779.64874pt x 760.8425pt>
File: Images/Polo_dominante.png Graphic file (type png)
<use Images/Polo_dominante.png>
Package pdftex.def Info: Images/Polo_dominante.png  used on input line 3008.
(pdftex.def)             Requested size: 444.9111pt x 190.21016pt.
<Images/Esempio_polo_dominante.png, id=1210, 1613.02625pt x 769.87625pt>
File: Images/Esempio_polo_dominante.png Graphic file (type png)
<use Images/Esempio_polo_dominante.png>
Package pdftex.def Info: Images/Esempio_polo_dominante.png  used on input line 3016.
(pdftex.def)             Requested size: 354.86687pt x 169.37329pt.
 [53 <./Images/Secondo_ordine_poli_reali_2.png> <./Images/Polo_dominante.png>]
<Images/Poli_reali_coincidenti.png, id=1217, 548.0475pt x 340.27126pt>
File: Images/Poli_reali_coincidenti.png Graphic file (type png)
<use Images/Poli_reali_coincidenti.png>
Package pdftex.def Info: Images/Poli_reali_coincidenti.png  used on input line 3050.
(pdftex.def)             Requested size: 126.04826pt x 78.26073pt.
 [54 <./Images/Esempio_polo_dominante.png> <./Images/Poli_reali_coincidenti.png>]
<Images/Primo_ordine_uno_zero_1.png, id=1224, 821.0675pt x 600.2425pt>
File: Images/Primo_ordine_uno_zero_1.png Graphic file (type png)
<use Images/Primo_ordine_uno_zero_1.png>
Package pdftex.def Info: Images/Primo_ordine_uno_zero_1.png  used on input line 3063.
(pdftex.def)             Requested size: 139.57962pt x 102.03987pt.
<Images/Primo_ordine_uno_zero_2.png, id=1225, 1575.8875pt x 1086.0575pt>
File: Images/Primo_ordine_uno_zero_2.png Graphic file (type png)
<use Images/Primo_ordine_uno_zero_2.png>
Package pdftex.def Info: Images/Primo_ordine_uno_zero_2.png  used on input line 3070.
(pdftex.def)             Requested size: 252.14716pt x 173.77275pt.
<Images/Poli_reali_zero_1.png, id=1226, 1266.7325pt x 646.415pt>
File: Images/Poli_reali_zero_1.png Graphic file (type png)
<use Images/Poli_reali_zero_1.png>
Package pdftex.def Info: Images/Poli_reali_zero_1.png  used on input line 3091.
(pdftex.def)             Requested size: 202.68134pt x 103.42851pt.
<Images/Poli_reali_zero_2.png, id=1227, 1132.23pt x 853.1875pt>
File: Images/Poli_reali_zero_2.png Graphic file (type png)
<use Images/Poli_reali_zero_2.png>
Package pdftex.def Info: Images/Poli_reali_zero_2.png  used on input line 3092.
(pdftex.def)             Requested size: 181.16049pt x 136.51279pt.
 [55 <./Images/Primo_ordine_uno_zero_1.png> <./Images/Primo_ordine_uno_zero_2.png>]
<Images/Fase_minima_1.png, id=1236, 1019.81pt x 584.1825pt>
File: Images/Fase_minima_1.png Graphic file (type png)
<use Images/Fase_minima_1.png>
Package pdftex.def Info: Images/Fase_minima_1.png  used on input line 3122.
(pdftex.def)             Requested size: 234.55136pt x 134.35915pt.
<Images/Fase_minima_2.png, id=1237, 839.135pt x 686.565pt>
File: Images/Fase_minima_2.png Graphic file (type png)
<use Images/Fase_minima_2.png>
Package pdftex.def Info: Images/Fase_minima_2.png  used on input line 3130.
(pdftex.def)             Requested size: 192.99698pt x 157.90662pt.
 [56 <./Images/Poli_reali_zero_1.png> <./Images/Poli_reali_zero_2.png> <./Images/Fase_minima_1.png>]
<Images/Fase_minima_code_ass_1.png, id=1246, 907.39pt x 489.83pt>
File: Images/Fase_minima_code_ass_1.png Graphic file (type png)
<use Images/Fase_minima_code_ass_1.png>
Package pdftex.def Info: Images/Fase_minima_code_ass_1.png  used on input line 3143.
(pdftex.def)             Requested size: 195.08504pt x 105.31139pt.
<Images/Fase_minima_code_ass_2.png, id=1247, 871.255pt x 710.655pt>
File: Images/Fase_minima_code_ass_2.png Graphic file (type png)
<use Images/Fase_minima_code_ass_2.png>
Package pdftex.def Info: Images/Fase_minima_code_ass_2.png  used on input line 3150.
(pdftex.def)             Requested size: 174.24791pt x 142.12848pt.
 [57 <./Images/Fase_minima_2.png> <./Images/Fase_minima_code_ass_1.png> <./Images/Fase_minima_code_ass_2.png>] [58]
<Images/Risposta_regime_perm.png, id=1269, 2182.1525pt x 232.87pt>
File: Images/Risposta_regime_perm.png Graphic file (type png)
<use Images/Risposta_regime_perm.png>
Package pdftex.def Info: Images/Risposta_regime_perm.png  used on input line 3227.
(pdftex.def)             Requested size: 436.42278pt x 46.57317pt.
<Images/Fourier_1.png, id=1270, 1915.155pt x 778.91pt>
File: Images/Fourier_1.png Graphic file (type png)
<use Images/Fourier_1.png>
Package pdftex.def Info: Images/Fourier_1.png  used on input line 3261.
(pdftex.def)             Requested size: 229.80869pt x 93.46516pt.
<Images/Fourier_2.png, id=1271, 2334.7225pt x 800.9925pt>
File: Images/Fourier_2.png Graphic file (type png)
<use Images/Fourier_2.png>
Package pdftex.def Info: Images/Fourier_2.png  used on input line 3265.
(pdftex.def)             Requested size: 256.82027pt x 88.10944pt.
 [59 <./Images/Risposta_regime_perm.png> <./Images/Fourier_1.png>]
<Images/Spettro.png, id=1287, 1838.87pt x 706.64pt>
File: Images/Spettro.png Graphic file (type png)
<use Images/Spettro.png>
Package pdftex.def Info: Images/Spettro.png  used on input line 3296.
(pdftex.def)             Requested size: 422.93121pt x 162.52377pt.
<Images/Risposta_in_frequenza_1.png, id=1288, 1828.8325pt x 716.6775pt>
File: Images/Risposta_in_frequenza_1.png Graphic file (type png)
<use Images/Risposta_in_frequenza_1.png>
Package pdftex.def Info: Images/Risposta_in_frequenza_1.png  used on input line 3315.
(pdftex.def)             Requested size: 219.45042pt x 85.99759pt.
 [60 <./Images/Fourier_2.png> <./Images/Spettro.png>]
<Images/Risposta_in_frequenza_2.png, id=1298, 2651.9075pt x 1463.4675pt>
File: Images/Risposta_in_frequenza_2.png Graphic file (type png)
<use Images/Risposta_in_frequenza_2.png>
Package pdftex.def Info: Images/Risposta_in_frequenza_2.png  used on input line 3323.
(pdftex.def)             Requested size: 397.76897pt x 219.51065pt.
 [61 <./Images/Risposta_in_frequenza_1.png> <./Images/Risposta_in_frequenza_2.png>]
NOTE: coordinate (0Y0.0e0],3Y0.0e0]) has been dropped because it is unbounded (in y). (see also unbounded coords=jump). 

Overfull \hbox (0.4924pt too wide) detected at line 3403
[]
 []


Overfull \hbox (62.9249pt too wide) detected at line 3409
[]
 []

[62]
Underfull \hbox (badness 10000) in paragraph at lines 3420--3422

 []

<Images/Diagramma_guadagno_statico_1.png, id=1311, 2340.745pt x 1419.3025pt>
File: Images/Diagramma_guadagno_statico_1.png Graphic file (type png)
<use Images/Diagramma_guadagno_statico_1.png>
Package pdftex.def Info: Images/Diagramma_guadagno_statico_1.png  used on input line 3430.
(pdftex.def)             Requested size: 292.5924pt x 177.41237pt.
<Images/Diagramma_zero_origine.png, id=1312, 2812.5075pt x 1453.43pt>
File: Images/Diagramma_zero_origine.png Graphic file (type png)
<use Images/Diagramma_zero_origine.png>
Package pdftex.def Info: Images/Diagramma_zero_origine.png  used on input line 3442.
(pdftex.def)             Requested size: 351.56258pt x 181.6783pt.
[63 <./Images/Diagramma_guadagno_statico_1.png> <./Images/Diagramma_zero_origine.png>]
<Images/Diagramma_poli_origine.png, id=1319, 2812.5075pt x 1443.3925pt>
File: Images/Diagramma_poli_origine.png Graphic file (type png)
<use Images/Diagramma_poli_origine.png>
Package pdftex.def Info: Images/Diagramma_poli_origine.png  used on input line 3453.
(pdftex.def)             Requested size: 351.56258pt x 180.42361pt.
<Images/Diagramma_zero_reale_negativo.png, id=1320, 2274.4975pt x 1284.8pt>
File: Images/Diagramma_zero_reale_negativo.png Graphic file (type png)
<use Images/Diagramma_zero_reale_negativo.png>
Package pdftex.def Info: Images/Diagramma_zero_reale_negativo.png  used on input line 3492.
(pdftex.def)             Requested size: 284.3115pt x 160.59961pt.
 [64 <./Images/Diagramma_poli_origine.png>] [65 <./Images/Diagramma_zero_reale_negativo.png>] (./ControlliAutomatici.aux)
 ***********
LaTeX2e <2023-06-01> patch level 1
L3 programming layer <2023-08-11>
 ***********
Package rerunfilecheck Info: File `ControlliAutomatici.out' has not changed.
(rerunfilecheck)             Checksum: 33B51BAAFC4355607392C69FB6F153B7;32513.
 ) 
Here is how much of TeX's memory you used:
 38623 strings out of 475189
 868398 string characters out of 5763838
 1950254 words of memory out of 5000000
 58892 multiletter control sequences out of 15000+600000
 569995 words of font info for 85 fonts, out of 8000000 for 9000
 1141 hyphenation exceptions out of 8191
 102i,26n,107p,813b,2246s stack positions out of 10000i,1000n,20000p,200000b,200000s

pdfTeX warning (dest): name{Circuito\040elettrico} has been referenced but does not exist, replaced by a fixed one

</usr/local/texlive/2023/texmf-dist/fonts/type1/public/amsfonts/cm/cmbx10.pfb></usr/local/texlive/2023/texmf-dist/fonts/type1/public/amsfonts/cm/cmbx12.pfb></usr/local/texlive/2023/texmf-dist/fonts/type1/public/amsfonts/cm/cmex10.pfb></usr/local/texlive/2023/texmf-dist/fonts/type1/public/amsfonts/cmextra/cmex7.pfb></usr/local/texlive/2023/texmf-dist/fonts/type1/public/amsfonts/cm/cmmi10.pfb></usr/local/texlive/2023/texmf-dist/fonts/type1/public/amsfonts/cm/cmmi5.pfb></usr/local/texlive/2023/texmf-dist/fonts/type1/public/amsfonts/cm/cmmi6.pfb></usr/local/texlive/2023/texmf-dist/fonts/type1/public/amsfonts/cm/cmmi7.pfb></usr/local/texlive/2023/texmf-dist/fonts/type1/public/amsfonts/cm/cmmi8.pfb></usr/local/texlive/2023/texmf-dist/fonts/type1/public/amsfonts/cm/cmr10.pfb></usr/local/texlive/2023/texmf-dist/fonts/type1/public/amsfonts/cm/cmr12.pfb></usr/local/texlive/2023/texmf-dist/fonts/type1/public/amsfonts/cm/cmr17.pfb></usr/local/texlive/2023/texmf-dist/fonts/type1/public/amsfonts/cm/cmr5.pfb></usr/local/texlive/2023/texmf-dist/fonts/type1/public/amsfonts/cm/cmr6.pfb></usr/local/texlive/2023/texmf-dist/fonts/type1/public/amsfonts/cm/cmr7.pfb></usr/local/texlive/2023/texmf-dist/fonts/type1/public/amsfonts/cm/cmr8.pfb></usr/local/texlive/2023/texmf-dist/fonts/type1/public/amsfonts/cm/cmsy10.pfb></usr/local/texlive/2023/texmf-dist/fonts/type1/public/amsfonts/cm/cmsy5.pfb></usr/local/texlive/2023/texmf-dist/fonts/type1/public/amsfonts/cm/cmsy7.pfb></usr/local/texlive/2023/texmf-dist/fonts/type1/public/amsfonts/cm/cmti10.pfb></usr/local/texlive/2023/texmf-dist/fonts/type1/public/amsfonts/cm/cmti8.pfb></usr/local/texlive/2023/texmf-dist/fonts/type1/public/esint-type1/esint10.pfb></usr/local/texlive/2023/texmf-dist/fonts/type1/public/amsfonts/latxfont/line10.pfb></usr/local/texlive/2023/texmf-dist/fonts/type1/public/lm/lmtt10.pfb></usr/local/texlive/2023/texmf-dist/fonts/type1/public/amsfonts/symbols/msbm10.pfb></usr/local/texlive/2023/texmf-dist/fonts/type1/public/amsfonts/symbols/msbm7.pfb></usr/local/texlive/2023/texmf-dist/fonts/type1/public/cm-super/sfrm1000.pfb>
Output written on ControlliAutomatici.pdf (65 pages, 10300827 bytes).
PDF statistics:
 1527 PDF objects out of 1728 (max. 8388607)
 1271 compressed objects within 13 object streams
 366 named destinations out of 1000 (max. 500000)
 1462 words of extra memory for PDF output out of 10000 (max. 10000000)

