\BOOKMARK [1][-]{section.1}{\376\377\000I\000n\000t\000r\000o\000d\000u\000z\000i\000o\000n\000e}{}% 1
\BOOKMARK [2][-]{subsection.1.1}{\376\377\000N\000o\000t\000a\000z\000i\000o\000n\000e\000\040\000e\000d\000\040\000e\000l\000e\000m\000e\000n\000t\000i\000\040\000c\000o\000s\000t\000i\000t\000u\000t\000i\000v\000i}{section.1}% 2
\BOOKMARK [2][-]{subsection.1.2}{\376\377\000C\000o\000n\000t\000r\000o\000l\000l\000o\000\040\000i\000n\000\040\000a\000n\000e\000l\000l\000o\000\040\000a\000p\000e\000r\000t\000o\000\040\000e\000\040\000a\000n\000e\000l\000l\000o\000\040\000c\000h\000i\000u\000s\000o}{section.1}% 3
\BOOKMARK [2][-]{subsection.1.3}{\376\377\000P\000r\000o\000g\000e\000t\000t\000o\000\040\000d\000i\000\040\000u\000n\000\040\000s\000i\000s\000t\000e\000m\000a\000\040\000d\000i\000\040\000c\000o\000n\000t\000r\000o\000l\000l\000o}{section.1}% 4
\BOOKMARK [2][-]{subsection.1.4}{\376\377\000E\000s\000e\000m\000p\000i\000o\000\040\000d\000i\000\040\000s\000i\000s\000t\000e\000m\000a\000\040\000d\000i\000\040\000c\000o\000n\000t\000r\000o\000l\000l\000o\000:\000\040\000c\000i\000r\000c\000u\000i\000t\000o\000\040\000e\000l\000e\000t\000t\000r\000i\000c\000o}{section.1}% 5
\BOOKMARK [1][-]{section.2}{\376\377\000S\000i\000s\000t\000e\000m\000i\000\040\000i\000n\000\040\000f\000o\000r\000m\000a\000\040\000d\000i\000\040\000s\000t\000a\000t\000o}{}% 6
\BOOKMARK [2][-]{subsection.2.1}{\376\377\000S\000i\000s\000t\000e\000m\000i\000\040\000c\000o\000n\000t\000i\000n\000u\000i}{section.2}% 7
\BOOKMARK [3][-]{subsubsection.2.1.1}{\376\377\000E\000q\000u\000a\000z\000i\000o\000n\000e\000\040\000d\000i\000\040\000s\000t\000a\000t\000o}{subsection.2.1}% 8
\BOOKMARK [3][-]{subsubsection.2.1.2}{\376\377\000E\000q\000u\000a\000z\000i\000o\000n\000e\000\040\000d\000i\000\040\000u\000s\000c\000i\000t\000a}{subsection.2.1}% 9
\BOOKMARK [2][-]{subsection.2.2}{\376\377\000S\000i\000s\000t\000e\000m\000i\000\040\000d\000i\000s\000c\000r\000e\000t\000i}{section.2}% 10
\BOOKMARK [2][-]{subsection.2.3}{\376\377\000E\000s\000e\000m\000p\000i\000o\000\040\000c\000i\000r\000c\000u\000i\000t\000o\000\040\000e\000l\000e\000t\000t\000r\000i\000c\000o}{section.2}% 11
\BOOKMARK [3][-]{subsubsection.2.3.1}{\376\377\000E\000s\000e\000m\000p\000i\000o\000\040\000c\000o\000n\000\040\000p\000a\000r\000a\000m\000e\000t\000r\000i\000\040\000c\000h\000e\000\040\000v\000a\000r\000i\000a\000n\000o\000\040\000n\000e\000l\000\040\000t\000e\000m\000p\000o}{subsection.2.3}% 12
\BOOKMARK [2][-]{subsection.2.4}{\376\377\000E\000s\000e\000m\000p\000i\000o\000\040\000c\000a\000r\000r\000e\000l\000l\000o}{section.2}% 13
\BOOKMARK [2][-]{subsection.2.5}{\376\377\000E\000s\000e\000m\000p\000i\000o\000\040\000a\000u\000t\000o\000\040\000i\000n\000\040\000r\000e\000t\000t\000i\000l\000i\000n\000e\000o}{section.2}% 14
\BOOKMARK [2][-]{subsection.2.6}{\376\377\000E\000s\000e\000m\000p\000i\000o\000\040\000p\000e\000n\000d\000o\000l\000o}{section.2}% 15
\BOOKMARK [2][-]{subsection.2.7}{\376\377\000T\000r\000a\000i\000e\000t\000t\000o\000r\000i\000a\000\040\000d\000i\000\040\000u\000n\000\040\000s\000i\000s\000t\000e\000m\000a}{section.2}% 16
\BOOKMARK [3][-]{subsubsection.2.7.1}{\376\377\000E\000s\000e\000m\000p\000i\000o}{subsection.2.7}% 17
\BOOKMARK [2][-]{subsection.2.8}{\376\377\000E\000q\000u\000i\000l\000i\000b\000r\000i\000o\000\040\000d\000i\000\040\000u\000n\000\040\000s\000i\000s\000t\000e\000m\000a}{section.2}% 18
\BOOKMARK [3][-]{subsubsection.2.8.1}{\376\377\000E\000s\000e\000m\000p\000i\000o\000\040\000p\000e\000n\000d\000o\000l\000o}{subsection.2.8}% 19
\BOOKMARK [2][-]{subsection.2.9}{\376\377\000C\000l\000a\000s\000s\000i\000f\000i\000c\000a\000z\000i\000o\000n\000e\000\040\000d\000e\000i\000\040\000s\000i\000s\000t\000e\000m\000i\000\040\000i\000n\000\040\000f\000o\000r\000m\000a\000\040\000d\000i\000\040\000s\000t\000a\000t\000o}{section.2}% 20
\BOOKMARK [2][-]{subsection.2.10}{\376\377\000P\000r\000o\000p\000r\000i\000e\000t\000\340\000\040\000d\000e\000i\000\040\000s\000i\000s\000t\000e\000m\000i\000\040\000l\000i\000n\000e\000a\000r\000i}{section.2}% 21
\BOOKMARK [3][-]{subsubsection.2.10.1}{\376\377\000S\000i\000s\000t\000e\000m\000i\000\040\000l\000i\000n\000e\000r\000i\000\040\000i\000n\000\040\000f\000o\000r\000m\000a\000\040\000m\000a\000t\000r\000i\000c\000i\000a\000l\000e}{subsection.2.10}% 22
\BOOKMARK [2][-]{subsection.2.11}{\376\377\000S\000i\000s\000t\000e\000m\000i\000\040\000l\000i\000n\000e\000a\000r\000i\000\040\000t\000e\000m\000p\000o\000-\000i\000n\000v\000a\000r\000i\000a\000n\000t\000i}{section.2}% 23
\BOOKMARK [3][-]{subsubsection.2.11.1}{\376\377\000E\000s\000e\000m\000p\000i\000o\000\040\000c\000a\000r\000r\000e\000l\000l\000o}{subsection.2.11}% 24
\BOOKMARK [3][-]{subsubsection.2.11.2}{\376\377\000S\000i\000s\000t\000e\000m\000i\000\040\000l\000i\000n\000e\000a\000r\000i\000\040\000t\000e\000m\000p\000o\000-\000i\000n\000v\000a\000r\000i\000a\000n\000t\000i\000\040\000S\000I\000S\000O}{subsection.2.11}% 25
\BOOKMARK [2][-]{subsection.2.12}{\376\377\000P\000r\000i\000n\000c\000i\000p\000i\000o\000\040\000d\000i\000\040\000s\000o\000v\000r\000a\000p\000p\000o\000s\000i\000z\000i\000o\000n\000e\000\040\000d\000e\000g\000l\000i\000\040\000e\000f\000f\000e\000t\000t\000i}{section.2}% 26
\BOOKMARK [2][-]{subsection.2.13}{\376\377\000E\000v\000o\000l\000u\000z\000i\000o\000n\000e\000\040\000l\000i\000b\000e\000r\000a\000\040\000e\000\040\000e\000v\000o\000l\000u\000z\000i\000o\000n\000e\000\040\000f\000o\000r\000z\000a\000t\000a}{section.2}% 27
\BOOKMARK [3][-]{subsubsection.2.13.1}{\376\377\000T\000r\000a\000i\000e\000t\000t\000o\000r\000i\000e\000\040\000d\000i\000\040\000u\000n\000\040\000s\000i\000s\000t\000e\000m\000a\000\040\000L\000T\000I\000:\000\040\000e\000s\000e\000m\000p\000i\000o\000\040\000s\000c\000a\000l\000a\000r\000e}{subsection.2.13}% 28
\BOOKMARK [3][-]{subsubsection.2.13.2}{\376\377\000T\000r\000a\000i\000e\000t\000t\000o\000r\000i\000e\000\040\000d\000i\000\040\000u\000n\000\040\000s\000i\000s\000t\000e\000m\000a\000\040\000L\000T\000I\000:\000\040\000c\000a\000s\000o\000\040\000g\000e\000n\000e\000r\000a\000l\000e}{subsection.2.13}% 29
\BOOKMARK [3][-]{subsubsection.2.13.3}{\376\377\000E\000s\000e\000m\000p\000i\000o\000\040\000s\000i\000s\000t\000e\000m\000a\000\040\000n\000o\000n\000\040\000f\000o\000r\000z\000a\000t\000o}{subsection.2.13}% 30
\BOOKMARK [3][-]{subsubsection.2.13.4}{\376\377\000P\000r\000o\000p\000r\000i\000e\000t\000\340\000\040\000d\000e\000l\000l\000a\000\040\000m\000a\000t\000r\000i\000c\000e\000\040\000e\000s\000p\000o\000n\000e\000n\000z\000i\000a\000l\000e}{subsection.2.13}% 31
\BOOKMARK [2][-]{subsection.2.14}{\376\377\000R\000a\000p\000p\000r\000e\000s\000e\000n\000t\000a\000z\000i\000o\000n\000i\000\040\000e\000q\000u\000i\000v\000a\000l\000e\000n\000t\000i}{section.2}% 32
\BOOKMARK [2][-]{subsection.2.15}{\376\377\000M\000o\000d\000i\000\040\000d\000i\000\040\000u\000n\000\040\000s\000i\000s\000t\000e\000m\000a\000\040\000l\000i\000n\000e\000a\000r\000e\000\040\000t\000e\000m\000p\000o\000\040\000i\000n\000v\000a\000r\000i\000a\000n\000t\000e}{section.2}% 33
\BOOKMARK [3][-]{subsubsection.2.15.1}{\376\377\000A\000u\000t\000o\000v\000a\000l\000o\000r\000i\000\040\000c\000o\000m\000p\000l\000e\000s\000s\000i}{subsection.2.15}% 34
\BOOKMARK [3][-]{subsubsection.2.15.2}{\376\377\000E\000s\000e\000m\000p\000i\000o\000\040\000s\000u\000i\000\040\000m\000o\000d\000i\000\040\000n\000a\000t\000u\000r\000a\000l\000i}{subsection.2.15}% 35
\BOOKMARK [3][-]{subsubsection.2.15.3}{\376\377\000E\000s\000e\000m\000p\000i\000o\000\040\0001}{subsection.2.15}% 36
\BOOKMARK [3][-]{subsubsection.2.15.4}{\376\377\000E\000s\000e\000m\000p\000i\000o\000\040\000c\000a\000r\000r\000e\000l\000l\000o}{subsection.2.15}% 37
\BOOKMARK [2][-]{subsection.2.16}{\376\377\000S\000t\000a\000b\000i\000l\000i\000t\000\340\000\040\000i\000n\000t\000e\000r\000n\000a}{section.2}% 38
\BOOKMARK [3][-]{subsubsection.2.16.1}{\376\377\000R\000i\000c\000h\000i\000a\000m\000i\000\040\000s\000u\000l\000l\000'\000e\000q\000u\000i\000l\000i\000b\000r\000i\000o\000\040\000d\000i\000\040\000u\000n\000\040\000s\000i\000s\000t\000e\000m\000a}{subsection.2.16}% 39
\BOOKMARK [3][-]{subsubsection.2.16.2}{\376\377\000D\000e\000f\000i\000n\000i\000z\000i\000o\000n\000i}{subsection.2.16}% 40
\BOOKMARK [3][-]{subsubsection.2.16.3}{\376\377\000S\000t\000a\000b\000i\000l\000i\000t\000\340\000\040\000i\000n\000t\000e\000r\000n\000a\000\040\000p\000e\000r\000\040\000s\000i\000s\000t\000e\000m\000i\000\040\000n\000o\000n\000\040\000f\000o\000r\000z\000a\000t\000i}{subsection.2.16}% 41
\BOOKMARK [3][-]{subsubsection.2.16.4}{\376\377\000O\000s\000s\000e\000r\000v\000a\000z\000i\000o\000n\000i}{subsection.2.16}% 42
\BOOKMARK [2][-]{subsection.2.17}{\376\377\000S\000t\000a\000b\000i\000l\000i\000t\000\340\000\040\000i\000n\000t\000e\000r\000n\000a\000\040\000d\000i\000\040\000s\000i\000s\000t\000e\000m\000i\000\040\000L\000T\000I}{section.2}% 43
\BOOKMARK [3][-]{subsubsection.2.17.1}{\376\377\000E\000s\000e\000m\000p\000i\000o\000\040\000s\000t\000a\000b\000i\000l\000i\000t\000\340\000\040\000d\000e\000l\000\040\000s\000i\000s\000t\000e\000m\000a\000\040\000c\000a\000r\000r\000e\000l\000l\000o}{subsection.2.17}% 44
\BOOKMARK [2][-]{subsection.2.18}{\376\377\000R\000e\000t\000r\000o\000a\000z\000i\000o\000n\000e\000\040\000d\000e\000l\000l\000o\000\040\000s\000t\000a\000t\000o}{section.2}% 45
\BOOKMARK [2][-]{subsection.2.19}{\376\377\000L\000i\000n\000e\000a\000r\000i\000z\000z\000a\000z\000i\000o\000n\000e\000\040\000d\000i\000\040\000s\000i\000s\000t\000e\000m\000i\000\040\000i\000n\000\040\000n\000o\000n\000\040\000l\000i\000n\000e\000a\000r\000i\000\040\000\050\000t\000e\000m\000p\000o\000\040\000i\000n\000v\000a\000r\000i\000a\000n\000t\000i\000\051}{section.2}% 46
\BOOKMARK [3][-]{subsubsection.2.19.1}{\376\377\000E\000s\000e\000m\000p\000i\000o\000\040\000p\000e\000n\000d\000o\000l\000o}{subsection.2.19}% 47
\BOOKMARK [3][-]{subsubsection.2.19.2}{\376\377\000S\000t\000a\000b\000i\000l\000i\000t\000\340\000\040\000d\000i\000\040\0003\000\040\000s\000i\000s\000t\000e\000m\000i\000\040\000l\000i\000n\000e\000a\000r\000i\000\040\000\050\000l\000i\000n\000e\000a\000r\000i\000z\000z\000z\000i\000o\000n\000e\000\040\000i\000n\000t\000o\000r\000n\000o\000\040\000a\000\040\0003\000\040\000d\000i\000v\000e\000r\000s\000i\000\040\000e\000q\000u\000i\000l\000i\000b\000r\000i\000\051}{subsection.2.19}% 48
\BOOKMARK [2][-]{subsection.2.20}{\376\377\000S\000t\000a\000b\000i\000l\000i\000t\000\340\000\040\000e\000\040\000l\000i\000n\000e\000a\000r\000i\000z\000z\000a\000z\000i\000o\000n\000e}{section.2}% 49
\BOOKMARK [3][-]{subsubsection.2.20.1}{\376\377\000C\000o\000n\000t\000r\000o\000l\000l\000o\000\040\000n\000o\000n\000l\000i\000n\000e\000a\000r\000e\000\040\000m\000e\000d\000i\000a\000n\000t\000e\000\040\000l\000i\000n\000e\000a\000r\000i\000z\000z\000a\000z\000i\000o\000n\000e}{subsection.2.20}% 50
\BOOKMARK [1][-]{section.3}{\376\377\000T\000r\000a\000s\000f\000o\000r\000m\000a\000t\000a\000\040\000d\000i\000\040\000L\000a\000p\000l\000a\000c\000e}{}% 51
\BOOKMARK [2][-]{subsection.3.1}{\376\377\000D\000e\000f\000i\000n\000i\000z\000i\000o\000n\000e}{section.3}% 52
\BOOKMARK [2][-]{subsection.3.2}{\376\377\000O\000s\000s\000e\000r\000v\000a\000z\000i\000o\000n\000i}{section.3}% 53
\BOOKMARK [3][-]{subsubsection.3.2.1}{\376\377\000A\000s\000c\000i\000s\000s\000a\000\040\000d\000i\000\040\000c\000o\000n\000v\000e\000r\000g\000e\000n\000z\000a}{subsection.3.2}% 54
\BOOKMARK [3][-]{subsubsection.3.2.2}{\376\377\000T\000r\000a\000s\000f\000o\000r\000m\000a\000t\000e\000\040\000r\000a\000z\000i\000o\000n\000a\000l\000i}{subsection.3.2}% 55
\BOOKMARK [2][-]{subsection.3.3}{\376\377\000F\000o\000r\000m\000u\000l\000a\000\040\000d\000i\000\040\000a\000n\000t\000i\000t\000r\000a\000s\000f\000o\000r\000m\000a\000z\000i\000o\000n\000e}{section.3}% 56
\BOOKMARK [3][-]{subsubsection.3.3.1}{\376\377\000P\000e\000r\000c\000h\000\351\000\040\000s\000i\000\040\000u\000t\000i\000l\000i\000z\000z\000a\000\040\000l\000a\000\040\000t\000r\000s\000f\000o\000r\000m\000a\000t\000a\000\040\000d\000i\000\040\000L\000a\000p\000l\000a\000c\000e}{subsection.3.3}% 57
\BOOKMARK [2][-]{subsection.3.4}{\376\377\000P\000r\000o\000p\000r\000i\000e\000t\000\340\000\040\000d\000e\000l\000l\000a\000\040\000t\000r\000a\000s\000f\000o\000r\000m\000a\000t\000a\000\040\000d\000i\000\040\000L\000a\000p\000l\000a\000c\000e}{section.3}% 58
\BOOKMARK [3][-]{subsubsection.3.4.1}{\376\377\000L\000i\000n\000e\000a\000r\000i\000t\000\340}{subsection.3.4}% 59
\BOOKMARK [3][-]{subsubsection.3.4.2}{\376\377\000T\000r\000a\000s\000l\000a\000z\000i\000o\000n\000e\000\040\000t\000e\000m\000p\000o\000r\000a\000l\000e}{subsection.3.4}% 60
\BOOKMARK [3][-]{subsubsection.3.4.3}{\376\377\000T\000r\000a\000s\000l\000a\000z\000i\000o\000n\000e\000\040\000n\000e\000l\000\040\000d\000o\000m\000i\000n\000i\000o\000\040\000d\000e\000l\000l\000a\000\040\000v\000a\000r\000i\000a\000b\000i\000l\000e\000\040\000c\000o\000m\000p\000l\000e\000s\000s\000a}{subsection.3.4}% 61
\BOOKMARK [3][-]{subsubsection.3.4.4}{\376\377\000D\000e\000r\000i\000v\000a\000z\000i\000o\000n\000e\000\040\000n\000e\000l\000\040\000d\000o\000m\000i\000n\000i\000o\000\040\000d\000e\000l\000\040\000t\000e\000m\000p\000o}{subsection.3.4}% 62
\BOOKMARK [3][-]{subsubsection.3.4.5}{\376\377\000D\000e\000r\000i\000v\000a\000z\000i\000o\000n\000e\000\040\000n\000e\000l\000\040\000d\000o\000m\000i\000n\000i\000o\000\040\000d\000e\000l\000l\000a\000\040\000v\000a\000r\000i\000a\000b\000i\000l\000e\000\040\000c\000o\000m\000p\000l\000e\000s\000s\000a}{subsection.3.4}% 63
\BOOKMARK [3][-]{subsubsection.3.4.6}{\376\377\000I\000n\000t\000e\000g\000r\000a\000z\000i\000o\000n\000e\000\040\000n\000e\000l\000\040\000t\000e\000m\000p\000o}{subsection.3.4}% 64
\BOOKMARK [3][-]{subsubsection.3.4.7}{\376\377\000C\000o\000n\000v\000o\000l\000u\000z\000i\000o\000n\000e\000\040\000n\000e\000l\000\040\000t\000e\000m\000p\000o}{subsection.3.4}% 65
\BOOKMARK [3][-]{subsubsection.3.4.8}{\376\377\000T\000e\000o\000r\000e\000m\000a\000\040\000d\000e\000l\000\040\000v\000a\000l\000o\000r\000e\000\040\000i\000n\000i\000z\000i\000a\000l\000e}{subsection.3.4}% 66
\BOOKMARK [3][-]{subsubsection.3.4.9}{\376\377\000T\000e\000o\000r\000e\000m\000a\000\040\000d\000e\000l\000\040\000v\000a\000l\000o\000r\000e\000\040\000f\000i\000n\000a\000l\000e}{subsection.3.4}% 67
\BOOKMARK [2][-]{subsection.3.5}{\376\377\000T\000r\000a\000s\000f\000o\000r\000m\000a\000t\000a\000\040\000d\000i\000\040\000s\000e\000g\000n\000a\000l\000i\000\040\000e\000l\000e\000m\000e\000n\000t\000a\000r\000i}{section.3}% 68
\BOOKMARK [3][-]{subsubsection.3.5.1}{\376\377\000T\000r\000a\000s\000f\000o\000r\000m\000a\000t\000a\000\040\000d\000e\000l\000l\000a\000\040\000d\000e\000l\000t\000a}{subsection.3.5}% 69
\BOOKMARK [3][-]{subsubsection.3.5.2}{\376\377\000T\000r\000a\000s\000f\000o\000r\000m\000a\000t\000a\000\040\000d\000e\000l\000\040\000s\000e\000g\000n\000a\000l\000e\000\040\000g\000r\000a\000d\000i\000n\000o\000\040\000u\000n\000i\000t\000a\000r\000i\000o}{subsection.3.5}% 70
\BOOKMARK [3][-]{subsubsection.3.5.3}{\376\377\000T\000r\000a\000s\000f\000o\000r\000m\000a\000t\000a\000\040\000d\000e\000l\000\040\000s\000e\000g\000n\000a\000l\000e\000\040\000r\000a\000m\000p\000a}{subsection.3.5}% 71
\BOOKMARK [2][-]{subsection.3.6}{\376\377\000T\000a\000b\000e\000l\000l\000a\000\040\000t\000r\000a\000s\000f\000o\000r\000m\000a\000t\000e}{section.3}% 72
\BOOKMARK [1][-]{section.4}{\376\377\000F\000u\000n\000z\000i\000o\000n\000e\000\040\000d\000i\000\040\000t\000r\000a\000s\000f\000e\000r\000i\000m\000e\000n\000t\000o}{}% 73
\BOOKMARK [2][-]{subsection.4.1}{\376\377\000I\000n\000t\000r\000o\000d\000u\000z\000i\000o\000n\000e}{section.4}% 74
\BOOKMARK [2][-]{subsection.4.2}{\376\377\000R\000i\000c\000h\000i\000a\000m\000i\000\040\000d\000i\000\040\000c\000a\000l\000c\000o\000l\000o\000\040\000m\000a\000t\000r\000i\000c\000i\000a\000l\000e}{section.4}% 75
\BOOKMARK [3][-]{subsubsection.4.2.1}{\376\377\000M\000a\000t\000r\000i\000c\000e\000\040\000d\000i\000a\000g\000o\000n\000a\000l\000e}{subsection.4.2}% 76
\BOOKMARK [3][-]{subsubsection.4.2.2}{\376\377\000M\000a\000t\000r\000i\000c\000e\000\040\000t\000r\000i\000a\000n\000g\000o\000l\000a\000r\000e\000\040\000a\000l\000t\000a}{subsection.4.2}% 77
\BOOKMARK [3][-]{subsubsection.4.2.3}{\376\377\000M\000a\000t\000r\000i\000c\000e\000\040\000t\000r\000i\000a\000n\000g\000o\000l\000a\000r\000e\000\040\000b\000a\000s\000s\000a}{subsection.4.2}% 78
\BOOKMARK [3][-]{subsubsection.4.2.4}{\376\377\000M\000a\000t\000r\000i\000c\000e\000\040\000i\000d\000e\000n\000t\000i\000t\000\340}{subsection.4.2}% 79
\BOOKMARK [3][-]{subsubsection.4.2.5}{\376\377\000T\000r\000a\000s\000p\000o\000s\000t\000a\000\040\000d\000i\000\040\000u\000n\000a\000\040\000m\000a\000t\000r\000i\000c\000e}{subsection.4.2}% 80
\BOOKMARK [3][-]{subsubsection.4.2.6}{\376\377\000C\000o\000m\000p\000l\000e\000m\000e\000n\000t\000o\000\040\000a\000l\000g\000e\000b\000r\000i\000c\000o}{subsection.4.2}% 81
\BOOKMARK [3][-]{subsubsection.4.2.7}{\376\377\000D\000e\000t\000e\000r\000m\000i\000n\000a\000n\000t\000e\000\040\000d\000i\000\040\000u\000n\000a\000\040\000m\000a\000t\000r\000i\000c\000e}{subsection.4.2}% 82
\BOOKMARK [2][-]{subsection.4.3}{\376\377\000F\000u\000n\000z\000i\000o\000n\000e\000\040\000d\000i\000\040\000t\000r\000a\000s\000f\000e\000r\000i\000m\000e\000n\000t\000o\000\040\000n\000e\000l\000\040\000d\000e\000t\000t\000a\000g\000l\000i\000o}{section.4}% 83
\BOOKMARK [2][-]{subsection.4.4}{\376\377\000S\000c\000h\000e\000m\000a\000\040\000d\000e\000l\000l\000'\000u\000t\000i\000l\000i\000z\000z\000o\000\040\000d\000e\000l\000l\000a\000\040\000t\000r\000a\000s\000f\000o\000r\000m\000a\000t\000a\000\040\000d\000i\000\040\000L\000a\000p\000l\000a\000c\000e}{section.4}% 84
\BOOKMARK [2][-]{subsection.4.5}{\376\377\000R\000a\000p\000p\000r\000e\000s\000e\000n\000t\000a\000z\000i\000o\000n\000i\000\040\000e\000\040\000p\000a\000r\000a\000m\000e\000t\000r\000i\000\040\000d\000e\000l\000l\000a\000\040\000f\000u\000n\000z\000i\000o\000n\000e\000\040\000d\000i\000\040\000t\000r\000a\000s\000f\000e\000r\000i\000m\000e\000n\000t\000o}{section.4}% 85
\BOOKMARK [3][-]{subsubsection.4.5.1}{\376\377\000E\000s\000e\000m\000p\000i\000o}{subsection.4.5}% 86
\BOOKMARK [2][-]{subsection.4.6}{\376\377\000C\000a\000n\000c\000e\000l\000l\000a\000z\000i\000o\000n\000i}{section.4}% 87
\BOOKMARK [3][-]{subsubsection.4.6.1}{\376\377\000E\000s\000e\000m\000p\000i\000o\000\040\0001}{subsection.4.6}% 88
\BOOKMARK [3][-]{subsubsection.4.6.2}{\376\377\000E\000s\000m\000e\000p\000i\000o\000\040\0002}{subsection.4.6}% 89
\BOOKMARK [2][-]{subsection.4.7}{\376\377\000A\000n\000t\000i\000t\000r\000a\000s\000f\000o\000r\000m\000a\000z\000i\000o\000n\000e\000\040\000d\000i\000\040\000L\000a\000p\000l\000a\000c\000e}{section.4}% 90
\BOOKMARK [1][-]{section.5}{\376\377\000S\000v\000i\000l\000u\000p\000p\000o\000\040\000d\000i\000\040\000H\000e\000a\000v\000i\000s\000i\000d\000e\000\040\000o\000\040\000i\000n\000\040\000f\000r\000a\000t\000t\000i\000\040\000s\000e\000m\000p\000l\000i\000c\000i\000\040\000\050\000p\000o\000l\000i\000\040\000d\000i\000s\000t\000i\000n\000t\000i\000\051}{}% 91
\BOOKMARK [2][-]{subsection.5.1}{\376\377\000C\000a\000s\000o\000\040\0001\000:\000\040\000p\000o\000l\000i\000\040\000r\000e\000a\000l\000i\000\040\000o\000\040\000c\000o\000m\000p\000l\000e\000s\000s\000i\000\040\000c\000o\000n\000i\000u\000g\000a\000t\000i\000\040\000d\000i\000s\000t\000i\000n\000t\000i\000\040\000c\000o\000n\000\040\000m\000o\000l\000t\000e\000p\000l\000i\000c\000i\000t\000\340\000\040\0001}{section.5}% 92
\BOOKMARK [3][-]{subsubsection.5.1.1}{\376\377\000E\000s\000e\000m\000p\000i\000o}{subsection.5.1}% 93
\BOOKMARK [3][-]{subsubsection.5.1.2}{\376\377\000F\000o\000r\000m\000a\000\040\000r\000e\000a\000l\000e\000\040\000p\000e\000r\000\040\000p\000o\000l\000i\000\040\000c\000o\000m\000p\000l\000e\000s\000s\000i\000\040\000c\000o\000n\000i\000u\000g\000a\000t\000i}{subsection.5.1}% 94
\BOOKMARK [3][-]{subsubsection.5.1.3}{\376\377\000M\000o\000d\000i\000\040\000n\000a\000t\000u\000r\000a\000l\000i\000\040\000d\000i\000\040\000p\000o\000l\000i\000\040\000r\000e\000a\000l\000i\000\040\000d\000i\000s\000t\000i\000n\000t\000i}{subsection.5.1}% 95
\BOOKMARK [3][-]{subsubsection.5.1.4}{\376\377\000C\000a\000s\000o\000\040\0002\000:\000\040\000P\000o\000l\000i\000\040\000r\000e\000a\000l\000i\000\040\000o\000\040\000c\000o\000m\000p\000l\000e\000s\000s\000i\000\040\000c\000o\000n\000i\000u\000g\000a\000t\000i\000\040\000m\000u\000l\000t\000i\000p\000l\000i\000\040\000c\000o\000n\000\040\000m\000o\000l\000t\000e\000p\000l\000i\000c\000i\000t\000\340\000\040\000>\000\040\0001}{subsection.5.1}% 96
