\BOOKMARK [1][-]{section.1}{\376\377\000I\000n\000t\000r\000o\000d\000u\000z\000i\000o\000n\000e}{}% 1
\BOOKMARK [2][-]{subsection.1.1}{\376\377\000L\000a\000\040\000c\000a\000r\000i\000c\000a\000\040\000e\000l\000e\000t\000t\000r\000i\000c\000a\000\040\000e\000\040\000l\000a\000\040\000f\000o\000r\000z\000a\000\040\000d\000i\000\040\000C\000o\000u\000l\000o\000m\000b}{section.1}% 2
\BOOKMARK [3][-]{subsubsection.1.1.1}{\376\377\000L\000a\000\040\000c\000a\000r\000i\000c\000h\000e\000\040\000e\000l\000e\000t\000t\000r\000i\000c\000h\000e\000\040\000e\000d\000\040\000i\000l\000\040\000l\000o\000r\000o\000\040\000m\000o\000t\000o}{subsection.1.1}% 3
\BOOKMARK [2][-]{subsection.1.2}{\376\377\000D\000e\000n\000s\000i\000t\000\340\000\040\000v\000o\000l\000u\000m\000e\000t\000r\000i\000c\000a\000\040\000d\000i\000\040\000c\000a\000r\000i\000c\000a}{section.1}% 4
\BOOKMARK [3][-]{subsubsection.1.2.1}{\376\377\000D\000e\000n\000s\000i\000t\000\340\000\040\000d\000i\000\040\000c\000o\000r\000r\000e\000n\000t\000e\000\040\000J}{subsection.1.2}% 5
\BOOKMARK [2][-]{subsection.1.3}{\376\377\000C\000o\000r\000r\000e\000n\000t\000e\000\040\000e\000l\000e\000t\000t\000r\000i\000c\000a}{section.1}% 6
\BOOKMARK [2][-]{subsection.1.4}{\376\377\000T\000e\000n\000s\000i\000o\000n\000e\000\040\000e\000l\000e\000t\000t\000r\000i\000c\000a\000\040\000e\000\040\000d\000i\000f\000f\000e\000r\000e\000n\000z\000a\000\040\000d\000i\000\040\000p\000o\000t\000e\000n\000z\000i\000a\000l\000e\000\040\000e\000l\000e\000t\000t\000r\000i\000c\000o}{section.1}% 7
\BOOKMARK [2][-]{subsection.1.5}{\376\377\000L\000e\000g\000g\000e\000\040\000d\000i\000\040\000A\000m\000p\000e\000r\000e\000-\000P\000r\000i\000m\000a\000\040\000l\000e\000g\000g\000e\000\040\000d\000i\000\040\000M\000a\000x\000w\000e\000l\000l}{section.1}% 8
\BOOKMARK [2][-]{subsection.1.6}{\376\377\000L\000e\000g\000g\000e\000\040\000d\000e\000l\000l\000'\000i\000n\000d\000u\000z\000i\000o\000n\000e\000\040\000d\000i\000\040\000F\000a\000r\000a\000d\000a\000y\000-\000S\000e\000c\000o\000n\000d\000a\000\040\000l\000e\000g\000g\000e\000\040\000d\000i\000\040\000M\000a\000x\000w\000e\000l\000l}{section.1}% 9
\BOOKMARK [2][-]{subsection.1.7}{\376\377\000C\000o\000n\000s\000e\000r\000v\000a\000z\000i\000o\000n\000e\000\040\000d\000e\000l\000l\000a\000\040\000c\000a\000r\000i\000c\000a\000\040\000e\000l\000e\000t\000t\000r\000i\000c\000a}{section.1}% 10
\BOOKMARK [2][-]{subsection.1.8}{\376\377\000L\000e\000g\000g\000e\000\040\000d\000i\000\040\000G\000a\000u\000s\000s}{section.1}% 11
\BOOKMARK [2][-]{subsection.1.9}{\376\377\000F\000o\000r\000z\000a\000\040\000e\000l\000e\000t\000t\000r\000o\000m\000o\000t\000r\000i\000c\000e}{section.1}% 12
\BOOKMARK [2][-]{subsection.1.10}{\376\377\000L\000e\000g\000g\000i\000\040\000d\000e\000l\000l\000'\000E\000l\000e\000t\000t\000r\000o\000m\000a\000g\000n\000e\000t\000i\000s\000m\000o\000\040\000i\000n\000\040\000f\000o\000r\000m\000a\000\040\000i\000n\000t\000e\000g\000r\000a\000l\000e}{section.1}% 13
\BOOKMARK [2][-]{subsection.1.11}{\376\377\000L\000e\000g\000g\000i\000\040\000d\000e\000l\000l\000'\000E\000l\000e\000t\000t\000r\000o\000m\000a\000g\000n\000e\000t\000i\000s\000m\000o\000\040\000i\000n\000\040\000f\000o\000r\000m\000a\000\040\000l\000o\000c\000a\000l\000e}{section.1}% 14
\BOOKMARK [2][-]{subsection.1.12}{\376\377\000R\000e\000l\000a\000z\000i\000o\000n\000i\000\040\000m\000a\000t\000e\000r\000i\000a\000l\000e}{section.1}% 15
\BOOKMARK [2][-]{subsection.1.13}{\376\377\000S\000I\000\040\000U\000n\000i\000t\000s}{section.1}% 16
\BOOKMARK [3][-]{subsubsection.1.13.1}{\376\377\000U\000n\000i\000t\000\340\000\040\000d\000e\000r\000i\000v\000a\000t\000e\000\040\000S\000I}{subsection.1.13}% 17
\BOOKMARK [3][-]{subsubsection.1.13.2}{\376\377\000P\000r\000e\000f\000i\000s\000s\000i\000\040\000S\000I}{subsection.1.13}% 18
\BOOKMARK [1][-]{section.2}{\376\377\000C\000i\000r\000c\000u\000i\000t\000i\000\040\000e\000l\000e\000t\000t\000r\000i\000c\000i}{}% 19
\BOOKMARK [2][-]{subsection.2.1}{\376\377\000I\000n\000t\000r\000o\000d\000u\000z\000i\000o\000n\000e}{section.2}% 20
\BOOKMARK [3][-]{subsubsection.2.1.1}{\376\377\000C\000o\000n\000v\000e\000n\000z\000i\000o\000n\000e\000\040\000d\000e\000l\000\040\000g\000e\000n\000e\000r\000a\000t\000o\000r\000e\000\040\000e\000\040\000d\000e\000l\000l\000'\000u\000t\000i\000l\000i\000z\000z\000a\000t\000o\000r\000e}{subsection.2.1}% 21
\BOOKMARK [2][-]{subsection.2.2}{\376\377\000R\000i\000s\000o\000l\000v\000e\000r\000e\000\040\000u\000n\000\040\000c\000i\000r\000c\000u\000i\000t\000o}{section.2}% 22
\BOOKMARK [3][-]{subsubsection.2.2.1}{\376\377\000P\000r\000i\000m\000a\000\040\000l\000e\000g\000g\000e\000\040\000\050\000L\000K\000T\000\051}{subsection.2.2}% 23
\BOOKMARK [3][-]{subsubsection.2.2.2}{\376\377\000S\000e\000c\000o\000n\000d\000a\000\040\000l\000e\000g\000g\000e\000\040\000\050\000L\000K\000C\000\051}{subsection.2.2}% 24
\BOOKMARK [3][-]{subsubsection.2.2.3}{\376\377\000T\000e\000o\000r\000e\000m\000a\000\040\000d\000i\000\040\000T\000e\000l\000l\000e\000g\000e\000n}{subsection.2.2}% 25
\BOOKMARK [2][-]{subsection.2.3}{\376\377\000E\000l\000e\000m\000e\000n\000t\000i\000\040\000c\000i\000r\000c\000u\000i\000t\000a\000l\000i\000\040\000p\000a\000s\000s\000i\000v\000i}{section.2}% 26
\BOOKMARK [3][-]{subsubsection.2.3.1}{\376\377\000R\000e\000s\000i\000s\000t\000o\000r\000e}{subsection.2.3}% 27
\BOOKMARK [3][-]{subsubsection.2.3.2}{\376\377\000C\000o\000n\000d\000e\000n\000s\000a\000t\000o\000r\000e}{subsection.2.3}% 28
\BOOKMARK [3][-]{subsubsection.2.3.3}{\376\377\000I\000n\000d\000u\000t\000t\000o\000r\000e}{subsection.2.3}% 29
\BOOKMARK [3][-]{subsubsection.2.3.4}{\376\377\000D\000i\000s\000p\000o\000s\000i\000t\000i\000v\000i\000\040\000i\000n\000\040\000s\000e\000r\000i\000e\000\040\000e\000\040\000i\000n\000\040\000p\000a\000r\000a\000l\000l\000e\000l\000o}{subsection.2.3}% 30
\BOOKMARK [2][-]{subsection.2.4}{\376\377\000E\000l\000e\000m\000e\000n\000t\000i\000\040\000c\000i\000r\000c\000u\000i\000t\000a\000l\000i\000\040\000a\000t\000t\000i\000v\000i}{section.2}% 31
\BOOKMARK [3][-]{subsubsection.2.4.1}{\376\377\000G\000e\000n\000e\000r\000a\000t\000o\000r\000e\000\040\000i\000n\000d\000i\000p\000e\000n\000d\000e\000n\000t\000e\000\040\000d\000i\000\040\000t\000e\000n\000s\000i\000o\000n\000e}{subsection.2.4}% 32
\BOOKMARK [3][-]{subsubsection.2.4.2}{\376\377\000G\000e\000n\000e\000r\000a\000t\000o\000r\000e\000\040\000i\000n\000d\000i\000p\000e\000n\000d\000e\000n\000t\000e\000\040\000d\000i\000\040\000c\000o\000r\000r\000e\000n\000t\000e}{subsection.2.4}% 33
\BOOKMARK [3][-]{subsubsection.2.4.3}{\376\377\000G\000e\000n\000e\000r\000a\000t\000o\000r\000i\000\040\000d\000i\000p\000e\000n\000d\000e\000n\000t\000i}{subsection.2.4}% 34
\BOOKMARK [2][-]{subsection.2.5}{\376\377\000C\000i\000r\000c\000u\000i\000t\000i\000\040\000n\000e\000l\000\040\000d\000e\000t\000t\000a\000g\000l\000i\000o}{section.2}% 35
\BOOKMARK [3][-]{subsubsection.2.5.1}{\376\377\000C\000i\000r\000c\000u\000i\000t\000i\000\040\000a\000p\000e\000r\000t\000i\000\040\000e\000\040\000c\000h\000i\000u\000s\000i}{subsection.2.5}% 36
\BOOKMARK [3][-]{subsubsection.2.5.2}{\376\377\000E\000s\000e\000m\000p\000i\000o\000\040\0001}{subsection.2.5}% 37
\BOOKMARK [3][-]{subsubsection.2.5.3}{\376\377\000P\000a\000r\000t\000i\000t\000o\000r\000e\000\040\000d\000i\000\040\000t\000e\000n\000s\000i\000o\000n\000e}{subsection.2.5}% 38
\BOOKMARK [3][-]{subsubsection.2.5.4}{\376\377\000P\000a\000r\000t\000i\000t\000o\000r\000e\000\040\000d\000i\000\040\000c\000o\000r\000r\000e\000n\000t\000e}{subsection.2.5}% 39
\BOOKMARK [3][-]{subsubsection.2.5.5}{\376\377\000C\000o\000l\000l\000e\000g\000a\000m\000e\000n\000t\000i\000\040\000d\000i\000\040\000r\000e\000s\000i\000s\000t\000o\000r\000i\000\040\000a\000\040\000s\000t\000e\000l\000l\000a\000\040\000e\000\040\000a\000\040\000t\000r\000i\000a\000n\000g\000o\000l\000o}{subsection.2.5}% 40
\BOOKMARK [1][-]{section.3}{\376\377\000M\000e\000t\000o\000d\000i\000\040\000d\000i\000\040\000a\000n\000a\000l\000i\000s\000i}{}% 41
\BOOKMARK [2][-]{subsection.3.1}{\376\377\000M\000e\000t\000o\000d\000o\000\040\000d\000i\000\040\000T\000a\000n\000e\000n\000b\000l\000a\000u}{section.3}% 42
\BOOKMARK [3][-]{subsubsection.3.1.1}{\376\377\000E\000s\000e\000m\000p\000i\000o}{subsection.3.1}% 43
\BOOKMARK [2][-]{subsection.3.2}{\376\377\000M\000e\000t\000o\000d\000o\000\040\000d\000e\000i\000\040\000p\000o\000t\000e\000n\000z\000i\000a\000l\000i\000\040\000d\000i\000\040\000n\000o\000d\000o}{section.3}% 44
\BOOKMARK [2][-]{subsection.3.3}{\376\377\000E\000s\000e\000m\000p\000i\000o}{section.3}% 45
\BOOKMARK [2][-]{subsection.3.4}{\376\377\000T\000e\000o\000r\000e\000m\000i\000\040\000d\000i\000\040\000r\000e\000t\000e}{section.3}% 46
\BOOKMARK [2][-]{subsection.3.5}{\376\377\000S\000o\000v\000r\000a\000p\000p\000o\000s\000i\000z\000i\000o\000n\000e\000\040\000d\000e\000g\000l\000i\000\040\000e\000f\000f\000e\000t\000t\000i}{section.3}% 47
\BOOKMARK [3][-]{subsubsection.3.5.1}{\376\377\000E\000s\000e\000m\000p\000i\000o}{subsection.3.5}% 48
\BOOKMARK [3][-]{subsubsection.3.5.2}{\376\377\000E\000s\000e\000m\000p\000i\000o\000\040\0002}{subsection.3.5}% 49
\BOOKMARK [2][-]{subsection.3.6}{\376\377\000T\000e\000o\000r\000e\000m\000a\000\040\000d\000i\000\040\000T\000h\000e\000v\000e\000n\000i\000n}{section.3}% 50
\BOOKMARK [3][-]{subsubsection.3.6.1}{\376\377\000E\000s\000e\000m\000p\000i\000o}{subsection.3.6}% 51
\BOOKMARK [3][-]{subsubsection.3.6.2}{\376\377\000E\000s\000e\000r\000c\000i\000z\000i\000o}{subsection.3.6}% 52
\BOOKMARK [2][-]{subsection.3.7}{\376\377\000T\000e\000o\000r\000e\000m\000a\000\040\000d\000i\000\040\000N\000o\000r\000t\000o\000n}{section.3}% 53
\BOOKMARK [3][-]{subsubsection.3.7.1}{\376\377\000E\000s\000e\000m\000p\000i\000o}{subsection.3.7}% 54
\BOOKMARK [2][-]{subsection.3.8}{\376\377\000T\000e\000o\000r\000e\000m\000a\000\040\000d\000e\000l\000\040\000m\000a\000s\000s\000i\000m\000o\000\040\000t\000r\000a\000s\000f\000e\000r\000i\000m\000e\000n\000t\000o\000\040\000d\000i\000\040\000p\000o\000t\000e\000n\000z\000a}{section.3}% 55
\BOOKMARK [2][-]{subsection.3.9}{\376\377\000T\000e\000o\000r\000e\000m\000a\000\040\000d\000i\000\040\000M\000i\000l\000l\000m\000a\000n}{section.3}% 56
\BOOKMARK [3][-]{subsubsection.3.9.1}{\376\377\000E\000s\000e\000m\000p\000i\000o\000\040\0001}{subsection.3.9}% 57
\BOOKMARK [3][-]{subsubsection.3.9.2}{\376\377\000E\000s\000e\000m\000p\000i\000o\000\040\0002}{subsection.3.9}% 58
\BOOKMARK [1][-]{section.4}{\376\377\000A\000n\000a\000l\000i\000s\000i\000\040\000d\000e\000l\000\040\000t\000r\000a\000n\000s\000i\000t\000o\000r\000i\000o}{}% 59
\BOOKMARK [2][-]{subsection.4.1}{\376\377\000F\000o\000r\000m\000u\000l\000e\000\040\000n\000o\000t\000e\000v\000o\000l\000i}{section.4}% 60
\BOOKMARK [3][-]{subsubsection.4.1.1}{\376\377\000C\000o\000n\000d\000e\000n\000s\000a\000t\000o\000r\000e}{subsection.4.1}% 61
\BOOKMARK [3][-]{subsubsection.4.1.2}{\376\377\000I\000n\000d\000u\000t\000t\000o\000r\000e}{subsection.4.1}% 62
\BOOKMARK [2][-]{subsection.4.2}{\376\377\000I\000n\000t\000r\000o\000d\000u\000z\000i\000o\000n\000e}{section.4}% 63
\BOOKMARK [2][-]{subsection.4.3}{\376\377\000I\000l\000\040\000p\000r\000o\000b\000l\000e\000m\000a\000\040\000d\000i\000\040\000C\000a\000u\000c\000h\000y}{section.4}% 64
\BOOKMARK [3][-]{subsubsection.4.3.1}{\376\377\000P\000r\000i\000n\000c\000i\000p\000i\000o\000\040\000d\000i\000\040\000c\000o\000n\000s\000e\000r\000v\000a\000z\000i\000o\000n\000e\000\040\000d\000e\000l\000l\000'\000e\000n\000e\000r\000g\000i\000a}{subsection.4.3}% 65
\BOOKMARK [2][-]{subsection.4.4}{\376\377\000C\000i\000r\000c\000u\000i\000t\000o\000\040\000d\000e\000l\000\040\000p\000r\000i\000m\000o\000\040\000o\000r\000d\000i\000n\000e\000:\000\040\000C\000i\000r\000c\000u\000i\000t\000o\000\040\000R\000C}{section.4}% 66
\BOOKMARK [2][-]{subsection.4.5}{\376\377\000C\000i\000r\000c\000u\000i\000t\000o\000\040\000d\000e\000l\000\040\000p\000r\000i\000m\000o\000\040\000o\000r\000d\000i\000n\000e\000:\000\040\000C\000i\000r\000c\000u\000i\000t\000o\000\040\000R\000L}{section.4}% 67
\BOOKMARK [2][-]{subsection.4.6}{\376\377\000C\000o\000n\000f\000r\000o\000n\000t\000o\000\040\000t\000r\000a\000\040\000c\000i\000r\000c\000u\000i\000t\000o\000\040\000R\000C\000\040\000e\000\040\000c\000i\000r\000c\000u\000i\000t\000o\000\040\000R\000L}{section.4}% 68
\BOOKMARK [2][-]{subsection.4.7}{\376\377\000C\000i\000r\000c\000u\000i\000t\000i\000\040\000d\000e\000l\000\040\000s\000e\000c\000o\000n\000d\000o\000\040\000o\000r\000d\000i\000n\000e\000:\000\040\000C\000i\000r\000c\000u\000i\000t\000o\000\040\000R\000L\000C}{section.4}% 69
\BOOKMARK [2][-]{subsection.4.8}{\376\377\000E\000s\000e\000r\000c\000i\000z\000i\000\040\000i\000n\000\040\000r\000e\000g\000i\000m\000e\000\040\000t\000r\000a\000n\000s\000i\000t\000o\000r\000i\000o}{section.4}% 70
\BOOKMARK [3][-]{subsubsection.4.8.1}{\376\377\000E\000s\000e\000r\000c\000i\000z\000i\000o\000\040\0001\000:\000\040\000C\000i\000r\000c\000u\000i\000t\000o\000\040\000R\000C}{subsection.4.8}% 71
\BOOKMARK [3][-]{subsubsection.4.8.2}{\376\377\000E\000s\000e\000r\000c\000i\000z\000i\000o\000\040\0002\000:\000\040\000C\000i\000r\000c\000u\000i\000t\000o\000\040\000R\000L}{subsection.4.8}% 72
\BOOKMARK [3][-]{subsubsection.4.8.3}{\376\377\000E\000s\000e\000r\000c\000i\000z\000i\000o\000\040\0003\000:\000\040\000C\000i\000r\000c\000u\000i\000t\000o\000\040\000R\000L\000C\000\040\000c\000o\000m\000p\000l\000e\000s\000s\000o}{subsection.4.8}% 73
\BOOKMARK [3][-]{subsubsection.4.8.4}{\376\377\000E\000s\000e\000r\000c\000i\000z\000i\000o\000\040\0004\000:\000\040\000C\000i\000r\000c\000u\000i\000t\000o\000\040\000R\000L\000C\000\040\000c\000o\000m\000p\000l\000e\000s\000s\000o}{subsection.4.8}% 74
\BOOKMARK [1][-]{section.5}{\376\377\000R\000e\000g\000i\000m\000e\000\040\000s\000i\000n\000u\000s\000o\000i\000d\000a\000l\000e}{}% 75
\BOOKMARK [2][-]{subsection.5.1}{\376\377\000I\000n\000t\000r\000o\000d\000u\000z\000i\000o\000n\000e}{section.5}% 76
\BOOKMARK [3][-]{subsubsection.5.1.1}{\376\377\000S\000e\000g\000n\000a\000l\000i\000\040\000p\000e\000r\000i\000o\000d\000i\000c\000i}{subsection.5.1}% 77
\BOOKMARK [2][-]{subsection.5.2}{\376\377\000S\000i\000n\000u\000s\000o\000i\000d\000e}{section.5}% 78
\BOOKMARK [3][-]{subsubsection.5.2.1}{\376\377\000P\000o\000t\000e\000n\000z\000a\000\040\000m\000e\000d\000i\000a\000\040\000d\000i\000s\000s\000i\000p\000a\000t\000a\000\040\000d\000a\000\040\000u\000n\000a\000\040\000r\000e\000s\000i\000s\000t\000e\000n\000z\000a}{subsection.5.2}% 79
\BOOKMARK [3][-]{subsubsection.5.2.2}{\376\377\000S\000e\000g\000n\000a\000l\000i\000\040\000i\000s\000o\000f\000r\000e\000q\000u\000e\000n\000z\000i\000a\000l\000i}{subsection.5.2}% 80
\BOOKMARK [2][-]{subsection.5.3}{\376\377\000F\000a\000s\000o\000r\000i}{section.5}% 81
\BOOKMARK [2][-]{subsection.5.4}{\376\377\000T\000r\000a\000s\000f\000o\000r\000m\000a\000t\000a\000\040\000d\000i\000\040\000S\000t\000e\000i\000n\000m\000e\000t\000z}{section.5}% 82
\BOOKMARK [3][-]{subsubsection.5.4.1}{\376\377\000O\000p\000e\000r\000a\000z\000i\000o\000n\000i\000\040\000s\000u\000i\000\040\000n\000u\000m\000e\000r\000i\000\040\000c\000o\000m\000p\000l\000e\000s\000s\000i}{subsection.5.4}% 83
\BOOKMARK [2][-]{subsection.5.5}{\376\377\000M\000e\000t\000o\000d\000o\000\040\000s\000i\000m\000b\000o\000l\000i\000c\000o}{section.5}% 84
\BOOKMARK [3][-]{subsubsection.5.5.1}{\376\377\000I\000m\000p\000e\000d\000e\000n\000z\000a\000\040\000e\000\040\000a\000m\000m\000e\000t\000t\000e\000n\000z\000a\000\040\000-\000\040\000L\000e\000g\000g\000e\000\040\000d\000i\000\040\000O\000h\000m\000\040\000s\000i\000m\000b\000o\000l\000i\000c\000a}{subsection.5.5}% 85
\BOOKMARK [3][-]{subsubsection.5.5.2}{\376\377\000F\000o\000r\000m\000u\000l\000e\000\040\000s\000i\000m\000b\000o\000l\000i\000c\000h\000e\000\040\000d\000i\000\040\000r\000e\000s\000i\000s\000t\000o\000r\000e\000,\000\040\000i\000n\000d\000u\000t\000t\000o\000r\000e\000\040\000e\000\040\000c\000o\000n\000d\000e\000n\000s\000a\000t\000o\000r\000e}{subsection.5.5}% 86
\BOOKMARK [3][-]{subsubsection.5.5.3}{\376\377\000E\000q\000u\000a\000z\000i\000o\000n\000i\000\040\000c\000o\000s\000t\000i\000t\000u\000t\000i\000v\000e\000\040\000i\000n\000\040\000f\000o\000r\000m\000a\000\040\000s\000i\000m\000b\000o\000l\000i\000c\000a}{subsection.5.5}% 87
\BOOKMARK [3][-]{subsubsection.5.5.4}{\376\377\000I\000l\000\040\000m\000e\000t\000o\000d\000o}{subsection.5.5}% 88
\BOOKMARK [2][-]{subsection.5.6}{\376\377\000P\000o\000t\000e\000n\000z\000a\000\040\000e\000l\000e\000t\000t\000r\000i\000c\000a\000\040\000n\000e\000l\000\040\000r\000e\000g\000i\000m\000e\000\040\000s\000i\000n\000u\000s\000o\000i\000d\000a\000l\000e}{section.5}% 89
\BOOKMARK [3][-]{subsubsection.5.6.1}{\376\377\000P\000o\000t\000e\000n\000z\000a\000\040\000i\000s\000t\000a\000n\000t\000a\000n\000e\000a}{subsection.5.6}% 90
\BOOKMARK [3][-]{subsubsection.5.6.2}{\376\377\000P\000o\000t\000e\000n\000z\000a\000\040\000a\000t\000t\000i\000v\000a}{subsection.5.6}% 91
\BOOKMARK [3][-]{subsubsection.5.6.3}{\376\377\000P\000o\000t\000e\000n\000z\000a\000\040\000r\000e\000a\000t\000t\000i\000v\000a}{subsection.5.6}% 92
\BOOKMARK [3][-]{subsubsection.5.6.4}{\376\377\000P\000o\000t\000e\000n\000z\000a\000\040\000c\000o\000m\000p\000l\000e\000s\000s\000a}{subsection.5.6}% 93
\BOOKMARK [3][-]{subsubsection.5.6.5}{\376\377\000F\000o\000r\000m\000u\000l\000e\000\040\000n\000o\000t\000e\000v\000o\000l\000i}{subsection.5.6}% 94
\BOOKMARK [3][-]{subsubsection.5.6.6}{\376\377\000P\000o\000t\000e\000n\000z\000a\000\040\000a\000p\000p\000a\000r\000e\000n\000t\000e}{subsection.5.6}% 95
\BOOKMARK [3][-]{subsubsection.5.6.7}{\376\377\000A\000d\000d\000i\000t\000i\000v\000i\000t\000\340\000\040\000d\000e\000l\000l\000e\000\040\000p\000o\000t\000e\000n\000z\000e}{subsection.5.6}% 96
\BOOKMARK [3][-]{subsubsection.5.6.8}{\376\377\000F\000a\000t\000t\000o\000r\000e\000\040\000d\000i\000\040\000p\000o\000t\000e\000n\000z\000a}{subsection.5.6}% 97
\BOOKMARK [2][-]{subsection.5.7}{\376\377\000E\000s\000e\000r\000c\000i\000z\000i}{section.5}% 98
\BOOKMARK [3][-]{subsubsection.5.7.1}{\376\377\000E\000s\000e\000r\000c\000i\000z\000i\000o\000\040\0001}{subsection.5.7}% 99
\BOOKMARK [3][-]{subsubsection.5.7.2}{\376\377\000E\000s\000e\000r\000c\000i\000z\000i\000o\000\040\0002}{subsection.5.7}% 100
\BOOKMARK [3][-]{subsubsection.5.7.3}{\376\377\000E\000s\000e\000r\000c\000i\000z\000i\000o\000\040\000s\000u\000l\000l\000e\000\040\000p\000o\000t\000e\000n\000z\000e}{subsection.5.7}% 101
\BOOKMARK [1][-]{section.6}{\376\377\000R\000i\000s\000p\000o\000s\000t\000a\000\040\000i\000n\000\040\000f\000r\000e\000q\000u\000e\000n\000z\000a}{}% 102
\BOOKMARK [2][-]{subsection.6.1}{\376\377\000F\000i\000l\000t\000r\000o\000\040\000p\000a\000s\000s\000a\000-\000b\000a\000s\000s\000o}{section.6}% 103
\BOOKMARK [3][-]{subsubsection.6.1.1}{\376\377\000F\000i\000l\000t\000r\000o\000\040\000p\000a\000s\000s\000a\000-\000b\000a\000s\000s\000o\000\040\000R\000L}{subsection.6.1}% 104
\BOOKMARK [2][-]{subsection.6.2}{\376\377\000F\000i\000l\000t\000r\000o\000\040\000p\000a\000s\000s\000a\000-\000a\000l\000t\000o}{section.6}% 105
\BOOKMARK [3][-]{subsubsection.6.2.1}{\376\377\000F\000i\000l\000t\000r\000o\000\040\000p\000a\000s\000s\000a\000-\000a\000l\000t\000o\000\040\000R\000C}{subsection.6.2}% 106
\BOOKMARK [2][-]{subsection.6.3}{\376\377\000F\000i\000l\000t\000r\000o\000\040\000p\000a\000s\000s\000a\000-\000b\000a\000n\000d\000a}{section.6}% 107
\BOOKMARK [2][-]{subsection.6.4}{\376\377\000F\000i\000l\000t\000r\000o\000\040\000a\000r\000r\000e\000s\000t\000a\000\040\000b\000a\000n\000d\000a}{section.6}% 108
\BOOKMARK [2][-]{subsection.6.5}{\376\377\000F\000i\000l\000t\000r\000i\000\040\000i\000d\000e\000a\000l\000i}{section.6}% 109
\BOOKMARK [1][-]{section.7}{\376\377\000S\000i\000s\000t\000e\000m\000i\000\040\000t\000r\000i\000f\000a\000s\000e}{}% 110
\BOOKMARK [2][-]{subsection.7.1}{\376\377\000I\000n\000t\000r\000o\000d\000u\000z\000i\000o\000n\000e}{section.7}% 111
\BOOKMARK [2][-]{subsection.7.2}{\376\377\000C\000o\000r\000r\000e\000n\000t\000i\000\040\000e\000\040\000t\000e\000n\000s\000i\000o\000n\000i\000\040\000n\000e\000i\000\040\000s\000i\000s\000t\000e\000m\000i\000\040\000t\000r\000i\000f\000a\000s\000e}{section.7}% 112
\BOOKMARK [3][-]{subsubsection.7.2.1}{\376\377\000S\000i\000s\000t\000e\000m\000a\000\040\000d\000e\000l\000l\000e\000\040\000t\000e\000n\000s\000i\000o\000n\000i\000\040\000s\000i\000m\000m\000e\000t\000r\000i\000c\000o}{subsection.7.2}% 113
\BOOKMARK [3][-]{subsubsection.7.2.2}{\376\377\000S\000i\000s\000t\000e\000m\000a\000\040\000e\000q\000u\000i\000l\000i\000b\000r\000a\000t\000o\000\040\000d\000e\000l\000l\000e\000\040\000c\000o\000r\000r\000e\000n\000t\000i}{subsection.7.2}% 114
\BOOKMARK [3][-]{subsubsection.7.2.3}{\376\377\000S\000i\000s\000t\000e\000m\000a\000\040\000d\000e\000l\000l\000e\000\040\000t\000e\000n\000s\000i\000o\000n\000i\000\040\000d\000i\000\040\000l\000i\000n\000e\000a\000\040\000e\000\040\000d\000i\000\040\000f\000a\000s\000e\000\040\000s\000i\000m\000m\000e\000t\000r\000i\000c\000o}{subsection.7.2}% 115
\BOOKMARK [2][-]{subsection.7.3}{\376\377\000I\000m\000p\000e\000d\000e\000n\000z\000e\000\040\000d\000i\000\040\000c\000a\000r\000i\000c\000o}{section.7}% 116
\BOOKMARK [3][-]{subsubsection.7.3.1}{\376\377\000I\000m\000p\000e\000d\000e\000n\000z\000e\000\040\000c\000o\000l\000l\000e\000g\000a\000t\000e\000\040\000a\000\040\000s\000t\000e\000l\000l\000a}{subsection.7.3}% 117
\BOOKMARK [3][-]{subsubsection.7.3.2}{\376\377\000I\000m\000p\000e\000d\000e\000n\000z\000e\000\040\000c\000o\000l\000l\000e\000g\000a\000t\000e\000\040\000a\000\040\000t\000r\000i\000a\000n\000g\000o\000l\000o}{subsection.7.3}% 118
\BOOKMARK [3][-]{subsubsection.7.3.3}{\376\377\000I\000m\000p\000e\000d\000e\000n\000z\000e\000\040\000c\000o\000l\000l\000e\000g\000a\000t\000e\000\040\000a\000\040\000u\000n\000a\000\040\000r\000e\000t\000e\000\040\000t\000r\000i\000f\000a\000s\000e}{subsection.7.3}% 119
\BOOKMARK [2][-]{subsection.7.4}{\376\377\000S\000i\000s\000t\000e\000m\000i\000\040\000t\000r\000i\000f\000a\000s\000e\000\040\000b\000i\000l\000a\000n\000c\000i\000a\000t\000i}{section.7}% 120
\BOOKMARK [2][-]{subsection.7.5}{\376\377\000I\000n\000t\000r\000o\000d\000u\000z\000i\000o\000n\000e}{section.7}% 121
\BOOKMARK [2][-]{subsection.7.6}{\376\377\000S\000i\000s\000t\000e\000m\000i\000\040\000t\000r\000i\000f\000a\000s\000e\000\040\000c\000o\000n\000\040\000n\000e\000u\000t\000r\000o}{section.7}% 122
\BOOKMARK [3][-]{subsubsection.7.6.1}{\376\377\000P\000o\000t\000e\000n\000z\000a\000\040\000i\000s\000t\000a\000n\000t\000a\000n\000e\000a\000\040\000t\000r\000i\000f\000a\000s\000e}{subsection.7.6}% 123
\BOOKMARK [2][-]{subsection.7.7}{\376\377\000D\000i\000f\000f\000e\000r\000e\000n\000z\000e\000\040\000t\000r\000a\000\040\000s\000i\000s\000t\000e\000m\000i\000\040\000t\000r\000i\000f\000a\000s\000e\000\040\000b\000i\000l\000a\000n\000c\000i\000a\000t\000i\000\040\000e\000\040\000n\000o\000n\000\040\000b\000i\000l\000a\000n\000c\000i\000a\000t\000i}{section.7}% 124
\BOOKMARK [3][-]{subsubsection.7.7.1}{\376\377\000P\000o\000t\000e\000n\000z\000a\000\040\000a\000t\000t\000i\000v\000a\000\040\000e\000\040\000p\000o\000t\000e\000n\000z\000a\000\040\000r\000e\000a\000t\000t\000i\000v\000a}{subsection.7.7}% 125
\BOOKMARK [1][-]{section.8}{\376\377\000C\000i\000r\000c\000u\000i\000t\000i\000\040\000e\000\040\000f\000o\000r\000z\000e\000\040\000m\000a\000g\000n\000e\000t\000i\000c\000h\000e}{}% 126
\BOOKMARK [2][-]{subsection.8.1}{\376\377\000I\000n\000t\000r\000o\000d\000u\000z\000i\000o\000n\000e}{section.8}% 127
\BOOKMARK [2][-]{subsection.8.2}{\376\377\000D\000a\000i\000\040\000c\000a\000m\000p\000i\000\040\000a\000i\000\040\000c\000i\000r\000c\000u\000i\000t\000i\000\040\000m\000a\000g\000n\000e\000t\000i\000c\000i}{section.8}% 128
\BOOKMARK [3][-]{subsubsection.8.2.1}{\376\377\000L\000e\000g\000g\000e\000\040\000d\000i\000\040\000H\000o\000p\000k\000i\000n\000s\000o\000n}{subsection.8.2}% 129
\BOOKMARK [3][-]{subsubsection.8.2.2}{\376\377\000D\000i\000f\000f\000e\000r\000e\000n\000z\000e\000\040\000t\000r\000a\000\040\000c\000i\000r\000c\000u\000i\000t\000i\000\040\000e\000l\000e\000t\000t\000r\000i\000c\000i\000\040\000e\000\040\000c\000i\000r\000c\000u\000i\000t\000i\000\040\000m\000a\000g\000n\000e\000t\000i\000c\000i}{subsection.8.2}% 130
\BOOKMARK [2][-]{subsection.8.3}{\376\377\000C\000i\000r\000c\000u\000i\000t\000i\000\040\000m\000a\000g\000n\000e\000t\000i\000c\000i\000\040\000n\000e\000l\000\040\000d\000e\000t\000t\000a\000g\000l\000i\000o}{section.8}% 131
\BOOKMARK [3][-]{subsubsection.8.3.1}{\376\377\000L\000e\000g\000g\000i\000\040\000d\000i\000\040\000K\000i\000r\000c\000h\000h\000o\000f\000f\000\040\000p\000e\000r\000\040\000i\000\040\000c\000i\000r\000c\000u\000i\000t\000i\000\040\000m\000e\000g\000n\000e\000t\000i\000c\000i\000\040\000e\000\040\000e\000q\000u\000a\000z\000i\000o\000n\000e\000\040\000d\000i\000\040\000r\000a\000m\000o\000\040\000m\000a\000g\000n\000e\000t\000i\000c\000o}{subsection.8.3}% 132
\BOOKMARK [2][-]{subsection.8.4}{\376\377\000A\000n\000a\000l\000i\000s\000i\000\040\000d\000i\000\040\000u\000n\000\040\000c\000i\000r\000c\000u\000i\000t\000o\000\040\000m\000a\000g\000n\000e\000t\000i\000c\000o}{section.8}% 133
\BOOKMARK [2][-]{subsection.8.5}{\376\377\000E\000n\000e\000r\000g\000i\000a\000\040\000m\000a\000g\000n\000e\000t\000i\000c\000a}{section.8}% 134
\BOOKMARK [3][-]{subsubsection.8.5.1}{\376\377\000E\000n\000e\000r\000g\000i\000a\000\040\000m\000a\000g\000n\000e\000t\000i\000c\000a\000\040\000d\000i\000\040\000c\000o\000r\000r\000e\000n\000t\000i\000\040\000c\000o\000n\000c\000a\000t\000e\000n\000a\000t\000e}{subsection.8.5}% 135
\BOOKMARK [2][-]{subsection.8.6}{\376\377\000I\000s\000t\000e\000r\000e\000s\000i\000\040\000m\000a\000g\000n\000e\000t\000i\000c\000a}{section.8}% 136
\BOOKMARK [3][-]{subsubsection.8.6.1}{\376\377\000M\000a\000t\000e\000r\000i\000a\000l\000i\000\040\000f\000e\000r\000r\000o\000m\000a\000g\000n\000e\000t\000i\000c\000i\000\040\000e\000\040\000f\000e\000r\000r\000i\000m\000a\000g\000n\000e\000t\000i\000c\000i\000\040\000m\000o\000r\000b\000i\000d\000i}{subsection.8.6}% 137
\BOOKMARK [3][-]{subsubsection.8.6.2}{\376\377\000M\000a\000t\000e\000r\000i\000a\000l\000i\000\040\000f\000e\000r\000r\000o\000m\000a\000g\000n\000e\000t\000i\000c\000i\000\040\000e\000\040\000f\000e\000r\000r\000i\000m\000a\000g\000n\000e\000t\000i\000c\000i\000\040\000d\000u\000r\000i}{subsection.8.6}% 138
\BOOKMARK [1][-]{section.9}{\376\377\000T\000r\000a\000s\000f\000o\000r\000m\000a\000t\000o\000r\000e}{}% 139
\BOOKMARK [2][-]{subsection.9.1}{\376\377\000I\000n\000t\000r\000o\000d\000u\000z\000i\000o\000n\000e}{section.9}% 140
\BOOKMARK [2][-]{subsection.9.2}{\376\377\000C\000o\000n\000v\000e\000r\000s\000i\000o\000n\000e\000\040\000e\000l\000e\000t\000t\000r\000o\000m\000e\000c\000c\000a\000n\000i\000c\000a\000\040\000d\000e\000l\000l\000'\000e\000n\000e\000r\000g\000i\000a}{section.9}% 141
\BOOKMARK [2][-]{subsection.9.3}{\376\377\000I\000l\000\040\000t\000r\000a\000s\000f\000o\000r\000m\000a\000t\000o\000r\000e\000\040\000n\000e\000l\000\040\000d\000e\000t\000t\000a\000g\000l\000i\000o}{section.9}% 142
\BOOKMARK [3][-]{subsubsection.9.3.1}{\376\377\000D\000i\000f\000f\000e\000r\000e\000n\000z\000e\000\040\000c\000o\000n\000\040\000m\000a\000c\000c\000h\000i\000n\000e\000\040\000e\000l\000e\000t\000t\000r\000i\000c\000h\000e}{subsection.9.3}% 143
\BOOKMARK [3][-]{subsubsection.9.3.2}{\376\377\000S\000t\000r\000u\000t\000t\000u\000r\000a}{subsection.9.3}% 144
\BOOKMARK [3][-]{subsubsection.9.3.3}{\376\377\000T\000r\000a\000s\000f\000o\000r\000m\000a\000t\000o\000r\000e\000\040\000i\000d\000e\000a\000l\000e}{subsection.9.3}% 145
\BOOKMARK [2][-]{subsection.9.4}{\376\377\000P\000e\000r\000d\000i\000t\000e\000\040\000e\000n\000e\000r\000g\000e\000t\000i\000c\000h\000e}{section.9}% 146
\BOOKMARK [3][-]{subsubsection.9.4.1}{\376\377\000P\000e\000r\000d\000i\000t\000e\000\040\000n\000e\000l\000\040\000f\000e\000r\000r\000o}{subsection.9.4}% 147
\BOOKMARK [2][-]{subsection.9.5}{\376\377\000I\000l\000\040\000s\000i\000s\000t\000e\000m\000a\000\040\000d\000i\000\040\000p\000o\000t\000e\000n\000z\000a\000\040\000e\000l\000e\000t\000t\000r\000i\000c\000o\000:\000\040\000p\000r\000o\000d\000u\000z\000i\000o\000n\000e\000,\000\040\000t\000r\000a\000s\000m\000i\000s\000s\000i\000o\000n\000e\000,\000\040\000d\000i\000s\000t\000r\000i\000b\000u\000z\000i\000o\000n\000e\000,\000\040\000u\000t\000i\000l\000i\000z\000z\000o}{section.9}% 148
