This is pdfTeX, Version 3.141592653-2.6-1.40.25 (TeX Live 2023) (preloaded format=pdflatex 2023.5.25)  3 AUG 2023 18:15
entering extended mode
 restricted \write18 enabled.
 file:line:error style messages enabled.
 %&-line parsing enabled.
**"c:/Users/bumma/Documents/VSCode/Latex/Anno 2 Semestre 2/Elettrotecnica/Elettrotecnica.tex"
(c:/Users/bumma/Documents/VSCode/Latex/Anno 2 Semestre 2/Elettrotecnica/Elettrotecnica.tex
LaTeX2e <2022-11-01> patch level 1
L3 programming layer <2023-05-15> (c:/texlive/2023/texmf-dist/tex/latex/base/article.cls
Document Class: article 2022/07/02 v1.4n Standard LaTeX document class
(c:/texlive/2023/texmf-dist/tex/latex/base/size10.clo
File: size10.clo 2022/07/02 v1.4n Standard LaTeX file (size option)
)
\c@part=\count185
\c@section=\count186
\c@subsection=\count187
\c@subsubsection=\count188
\c@paragraph=\count189
\c@subparagraph=\count190
\c@figure=\count191
\c@table=\count192
\abovecaptionskip=\skip48
\belowcaptionskip=\skip49
\bibindent=\dimen140
) (c:/texlive/2023/texmf-dist/tex/latex/amsmath/amsmath.sty
Package: amsmath 2022/04/08 v2.17n AMS math features
\@mathmargin=\skip50

For additional information on amsmath, use the `?' option.
(c:/texlive/2023/texmf-dist/tex/latex/amsmath/amstext.sty
Package: amstext 2021/08/26 v2.01 AMS text
 (c:/texlive/2023/texmf-dist/tex/latex/amsmath/amsgen.sty
File: amsgen.sty 1999/11/30 v2.0 generic functions
\@emptytoks=\toks16
\ex@=\dimen141
)) (c:/texlive/2023/texmf-dist/tex/latex/amsmath/amsbsy.sty
Package: amsbsy 1999/11/29 v1.2d Bold Symbols
\pmbraise@=\dimen142
) (c:/texlive/2023/texmf-dist/tex/latex/amsmath/amsopn.sty
Package: amsopn 2022/04/08 v2.04 operator names
)
\inf@bad=\count193
LaTeX Info: Redefining \frac on input line 234.
\uproot@=\count194
\leftroot@=\count195
LaTeX Info: Redefining \overline on input line 399.
LaTeX Info: Redefining \colon on input line 410.
\classnum@=\count196
\DOTSCASE@=\count197
LaTeX Info: Redefining \ldots on input line 496.
LaTeX Info: Redefining \dots on input line 499.
LaTeX Info: Redefining \cdots on input line 620.
\Mathstrutbox@=\box51
\strutbox@=\box52
LaTeX Info: Redefining \big on input line 722.
LaTeX Info: Redefining \Big on input line 723.
LaTeX Info: Redefining \bigg on input line 724.
LaTeX Info: Redefining \Bigg on input line 725.
\big@size=\dimen143
LaTeX Font Info:    Redeclaring font encoding OML on input line 743.
LaTeX Font Info:    Redeclaring font encoding OMS on input line 744.
\macc@depth=\count198
LaTeX Info: Redefining \bmod on input line 905.
LaTeX Info: Redefining \pmod on input line 910.
LaTeX Info: Redefining \smash on input line 940.
LaTeX Info: Redefining \relbar on input line 970.
LaTeX Info: Redefining \Relbar on input line 971.
\c@MaxMatrixCols=\count199
\dotsspace@=\muskip16
\c@parentequation=\count266
\dspbrk@lvl=\count267
\tag@help=\toks17
\row@=\count268
\column@=\count269
\maxfields@=\count270
\andhelp@=\toks18
\eqnshift@=\dimen144
\alignsep@=\dimen145
\tagshift@=\dimen146
\tagwidth@=\dimen147
\totwidth@=\dimen148
\lineht@=\dimen149
\@envbody=\toks19
\multlinegap=\skip51
\multlinetaggap=\skip52
\mathdisplay@stack=\toks20
LaTeX Info: Redefining \[ on input line 2953.
LaTeX Info: Redefining \] on input line 2954.
) (c:/texlive/2023/texmf-dist/tex/latex/amsfonts/amssymb.sty
Package: amssymb 2013/01/14 v3.01 AMS font symbols
 (c:/texlive/2023/texmf-dist/tex/latex/amsfonts/amsfonts.sty
Package: amsfonts 2013/01/14 v3.01 Basic AMSFonts support
\symAMSa=\mathgroup4
\symAMSb=\mathgroup5
LaTeX Font Info:    Redeclaring math symbol \hbar on input line 98.
LaTeX Font Info:    Overwriting math alphabet `\mathfrak' in version `bold'
(Font)                  U/euf/m/n --> U/euf/b/n on input line 106.
)) (c:/texlive/2023/texmf-dist/tex/latex/pgf/frontendlayer/tikz.sty (c:/texlive/2023/texmf-dist/tex/latex/pgf/basiclayer/pgf.sty (c:/texlive/2023/texmf-dist/tex/latex/pgf/utilities/pgfrcs.sty (c:/texlive/2023/texmf-dist/tex/generic/pgf/utilities/pgfutil-common.tex
\pgfutil@everybye=\toks21
\pgfutil@tempdima=\dimen150
\pgfutil@tempdimb=\dimen151
) (c:/texlive/2023/texmf-dist/tex/generic/pgf/utilities/pgfutil-latex.def
\pgfutil@abb=\box53
) (c:/texlive/2023/texmf-dist/tex/generic/pgf/utilities/pgfrcs.code.tex (c:/texlive/2023/texmf-dist/tex/generic/pgf/pgf.revision.tex)
Package: pgfrcs 2023-01-15 v3.1.10 (3.1.10)
))
Package: pgf 2023-01-15 v3.1.10 (3.1.10)
 (c:/texlive/2023/texmf-dist/tex/latex/pgf/basiclayer/pgfcore.sty (c:/texlive/2023/texmf-dist/tex/latex/graphics/graphicx.sty
Package: graphicx 2021/09/16 v1.2d Enhanced LaTeX Graphics (DPC,SPQR)
 (c:/texlive/2023/texmf-dist/tex/latex/graphics/keyval.sty
Package: keyval 2022/05/29 v1.15 key=value parser (DPC)
\KV@toks@=\toks22
) (c:/texlive/2023/texmf-dist/tex/latex/graphics/graphics.sty
Package: graphics 2022/03/10 v1.4e Standard LaTeX Graphics (DPC,SPQR)
 (c:/texlive/2023/texmf-dist/tex/latex/graphics/trig.sty
Package: trig 2021/08/11 v1.11 sin cos tan (DPC)
) (c:/texlive/2023/texmf-dist/tex/latex/graphics-cfg/graphics.cfg
File: graphics.cfg 2016/06/04 v1.11 sample graphics configuration
)
Package graphics Info: Driver file: pdftex.def on input line 107.
 (c:/texlive/2023/texmf-dist/tex/latex/graphics-def/pdftex.def
File: pdftex.def 2022/09/22 v1.2b Graphics/color driver for pdftex
))
\Gin@req@height=\dimen152
\Gin@req@width=\dimen153
) (c:/texlive/2023/texmf-dist/tex/latex/pgf/systemlayer/pgfsys.sty (c:/texlive/2023/texmf-dist/tex/generic/pgf/systemlayer/pgfsys.code.tex
Package: pgfsys 2023-01-15 v3.1.10 (3.1.10)
 (c:/texlive/2023/texmf-dist/tex/generic/pgf/utilities/pgfkeys.code.tex
\pgfkeys@pathtoks=\toks23
\pgfkeys@temptoks=\toks24
 (c:/texlive/2023/texmf-dist/tex/generic/pgf/utilities/pgfkeyslibraryfiltered.code.tex
\pgfkeys@tmptoks=\toks25
))
\pgf@x=\dimen154
\pgf@y=\dimen155
\pgf@xa=\dimen156
\pgf@ya=\dimen157
\pgf@xb=\dimen158
\pgf@yb=\dimen159
\pgf@xc=\dimen160
\pgf@yc=\dimen161
\pgf@xd=\dimen162
\pgf@yd=\dimen163
\w@pgf@writea=\write3
\r@pgf@reada=\read2
\c@pgf@counta=\count271
\c@pgf@countb=\count272
\c@pgf@countc=\count273
\c@pgf@countd=\count274
\t@pgf@toka=\toks26
\t@pgf@tokb=\toks27
\t@pgf@tokc=\toks28
\pgf@sys@id@count=\count275
 (c:/texlive/2023/texmf-dist/tex/generic/pgf/systemlayer/pgf.cfg
File: pgf.cfg 2023-01-15 v3.1.10 (3.1.10)
)
Driver file for pgf: pgfsys-pdftex.def
 (c:/texlive/2023/texmf-dist/tex/generic/pgf/systemlayer/pgfsys-pdftex.def
File: pgfsys-pdftex.def 2023-01-15 v3.1.10 (3.1.10)
 (c:/texlive/2023/texmf-dist/tex/generic/pgf/systemlayer/pgfsys-common-pdf.def
File: pgfsys-common-pdf.def 2023-01-15 v3.1.10 (3.1.10)
))) (c:/texlive/2023/texmf-dist/tex/generic/pgf/systemlayer/pgfsyssoftpath.code.tex
File: pgfsyssoftpath.code.tex 2023-01-15 v3.1.10 (3.1.10)
\pgfsyssoftpath@smallbuffer@items=\count276
\pgfsyssoftpath@bigbuffer@items=\count277
) (c:/texlive/2023/texmf-dist/tex/generic/pgf/systemlayer/pgfsysprotocol.code.tex
File: pgfsysprotocol.code.tex 2023-01-15 v3.1.10 (3.1.10)
)) (c:/texlive/2023/texmf-dist/tex/latex/xcolor/xcolor.sty
Package: xcolor 2022/06/12 v2.14 LaTeX color extensions (UK)
 (c:/texlive/2023/texmf-dist/tex/latex/graphics-cfg/color.cfg
File: color.cfg 2016/01/02 v1.6 sample color configuration
)
Package xcolor Info: Driver file: pdftex.def on input line 227.
 (c:/texlive/2023/texmf-dist/tex/latex/graphics/mathcolor.ltx)
Package xcolor Info: Model `cmy' substituted by `cmy0' on input line 1353.
Package xcolor Info: Model `hsb' substituted by `rgb' on input line 1357.
Package xcolor Info: Model `RGB' extended on input line 1369.
Package xcolor Info: Model `HTML' substituted by `rgb' on input line 1371.
Package xcolor Info: Model `Hsb' substituted by `hsb' on input line 1372.
Package xcolor Info: Model `tHsb' substituted by `hsb' on input line 1373.
Package xcolor Info: Model `HSB' substituted by `hsb' on input line 1374.
Package xcolor Info: Model `Gray' substituted by `gray' on input line 1375.
Package xcolor Info: Model `wave' substituted by `hsb' on input line 1376.
) (c:/texlive/2023/texmf-dist/tex/generic/pgf/basiclayer/pgfcore.code.tex
Package: pgfcore 2023-01-15 v3.1.10 (3.1.10)
 (c:/texlive/2023/texmf-dist/tex/generic/pgf/math/pgfmath.code.tex (c:/texlive/2023/texmf-dist/tex/generic/pgf/math/pgfmathutil.code.tex) (c:/texlive/2023/texmf-dist/tex/generic/pgf/math/pgfmathparser.code.tex
\pgfmath@dimen=\dimen164
\pgfmath@count=\count278
\pgfmath@box=\box54
\pgfmath@toks=\toks29
\pgfmath@stack@operand=\toks30
\pgfmath@stack@operation=\toks31
) (c:/texlive/2023/texmf-dist/tex/generic/pgf/math/pgfmathfunctions.code.tex) (c:/texlive/2023/texmf-dist/tex/generic/pgf/math/pgfmathfunctions.basic.code.tex) (c:/texlive/2023/texmf-dist/tex/generic/pgf/math/pgfmathfunctions.trigonometric.code.tex) (c:/texlive/2023/texmf-dist/tex/generic/pgf/math/pgfmathfunctions.random.code.tex) (c:/texlive/2023/texmf-dist/tex/generic/pgf/math/pgfmathfunctions.comparison.code.tex) (c:/texlive/2023/texmf-dist/tex/generic/pgf/math/pgfmathfunctions.base.code.tex) (c:/texlive/2023/texmf-dist/tex/generic/pgf/math/pgfmathfunctions.round.code.tex) (c:/texlive/2023/texmf-dist/tex/generic/pgf/math/pgfmathfunctions.misc.code.tex) (c:/texlive/2023/texmf-dist/tex/generic/pgf/math/pgfmathfunctions.integerarithmetics.code.tex) (c:/texlive/2023/texmf-dist/tex/generic/pgf/math/pgfmathcalc.code.tex) (c:/texlive/2023/texmf-dist/tex/generic/pgf/math/pgfmathfloat.code.tex
\c@pgfmathroundto@lastzeros=\count279
)) (c:/texlive/2023/texmf-dist/tex/generic/pgf/math/pgfint.code.tex) (c:/texlive/2023/texmf-dist/tex/generic/pgf/basiclayer/pgfcorepoints.code.tex
File: pgfcorepoints.code.tex 2023-01-15 v3.1.10 (3.1.10)
\pgf@picminx=\dimen165
\pgf@picmaxx=\dimen166
\pgf@picminy=\dimen167
\pgf@picmaxy=\dimen168
\pgf@pathminx=\dimen169
\pgf@pathmaxx=\dimen170
\pgf@pathminy=\dimen171
\pgf@pathmaxy=\dimen172
\pgf@xx=\dimen173
\pgf@xy=\dimen174
\pgf@yx=\dimen175
\pgf@yy=\dimen176
\pgf@zx=\dimen177
\pgf@zy=\dimen178
) (c:/texlive/2023/texmf-dist/tex/generic/pgf/basiclayer/pgfcorepathconstruct.code.tex
File: pgfcorepathconstruct.code.tex 2023-01-15 v3.1.10 (3.1.10)
\pgf@path@lastx=\dimen179
\pgf@path@lasty=\dimen180
) (c:/texlive/2023/texmf-dist/tex/generic/pgf/basiclayer/pgfcorepathusage.code.tex
File: pgfcorepathusage.code.tex 2023-01-15 v3.1.10 (3.1.10)
\pgf@shorten@end@additional=\dimen181
\pgf@shorten@start@additional=\dimen182
) (c:/texlive/2023/texmf-dist/tex/generic/pgf/basiclayer/pgfcorescopes.code.tex
File: pgfcorescopes.code.tex 2023-01-15 v3.1.10 (3.1.10)
\pgfpic=\box55
\pgf@hbox=\box56
\pgf@layerbox@main=\box57
\pgf@picture@serial@count=\count280
) (c:/texlive/2023/texmf-dist/tex/generic/pgf/basiclayer/pgfcoregraphicstate.code.tex
File: pgfcoregraphicstate.code.tex 2023-01-15 v3.1.10 (3.1.10)
\pgflinewidth=\dimen183
) (c:/texlive/2023/texmf-dist/tex/generic/pgf/basiclayer/pgfcoretransformations.code.tex
File: pgfcoretransformations.code.tex 2023-01-15 v3.1.10 (3.1.10)
\pgf@pt@x=\dimen184
\pgf@pt@y=\dimen185
\pgf@pt@temp=\dimen186
) (c:/texlive/2023/texmf-dist/tex/generic/pgf/basiclayer/pgfcorequick.code.tex
File: pgfcorequick.code.tex 2023-01-15 v3.1.10 (3.1.10)
) (c:/texlive/2023/texmf-dist/tex/generic/pgf/basiclayer/pgfcoreobjects.code.tex
File: pgfcoreobjects.code.tex 2023-01-15 v3.1.10 (3.1.10)
) (c:/texlive/2023/texmf-dist/tex/generic/pgf/basiclayer/pgfcorepathprocessing.code.tex
File: pgfcorepathprocessing.code.tex 2023-01-15 v3.1.10 (3.1.10)
) (c:/texlive/2023/texmf-dist/tex/generic/pgf/basiclayer/pgfcorearrows.code.tex
File: pgfcorearrows.code.tex 2023-01-15 v3.1.10 (3.1.10)
\pgfarrowsep=\dimen187
) (c:/texlive/2023/texmf-dist/tex/generic/pgf/basiclayer/pgfcoreshade.code.tex
File: pgfcoreshade.code.tex 2023-01-15 v3.1.10 (3.1.10)
\pgf@max=\dimen188
\pgf@sys@shading@range@num=\count281
\pgf@shadingcount=\count282
) (c:/texlive/2023/texmf-dist/tex/generic/pgf/basiclayer/pgfcoreimage.code.tex
File: pgfcoreimage.code.tex 2023-01-15 v3.1.10 (3.1.10)
) (c:/texlive/2023/texmf-dist/tex/generic/pgf/basiclayer/pgfcoreexternal.code.tex
File: pgfcoreexternal.code.tex 2023-01-15 v3.1.10 (3.1.10)
\pgfexternal@startupbox=\box58
) (c:/texlive/2023/texmf-dist/tex/generic/pgf/basiclayer/pgfcorelayers.code.tex
File: pgfcorelayers.code.tex 2023-01-15 v3.1.10 (3.1.10)
) (c:/texlive/2023/texmf-dist/tex/generic/pgf/basiclayer/pgfcoretransparency.code.tex
File: pgfcoretransparency.code.tex 2023-01-15 v3.1.10 (3.1.10)
) (c:/texlive/2023/texmf-dist/tex/generic/pgf/basiclayer/pgfcorepatterns.code.tex
File: pgfcorepatterns.code.tex 2023-01-15 v3.1.10 (3.1.10)
) (c:/texlive/2023/texmf-dist/tex/generic/pgf/basiclayer/pgfcorerdf.code.tex
File: pgfcorerdf.code.tex 2023-01-15 v3.1.10 (3.1.10)
))) (c:/texlive/2023/texmf-dist/tex/generic/pgf/modules/pgfmoduleshapes.code.tex
File: pgfmoduleshapes.code.tex 2023-01-15 v3.1.10 (3.1.10)
\pgfnodeparttextbox=\box59
) (c:/texlive/2023/texmf-dist/tex/generic/pgf/modules/pgfmoduleplot.code.tex
File: pgfmoduleplot.code.tex 2023-01-15 v3.1.10 (3.1.10)
) (c:/texlive/2023/texmf-dist/tex/latex/pgf/compatibility/pgfcomp-version-0-65.sty
Package: pgfcomp-version-0-65 2023-01-15 v3.1.10 (3.1.10)
\pgf@nodesepstart=\dimen189
\pgf@nodesepend=\dimen190
) (c:/texlive/2023/texmf-dist/tex/latex/pgf/compatibility/pgfcomp-version-1-18.sty
Package: pgfcomp-version-1-18 2023-01-15 v3.1.10 (3.1.10)
)) (c:/texlive/2023/texmf-dist/tex/latex/pgf/utilities/pgffor.sty (c:/texlive/2023/texmf-dist/tex/latex/pgf/utilities/pgfkeys.sty (c:/texlive/2023/texmf-dist/tex/generic/pgf/utilities/pgfkeys.code.tex)) (c:/texlive/2023/texmf-dist/tex/latex/pgf/math/pgfmath.sty (c:/texlive/2023/texmf-dist/tex/generic/pgf/math/pgfmath.code.tex)) (c:/texlive/2023/texmf-dist/tex/generic/pgf/utilities/pgffor.code.tex
Package: pgffor 2023-01-15 v3.1.10 (3.1.10)
\pgffor@iter=\dimen191
\pgffor@skip=\dimen192
\pgffor@stack=\toks32
\pgffor@toks=\toks33
)) (c:/texlive/2023/texmf-dist/tex/generic/pgf/frontendlayer/tikz/tikz.code.tex
Package: tikz 2023-01-15 v3.1.10 (3.1.10)
 (c:/texlive/2023/texmf-dist/tex/generic/pgf/libraries/pgflibraryplothandlers.code.tex
File: pgflibraryplothandlers.code.tex 2023-01-15 v3.1.10 (3.1.10)
\pgf@plot@mark@count=\count283
\pgfplotmarksize=\dimen193
)
\tikz@lastx=\dimen194
\tikz@lasty=\dimen195
\tikz@lastxsaved=\dimen196
\tikz@lastysaved=\dimen197
\tikz@lastmovetox=\dimen198
\tikz@lastmovetoy=\dimen199
\tikzleveldistance=\dimen256
\tikzsiblingdistance=\dimen257
\tikz@figbox=\box60
\tikz@figbox@bg=\box61
\tikz@tempbox=\box62
\tikz@tempbox@bg=\box63
\tikztreelevel=\count284
\tikznumberofchildren=\count285
\tikznumberofcurrentchild=\count286
\tikz@fig@count=\count287
 (c:/texlive/2023/texmf-dist/tex/generic/pgf/modules/pgfmodulematrix.code.tex
File: pgfmodulematrix.code.tex 2023-01-15 v3.1.10 (3.1.10)
\pgfmatrixcurrentrow=\count288
\pgfmatrixcurrentcolumn=\count289
\pgf@matrix@numberofcolumns=\count290
)
\tikz@expandcount=\count291
 (c:/texlive/2023/texmf-dist/tex/generic/pgf/frontendlayer/tikz/libraries/tikzlibrarytopaths.code.tex
File: tikzlibrarytopaths.code.tex 2023-01-15 v3.1.10 (3.1.10)
))) (c:/texlive/2023/texmf-dist/tex/latex/geometry/geometry.sty
Package: geometry 2020/01/02 v5.9 Page Geometry
 (c:/texlive/2023/texmf-dist/tex/generic/iftex/ifvtex.sty
Package: ifvtex 2019/10/25 v1.7 ifvtex legacy package. Use iftex instead.
 (c:/texlive/2023/texmf-dist/tex/generic/iftex/iftex.sty
Package: iftex 2022/02/03 v1.0f TeX engine tests
))
\Gm@cnth=\count292
\Gm@cntv=\count293
\c@Gm@tempcnt=\count294
\Gm@bindingoffset=\dimen258
\Gm@wd@mp=\dimen259
\Gm@odd@mp=\dimen260
\Gm@even@mp=\dimen261
\Gm@layoutwidth=\dimen262
\Gm@layoutheight=\dimen263
\Gm@layouthoffset=\dimen264
\Gm@layoutvoffset=\dimen265
\Gm@dimlist=\toks34
) (c:/texlive/2023/texmf-dist/tex/latex/natbib/natbib.sty
Package: natbib 2010/09/13 8.31b (PWD, AO)
\bibhang=\skip53
\bibsep=\skip54
LaTeX Info: Redefining \cite on input line 694.
\c@NAT@ctr=\count295
) (c:/texlive/2023/texmf-dist/tex/latex/mwe/mwe.sty
Package: mwe 2018/03/30 v0.5 Package to support minimal working examples (MWE)
 (c:/texlive/2023/texmf-dist/tex/latex/lipsum/lipsum.sty (c:/texlive/2023/texmf-dist/tex/latex/l3packages/l3keys2e/l3keys2e.sty (c:/texlive/2023/texmf-dist/tex/latex/l3kernel/expl3.sty
Package: expl3 2023-05-15 L3 programming layer (loader) 
 (c:/texlive/2023/texmf-dist/tex/latex/l3backend/l3backend-pdftex.def
File: l3backend-pdftex.def 2023-04-19 L3 backend support: PDF output (pdfTeX)
\l__color_backend_stack_int=\count296
\l__pdf_internal_box=\box64
))
Package: l3keys2e 2023-02-02 LaTeX2e option processing using LaTeX3 keys
)
Package: lipsum 2021-09-20 v2.7 150 paragraphs of Lorem Ipsum dummy text
\g__lipsum_par_int=\count297
\l__lipsum_a_int=\count298
\l__lipsum_b_int=\count299
 (c:/texlive/2023/texmf-dist/tex/latex/lipsum/lipsum.ltd.tex)) (c:/texlive/2023/texmf-dist/tex/latex/blindtext/blindtext.sty
Package: blindtext 2012/01/06 V2.0 blindtext-Package
 (c:/texlive/2023/texmf-dist/tex/latex/tools/xspace.sty
Package: xspace 2014/10/28 v1.13 Space after command names (DPC,MH)
)
\c@blindtext=\count300
\c@Blindtext=\count301
\c@blind@countparstart=\count302
\blind@countxx=\count303
\blindtext@numBlindtext=\count304
\blind@countyy=\count305
\c@blindlist=\count306
\c@blindlistlevel=\count307
\c@blindlist@level=\count308
\blind@listitem=\count309
\c@blind@listcount=\count310
\c@blind@levelcount=\count311
\blind@mathformula=\count312
\blind@Mathformula=\count313
\c@blind@randomcount=\count314
\c@blind@randommax=\count315
\c@blind@pangramcount=\count316
\c@blind@pangrammax=\count317
)) (c:/texlive/2023/texmf-dist/tex/latex/listings/listings.sty
\lst@mode=\count318
\lst@gtempboxa=\box65
\lst@token=\toks35
\lst@length=\count319
\lst@currlwidth=\dimen266
\lst@column=\count320
\lst@pos=\count321
\lst@lostspace=\dimen267
\lst@width=\dimen268
\lst@newlines=\count322
\lst@lineno=\count323
\lst@maxwidth=\dimen269
 (c:/texlive/2023/texmf-dist/tex/latex/listings/lstmisc.sty
File: lstmisc.sty 2023/02/27 1.9 (Carsten Heinz)
\c@lstnumber=\count324
\lst@skipnumbers=\count325
\lst@framebox=\box66
) (c:/texlive/2023/texmf-dist/tex/latex/listings/listings.cfg
File: listings.cfg 2023/02/27 1.9 listings configuration
))
Package: listings 2023/02/27 1.9 (Carsten Heinz)
 (c:/texlive/2023/texmf-dist/tex/latex/tools/tabularx.sty
Package: tabularx 2020/01/15 v2.11c `tabularx' package (DPC)
 (c:/texlive/2023/texmf-dist/tex/latex/tools/array.sty
Package: array 2022/09/04 v2.5g Tabular extension package (FMi)
\col@sep=\dimen270
\ar@mcellbox=\box67
\extrarowheight=\dimen271
\NC@list=\toks36
\extratabsurround=\skip55
\backup@length=\skip56
\ar@cellbox=\box68
)
\TX@col@width=\dimen272
\TX@old@table=\dimen273
\TX@old@col=\dimen274
\TX@target=\dimen275
\TX@delta=\dimen276
\TX@cols=\count326
\TX@ftn=\toks37
) (c:/texlive/2023/texmf-dist/tex/latex/pdfpages/pdfpages.sty
Package: pdfpages 2022/12/19 v0.5x Insert pages of external PDF documents (AM)
 (c:/texlive/2023/texmf-dist/tex/latex/base/ifthen.sty
Package: ifthen 2022/04/13 v1.1d Standard LaTeX ifthen package (DPC)
) (c:/texlive/2023/texmf-dist/tex/latex/tools/calc.sty
Package: calc 2017/05/25 v4.3 Infix arithmetic (KKT,FJ)
\calc@Acount=\count327
\calc@Bcount=\count328
\calc@Adimen=\dimen277
\calc@Bdimen=\dimen278
\calc@Askip=\skip57
\calc@Bskip=\skip58
LaTeX Info: Redefining \setlength on input line 80.
LaTeX Info: Redefining \addtolength on input line 81.
\calc@Ccount=\count329
\calc@Cskip=\skip59
) (c:/texlive/2023/texmf-dist/tex/latex/eso-pic/eso-pic.sty
Package: eso-pic 2023/05/03 v3.0c eso-pic (RN)
\ESO@tempdima=\dimen279
\ESO@tempdimb=\dimen280
)
\AM@pagewidth=\dimen281
\AM@pageheight=\dimen282
\AM@fboxrule=\dimen283
 (c:/texlive/2023/texmf-dist/tex/latex/pdfpages/pppdftex.def
File: pppdftex.def 2022/12/19 v0.5x Pdfpages driver for pdfTeX (AM)
)
\pdfpages@includegraphics@status=\count330
\AM@pagebox=\box69
\AM@global@opts=\toks38
\AM@pagecnt=\count331
\AM@toc@title=\toks39
\AM@lof@heading=\toks40
\c@AM@survey=\count332
\AM@templatesizebox=\box70
) (c:/texlive/2023/texmf-dist/tex/latex/mathtools/mathtools.sty
Package: mathtools 2022/06/29 v1.29 mathematical typesetting tools
 (c:/texlive/2023/texmf-dist/tex/latex/mathtools/mhsetup.sty
Package: mhsetup 2021/03/18 v1.4 programming setup (MH)
)
\g_MT_multlinerow_int=\count333
\l_MT_multwidth_dim=\dimen284
\origjot=\skip60
\l_MT_shortvdotswithinadjustabove_dim=\dimen285
\l_MT_shortvdotswithinadjustbelow_dim=\dimen286
\l_MT_above_intertext_sep=\dimen287
\l_MT_below_intertext_sep=\dimen288
\l_MT_above_shortintertext_sep=\dimen289
\l_MT_below_shortintertext_sep=\dimen290
\xmathstrut@box=\box71
\xmathstrut@dim=\dimen291
) (c:/texlive/2023/texmf-dist/tex/latex/stackengine/stackengine.sty
Package: stackengine 2021/07/22 v4.11\ Stacking text and objects in convenient ways
 (c:/texlive/2023/texmf-dist/tex/latex/etoolbox/etoolbox.sty
Package: etoolbox 2020/10/05 v2.5k e-TeX tools for LaTeX (JAW)
\etb@tempcnta=\count334
) (c:/texlive/2023/texmf-dist/tex/generic/listofitems/listofitems.sty (c:/texlive/2023/texmf-dist/tex/generic/listofitems/listofitems.tex
\loi_cnt_foreach_nest=\count335
\loi_nestcnt=\count336
)
Package: listofitems 2019/08/21 v1.63 Grab items in lists using user-specified sep char (CT)
)
\c@@stackindex=\count337
\@boxshift=\skip61
\stack@tmplength=\skip62
\temp@stkl=\skip63
\@stackedboxwidth=\skip64
\@addedbox=\box72
\@anchorbox=\box73
\@insetbox=\box74
\se@backgroundbox=\box75
\stackedbox=\box76
\@centerbox=\box77
\c@ROWcellindex@=\count338
) (c:/texlive/2023/texmf-dist/tex/latex/amscls/amsthm.sty
Package: amsthm 2020/05/29 v2.20.6
\thm@style=\toks41
\thm@bodyfont=\toks42
\thm@headfont=\toks43
\thm@notefont=\toks44
\thm@headpunct=\toks45
\thm@preskip=\skip65
\thm@postskip=\skip66
\thm@headsep=\skip67
\dth@everypar=\toks46
) (c:/texlive/2023/texmf-dist/tex/latex/pgfplots/pgfplots.sty (c:/texlive/2023/texmf-dist/tex/generic/pgfplots/pgfplots.revision.tex)
Package: pgfplots 2021/05/15 v1.18.1 Data Visualization (1.18.1)
 (c:/texlive/2023/texmf-dist/tex/generic/pgfplots/pgfplots.code.tex (c:/texlive/2023/texmf-dist/tex/generic/pgfplots/pgfplotscore.code.tex
\t@pgfplots@toka=\toks47
\t@pgfplots@tokb=\toks48
\t@pgfplots@tokc=\toks49
\pgfplots@tmpa=\dimen292
\c@pgfplots@coordindex=\count339
\c@pgfplots@scanlineindex=\count340
 (c:/texlive/2023/texmf-dist/tex/generic/pgfplots/sys/pgfplotssysgeneric.code.tex)) (c:/texlive/2023/texmf-dist/tex/generic/pgfplots/libs/pgfplotslibrary.code.tex) (c:/texlive/2023/texmf-dist/tex/generic/pgfplots/oldpgfcompatib/pgfplotsoldpgfsupp_loader.code.tex (c:/texlive/2023/texmf-dist/tex/generic/pgf/libraries/pgflibraryfpu.code.tex)
Package pgfplots: loading complementary utilities for your pgf version...
\t@pgf@toka=\toks50
\t@pgf@tokb=\toks51
\t@pgf@tokc=\toks52
(c:/texlive/2023/texmf-dist/tex/generic/pgfplots/oldpgfcompatib/pgfplotsoldpgfsupp_pgfutil-common-lists.tex)) (c:/texlive/2023/texmf-dist/tex/generic/pgfplots/util/pgfplotsutil.code.tex (c:/texlive/2023/texmf-dist/tex/generic/pgfplots/liststructure/pgfplotsliststructure.code.tex) (c:/texlive/2023/texmf-dist/tex/generic/pgfplots/liststructure/pgfplotsliststructureext.code.tex) (c:/texlive/2023/texmf-dist/tex/generic/pgfplots/liststructure/pgfplotsarray.code.tex
\c@pgfplotsarray@tmp=\count341
) (c:/texlive/2023/texmf-dist/tex/generic/pgfplots/liststructure/pgfplotsmatrix.code.tex) (c:/texlive/2023/texmf-dist/tex/generic/pgfplots/numtable/pgfplotstableshared.code.tex
\c@pgfplotstable@counta=\count342
\t@pgfplotstable@a=\toks53
) (c:/texlive/2023/texmf-dist/tex/generic/pgfplots/liststructure/pgfplotsdeque.code.tex) (c:/texlive/2023/texmf-dist/tex/generic/pgfplots/util/pgfplotsbinary.code.tex (c:/texlive/2023/texmf-dist/tex/generic/pgfplots/util/pgfplotsbinary.data.code.tex)) (c:/texlive/2023/texmf-dist/tex/generic/pgfplots/util/pgfplotsutil.verb.code.tex) (c:/texlive/2023/texmf-dist/tex/generic/pgfplots/libs/pgflibrarypgfplots.surfshading.code.tex
\c@pgfplotslibrarysurf@no=\count343
 (c:/texlive/2023/texmf-dist/tex/generic/pgfplots/sys/pgflibrarypgfplots.surfshading.pgfsys-pdftex.def))) (c:/texlive/2023/texmf-dist/tex/generic/pgfplots/util/pgfplotscolormap.code.tex (c:/texlive/2023/texmf-dist/tex/generic/pgfplots/util/pgfplotscolor.code.tex)) (c:/texlive/2023/texmf-dist/tex/generic/pgfplots/pgfplotsstackedplots.code.tex) (c:/texlive/2023/texmf-dist/tex/generic/pgfplots/pgfplotsplothandlers.code.tex (c:/texlive/2023/texmf-dist/tex/generic/pgfplots/pgfplotsmeshplothandler.code.tex (c:/texlive/2023/texmf-dist/tex/generic/pgfplots/pgfplotsmeshplotimage.code.tex))) (c:/texlive/2023/texmf-dist/tex/generic/pgfplots/pgfplots.scaling.code.tex) (c:/texlive/2023/texmf-dist/tex/generic/pgfplots/pgfplotscoordprocessing.code.tex) (c:/texlive/2023/texmf-dist/tex/generic/pgfplots/pgfplots.errorbars.code.tex) (c:/texlive/2023/texmf-dist/tex/generic/pgfplots/pgfplots.markers.code.tex) (c:/texlive/2023/texmf-dist/tex/generic/pgfplots/pgfplotsticks.code.tex) (c:/texlive/2023/texmf-dist/tex/generic/pgfplots/pgfplots.paths.code.tex) (c:/texlive/2023/texmf-dist/tex/generic/pgf/frontendlayer/tikz/libraries/tikzlibrarydecorations.code.tex (c:/texlive/2023/texmf-dist/tex/generic/pgf/modules/pgfmoduledecorations.code.tex
\pgfdecoratedcompleteddistance=\dimen293
\pgfdecoratedremainingdistance=\dimen294
\pgfdecoratedinputsegmentcompleteddistance=\dimen295
\pgfdecoratedinputsegmentremainingdistance=\dimen296
\pgf@decorate@distancetomove=\dimen297
\pgf@decorate@repeatstate=\count344
\pgfdecorationsegmentamplitude=\dimen298
\pgfdecorationsegmentlength=\dimen299
)
\tikz@lib@dec@box=\box78
) (c:/texlive/2023/texmf-dist/tex/generic/pgf/frontendlayer/tikz/libraries/tikzlibrarydecorations.pathmorphing.code.tex (c:/texlive/2023/texmf-dist/tex/generic/pgf/libraries/decorations/pgflibrarydecorations.pathmorphing.code.tex)) (c:/texlive/2023/texmf-dist/tex/generic/pgf/frontendlayer/tikz/libraries/tikzlibrarydecorations.pathreplacing.code.tex (c:/texlive/2023/texmf-dist/tex/generic/pgf/libraries/decorations/pgflibrarydecorations.pathreplacing.code.tex)) (c:/texlive/2023/texmf-dist/tex/generic/pgfplots/libs/tikzlibrarypgfplots.contourlua.code.tex)
\pgfplots@numplots=\count345
\pgfplots@xmin@reg=\dimen300
\pgfplots@xmax@reg=\dimen301
\pgfplots@ymin@reg=\dimen302
\pgfplots@ymax@reg=\dimen303
\pgfplots@zmin@reg=\dimen304
\pgfplots@zmax@reg=\dimen305
) (c:/texlive/2023/texmf-dist/tex/generic/pgf/frontendlayer/tikz/libraries/tikzlibraryplotmarks.code.tex
File: tikzlibraryplotmarks.code.tex 2023-01-15 v3.1.10 (3.1.10)
 (c:/texlive/2023/texmf-dist/tex/generic/pgf/libraries/pgflibraryplotmarks.code.tex
File: pgflibraryplotmarks.code.tex 2023-01-15 v3.1.10 (3.1.10)
))) (c:/texlive/2023/texmf-dist/tex/latex/bigints/bigints.sty
Package: bigints 2010/02/15 Writing big integrals
Package bigints Info: This is Bigints by Merciadri Luca. on input line 5.
) (c:/texlive/2023/texmf-dist/tex/latex/relsize/relsize.sty
Package: relsize 2013/03/29 ver 4.1
) (c:/texlive/2023/texmf-dist/tex/latex/was/upgreek.sty
Package: upgreek 2003/02/12 v2.0 (WaS)
Package upgreek Info: Using Euler Roman for upright Greek on input line 31.
\symugrf@m=\mathgroup6
LaTeX Font Info:    Overwriting symbol font `ugrf@m' in version `bold'
(Font)                  U/eur/m/n --> U/eur/b/n on input line 38.
) (c:/texlive/2023/texmf-dist/tex/latex/esint/esint.sty
Package: esint 
\symlargesymbolsA=\mathgroup7
) (c:/texlive/2023/texmf-dist/tex/latex/multirow/multirow.sty
Package: multirow 2021/03/15 v2.8 Span multiple rows of a table
\multirow@colwidth=\skip68
\multirow@cntb=\count346
\multirow@dima=\skip69
\bigstrutjot=\dimen306
) (c:/texlive/2023/texmf-dist/tex/generic/schemata/schemata.sty
Package: schemata 2021/02/27 1.4 generic package to aid construction of topical categories
\@schemata@rhs=\box79
\@schemata@lhs=\box80
\@schemata@rheight=\dimen307
\@schemata@lheight=\dimen308
\@schemata@one=\dimen309
\@schemata@two=\dimen310
\@schemata@three=\dimen311
) (c:/texlive/2023/texmf-dist/tex/latex/wrapfig/wrapfig.sty
\wrapoverhang=\dimen312
\WF@size=\dimen313
\c@WF@wrappedlines=\count347
\WF@box=\box81
\WF@everypar=\toks54
Package: wrapfig 2003/01/31  v 3.6
) (c:/texlive/2023/texmf-dist/tex/latex/cancel/cancel.sty
Package: cancel 2013/04/12 v2.2 Cancel math terms
) (c:/texlive/2023/texmf-dist/tex/latex/comment/comment.sty
\CommentStream=\write4
 Excluding comment 'comment') (c:/texlive/2023/texmf-dist/tex/latex/hyperref/hyperref.sty
Package: hyperref 2023-04-22 v7.00x Hypertext links for LaTeX
 (c:/texlive/2023/texmf-dist/tex/generic/ltxcmds/ltxcmds.sty
Package: ltxcmds 2020-05-10 v1.25 LaTeX kernel commands for general use (HO)
) (c:/texlive/2023/texmf-dist/tex/generic/pdftexcmds/pdftexcmds.sty
Package: pdftexcmds 2020-06-27 v0.33 Utility functions of pdfTeX for LuaTeX (HO)
 (c:/texlive/2023/texmf-dist/tex/generic/infwarerr/infwarerr.sty
Package: infwarerr 2019/12/03 v1.5 Providing info/warning/error messages (HO)
)
Package pdftexcmds Info: \pdf@primitive is available.
Package pdftexcmds Info: \pdf@ifprimitive is available.
Package pdftexcmds Info: \pdfdraftmode found.
) (c:/texlive/2023/texmf-dist/tex/latex/kvsetkeys/kvsetkeys.sty
Package: kvsetkeys 2022-10-05 v1.19 Key value parser (HO)
) (c:/texlive/2023/texmf-dist/tex/generic/kvdefinekeys/kvdefinekeys.sty
Package: kvdefinekeys 2019-12-19 v1.6 Define keys (HO)
) (c:/texlive/2023/texmf-dist/tex/generic/pdfescape/pdfescape.sty
Package: pdfescape 2019/12/09 v1.15 Implements pdfTeX's escape features (HO)
) (c:/texlive/2023/texmf-dist/tex/latex/hycolor/hycolor.sty
Package: hycolor 2020-01-27 v1.10 Color options for hyperref/bookmark (HO)
) (c:/texlive/2023/texmf-dist/tex/latex/letltxmacro/letltxmacro.sty
Package: letltxmacro 2019/12/03 v1.6 Let assignment for LaTeX macros (HO)
) (c:/texlive/2023/texmf-dist/tex/latex/auxhook/auxhook.sty
Package: auxhook 2019-12-17 v1.6 Hooks for auxiliary files (HO)
) (c:/texlive/2023/texmf-dist/tex/latex/hyperref/nameref.sty
Package: nameref 2022-05-17 v2.50 Cross-referencing by name of section
 (c:/texlive/2023/texmf-dist/tex/latex/refcount/refcount.sty
Package: refcount 2019/12/15 v3.6 Data extraction from label references (HO)
) (c:/texlive/2023/texmf-dist/tex/generic/gettitlestring/gettitlestring.sty
Package: gettitlestring 2019/12/15 v1.6 Cleanup title references (HO)
 (c:/texlive/2023/texmf-dist/tex/latex/kvoptions/kvoptions.sty
Package: kvoptions 2022-06-15 v3.15 Key value format for package options (HO)
))
\c@section@level=\count348
)
\@linkdim=\dimen314
\Hy@linkcounter=\count349
\Hy@pagecounter=\count350
 (c:/texlive/2023/texmf-dist/tex/latex/hyperref/pd1enc.def
File: pd1enc.def 2023-04-22 v7.00x Hyperref: PDFDocEncoding definition (HO)
Now handling font encoding PD1 ...
... no UTF-8 mapping file for font encoding PD1
) (c:/texlive/2023/texmf-dist/tex/generic/intcalc/intcalc.sty
Package: intcalc 2019/12/15 v1.3 Expandable calculations with integers (HO)
)
\Hy@SavedSpaceFactor=\count351
 (c:/texlive/2023/texmf-dist/tex/latex/hyperref/puenc.def
File: puenc.def 2023-04-22 v7.00x Hyperref: PDF Unicode definition (HO)
Now handling font encoding PU ...
... no UTF-8 mapping file for font encoding PU
)
Package hyperref Info: Hyper figures OFF on input line 4182.
Package hyperref Info: Link nesting OFF on input line 4187.
Package hyperref Info: Hyper index ON on input line 4190.
Package hyperref Info: Plain pages OFF on input line 4197.
Package hyperref Info: Backreferencing OFF on input line 4202.
Package hyperref Info: Implicit mode ON; LaTeX internals redefined.
Package hyperref Info: Bookmarks ON on input line 4449.
\c@Hy@tempcnt=\count352
 (c:/texlive/2023/texmf-dist/tex/latex/url/url.sty
\Urlmuskip=\muskip17
Package: url 2013/09/16  ver 3.4  Verb mode for urls, etc.
)
LaTeX Info: Redefining \url on input line 4787.
\XeTeXLinkMargin=\dimen315
 (c:/texlive/2023/texmf-dist/tex/generic/bitset/bitset.sty
Package: bitset 2019/12/09 v1.3 Handle bit-vector datatype (HO)
 (c:/texlive/2023/texmf-dist/tex/generic/bigintcalc/bigintcalc.sty
Package: bigintcalc 2019/12/15 v1.5 Expandable calculations on big integers (HO)
))
\Fld@menulength=\count353
\Field@Width=\dimen316
\Fld@charsize=\dimen317
Package hyperref Info: Hyper figures OFF on input line 6066.
Package hyperref Info: Link nesting OFF on input line 6071.
Package hyperref Info: Hyper index ON on input line 6074.
Package hyperref Info: backreferencing OFF on input line 6081.
Package hyperref Info: Link coloring OFF on input line 6086.
Package hyperref Info: Link coloring with OCG OFF on input line 6091.
Package hyperref Info: PDF/A mode OFF on input line 6096.
 (c:/texlive/2023/texmf-dist/tex/latex/base/atbegshi-ltx.sty
Package: atbegshi-ltx 2021/01/10 v1.0c Emulation of the original atbegshi
package with kernel methods
)
\Hy@abspage=\count354
\c@Item=\count355
\c@Hfootnote=\count356
)
Package hyperref Info: Driver (autodetected): hpdftex.
 (c:/texlive/2023/texmf-dist/tex/latex/hyperref/hpdftex.def
File: hpdftex.def 2023-04-22 v7.00x Hyperref driver for pdfTeX
 (c:/texlive/2023/texmf-dist/tex/latex/base/atveryend-ltx.sty
Package: atveryend-ltx 2020/08/19 v1.0a Emulation of the original atveryend package
with kernel methods
)
\Fld@listcount=\count357
\c@bookmark@seq@number=\count358
 (c:/texlive/2023/texmf-dist/tex/latex/rerunfilecheck/rerunfilecheck.sty
Package: rerunfilecheck 2022-07-10 v1.10 Rerun checks for auxiliary files (HO)
 (c:/texlive/2023/texmf-dist/tex/generic/uniquecounter/uniquecounter.sty
Package: uniquecounter 2019/12/15 v1.4 Provide unlimited unique counter (HO)
)
Package uniquecounter Info: New unique counter `rerunfilecheck' on input line 285.
)
\Hy@SectionHShift=\skip70
) (c:/texlive/2023/texmf-dist/tex/latex/carlisle/slashed.sty
Package: slashed 1997/01/16 v0.01 Feynman Slashed Character Notation (DPC)
) (c:/texlive/2023/texmf-dist/tex/latex/enumitem/enumitem.sty
Package: enumitem 2019/06/20 v3.9 Customized lists
\labelindent=\skip71
\enit@outerparindent=\dimen318
\enit@toks=\toks55
\enit@inbox=\box82
\enit@count@id=\count359
\enitdp@description=\count360
) (c:/texlive/2023/texmf-dist/tex/latex/titlesec/titlesec.sty
Package: titlesec 2021/07/05 v2.14 Sectioning titles
\ttl@box=\box83
\beforetitleunit=\skip72
\aftertitleunit=\skip73
\ttl@plus=\dimen319
\ttl@minus=\dimen320
\ttl@toksa=\toks56
\titlewidth=\dimen321
\titlewidthlast=\dimen322
\titlewidthfirst=\dimen323
) Excluding 'comment' comment.
Package hyperref Info: Option `colorlinks' set `true' on input line 40.
 (./Elettrotecnica.aux)
\openout1 = `Elettrotecnica.aux'.

LaTeX Font Info:    Checking defaults for OML/cmm/m/it on input line 65.
LaTeX Font Info:    ... okay on input line 65.
LaTeX Font Info:    Checking defaults for OMS/cmsy/m/n on input line 65.
LaTeX Font Info:    ... okay on input line 65.
LaTeX Font Info:    Checking defaults for OT1/cmr/m/n on input line 65.
LaTeX Font Info:    ... okay on input line 65.
LaTeX Font Info:    Checking defaults for T1/cmr/m/n on input line 65.
LaTeX Font Info:    ... okay on input line 65.
LaTeX Font Info:    Checking defaults for TS1/cmr/m/n on input line 65.
LaTeX Font Info:    ... okay on input line 65.
LaTeX Font Info:    Checking defaults for OMX/cmex/m/n on input line 65.
LaTeX Font Info:    ... okay on input line 65.
LaTeX Font Info:    Checking defaults for U/cmr/m/n on input line 65.
LaTeX Font Info:    ... okay on input line 65.
LaTeX Font Info:    Checking defaults for PD1/pdf/m/n on input line 65.
LaTeX Font Info:    ... okay on input line 65.
LaTeX Font Info:    Checking defaults for PU/pdf/m/n on input line 65.
LaTeX Font Info:    ... okay on input line 65.
 (c:/texlive/2023/texmf-dist/tex/context/base/mkii/supp-pdf.mkii
[Loading MPS to PDF converter (version 2006.09.02).]
\scratchcounter=\count361
\scratchdimen=\dimen324
\scratchbox=\box84
\nofMPsegments=\count362
\nofMParguments=\count363
\everyMPshowfont=\toks57
\MPscratchCnt=\count364
\MPscratchDim=\dimen325
\MPnumerator=\count365
\makeMPintoPDFobject=\count366
\everyMPtoPDFconversion=\toks58
) (c:/texlive/2023/texmf-dist/tex/latex/epstopdf-pkg/epstopdf-base.sty
Package: epstopdf-base 2020-01-24 v2.11 Base part for package epstopdf
Package epstopdf-base Info: Redefining graphics rule for `.eps' on input line 485.
 (c:/texlive/2023/texmf-dist/tex/latex/latexconfig/epstopdf-sys.cfg
File: epstopdf-sys.cfg 2010/07/13 v1.3 Configuration of (r)epstopdf for TeX Live
))
*geometry* driver: auto-detecting
*geometry* detected driver: pdftex
*geometry* verbose mode - [ preamble ] result:
* driver: pdftex
* paper: a4paper
* layout: <same size as paper>
* layoutoffset:(h,v)=(0.0pt,0.0pt)
* modes: 
* h-part:(L,W,R)=(28.45274pt, 540.60239pt, 28.45274pt)
* v-part:(T,H,B)=(28.45274pt, 715.18745pt, 101.40665pt)
* \paperwidth=597.50787pt
* \paperheight=845.04684pt
* \textwidth=540.60239pt
* \textheight=715.18745pt
* \oddsidemargin=-43.81725pt
* \evensidemargin=-43.81725pt
* \topmargin=-80.81725pt
* \headheight=12.0pt
* \headsep=25.0pt
* \topskip=10.0pt
* \footskip=30.0pt
* \marginparwidth=65.0pt
* \marginparsep=11.0pt
* \columnsep=10.0pt
* \skip\footins=9.0pt plus 4.0pt minus 2.0pt
* \hoffset=0.0pt
* \voffset=0.0pt
* \mag=1000
* \@twocolumnfalse
* \@twosidefalse
* \@mparswitchfalse
* \@reversemarginfalse
* (1in=72.27pt=25.4mm, 1cm=28.453pt)

\c@lstlisting=\count367
(c:/texlive/2023/texmf-dist/tex/latex/pdflscape/pdflscape.sty
Package: pdflscape 2022-10-27 v0.13 Display of landscape pages in PDF
 (c:/texlive/2023/texmf-dist/tex/latex/pdflscape/pdflscape-nometadata.sty
Package: pdflscape-nometadata 2022-10-28 v0.13 Display of landscape pages in PDF (HO)
 (c:/texlive/2023/texmf-dist/tex/latex/graphics/lscape.sty
Package: lscape 2020/05/28 v3.02 Landscape Pages (DPC)
)
Package pdflscape Info: Auto-detected driver: pdftex on input line 81.
))
Package pgfplots notification 'compat/show suggested version=true': you might benefit from \pgfplotsset{compat=1.18} (current compat level: 1.9).

Package hyperref Info: Link coloring ON on input line 65.
(./Elettrotecnica.out) (./Elettrotecnica.out)
\@outlinefile=\write5
\openout5 = `Elettrotecnica.out'.

 (./Elettrotecnica.toc
LaTeX Font Info:    Trying to load font information for U+msa on input line 2.
 (c:/texlive/2023/texmf-dist/tex/latex/amsfonts/umsa.fd
File: umsa.fd 2013/01/14 v3.01 AMS symbols A
)
LaTeX Font Info:    Trying to load font information for U+msb on input line 2.
 (c:/texlive/2023/texmf-dist/tex/latex/amsfonts/umsb.fd
File: umsb.fd 2013/01/14 v3.01 AMS symbols B
)
LaTeX Font Info:    Trying to load font information for U+esint on input line 2.
 (c:/texlive/2023/texmf-dist/tex/latex/esint/uesint.fd
File: uesint.fd 
) [1

{c:/texlive/2023/texmf-var/fonts/map/pdftex/updmap/pdftex.map}])
\tf@toc=\write6
\openout6 = `Elettrotecnica.toc'.

 [2]
<Image/Forza di Coulomb.png, id=377, 350.81062pt x 432.11438pt>
File: Image/Forza di Coulomb.png Graphic file (type png)
<use Image/Forza di Coulomb.png>
Package pdftex.def Info: Image/Forza di Coulomb.png  used on input line 93.
(pdftex.def)             Requested size: 105.24399pt x 129.6353pt.

Overfull \hbox (9.16699pt too wide) in paragraph at lines 132--141
\OT1/cmr/m/n/10 Campo elet-trico e forza elet-tro-stat-ica da cui esso deriva hanno la stessa di-rezione. Perci^^Ro il campo pro-duce un'accelerazione
 []


Underfull \hbox (badness 10000) in paragraph at lines 132--141

 []

[3{c:/texlive/2023/texmf-dist/fonts/enc/dvips/cm-super/cm-super-ts1.enc} <./Image/Forza di Coulomb.png>]
<Image/Forza elettrostatica.png, id=391, 372.64218pt x 382.42876pt>
File: Image/Forza elettrostatica.png Graphic file (type png)
<use Image/Forza elettrostatica.png>
Package pdftex.def Info: Image/Forza elettrostatica.png  used on input line 160.
(pdftex.def)             Requested size: 100.61473pt x 103.25714pt.
<Image/Densità di corrente.png, id=392, 333.49594pt x 319.94531pt>
File: Image/Densità di corrente.png Graphic file (type png)
<use Image/Densità di corrente.png>
Package pdftex.def Info: Image/Densità di corrente.png  used on input line 194.
(pdftex.def)             Requested size: 100.04955pt x 95.98433pt.
 [4 <./Image/Forza elettrostatica.png> <./Image/Densità di corrente.png>]
<Image/Corrente conduttore.png, id=401, 483.30562pt x 295.85532pt>
File: Image/Corrente conduttore.png Graphic file (type png)
<use Image/Corrente conduttore.png>
Package pdftex.def Info: Image/Corrente conduttore.png  used on input line 217.
(pdftex.def)             Requested size: 144.9928pt x 88.75726pt.
<Image/Tensione.png, id=402, 328.22626pt x 257.46187pt>
File: Image/Tensione.png Graphic file (type png)
<use Image/Tensione.png>
Package pdftex.def Info: Image/Tensione.png  used on input line 239.
(pdftex.def)             Requested size: 98.46863pt x 77.23915pt.
 [5 <./Image/Corrente conduttore.png> <./Image/Tensione.png>]
<Image/Campo magnetico.png, id=416, 332.74312pt x 449.42906pt>
File: Image/Campo magnetico.png Graphic file (type png)
<use Image/Campo magnetico.png>
Package pdftex.def Info: Image/Campo magnetico.png  used on input line 274.
(pdftex.def)             Requested size: 99.8237pt x 134.82974pt.
<Image/Campo magnetico-2.png, id=417, 390.70969pt x 395.97937pt>
File: Image/Campo magnetico-2.png Graphic file (type png)
<use Image/Campo magnetico-2.png>
Package pdftex.def Info: Image/Campo magnetico-2.png  used on input line 275.
(pdftex.def)             Requested size: 117.2138pt x 118.79472pt.
<Image/Legge di Faraday.png, id=418, 486.31688pt x 518.6878pt>
File: Image/Legge di Faraday.png Graphic file (type png)
<use Image/Legge di Faraday.png>
Package pdftex.def Info: Image/Legge di Faraday.png  used on input line 307.
(pdftex.def)             Requested size: 145.89618pt x 155.60754pt.
 [6 <./Image/Campo magnetico.png> <./Image/Campo magnetico-2.png>]
<Image/Conservazione della carica.png, id=425, 467.49657pt x 492.33937pt>
File: Image/Conservazione della carica.png Graphic file (type png)
<use Image/Conservazione della carica.png>
Package pdftex.def Info: Image/Conservazione della carica.png  used on input line 327.
(pdftex.def)             Requested size: 140.25005pt x 147.70294pt.
 [7 <./Image/Legge di Faraday.png> <./Image/Conservazione della carica.png>] [8]
Underfull \hbox (badness 2351) in paragraph at lines 490--490
\OT1/cmr/m/n/10 ferenza di poten-ziale
 []

[9] [10] [11]
<Image/Convenzione.png, id=450, 477.28313pt x 454.69875pt>
File: Image/Convenzione.png Graphic file (type png)
<use Image/Convenzione.png>
Package pdftex.def Info: Image/Convenzione.png  used on input line 632.
(pdftex.def)             Requested size: 143.18604pt x 136.41068pt.
<Image/Esempio1-Circuiiti.png, id=451, 513.41812pt x 327.72438pt>
File: Image/Esempio1-Circuiiti.png Graphic file (type png)
<use Image/Esempio1-Circuiiti.png>
Package pdftex.def Info: Image/Esempio1-Circuiiti.png  used on input line 675.
(pdftex.def)             Requested size: 189.96172pt x 121.25612pt.
 [12 <./Image/Convenzione.png>]
<Image/Esempio LKC.png, id=457, 685.56125pt x 577.65813pt>
File: Image/Esempio LKC.png Graphic file (type png)
<use Image/Esempio LKC.png>
Package pdftex.def Info: Image/Esempio LKC.png  used on input line 697.
(pdftex.def)             Requested size: 171.3899pt x 144.41417pt.
<Image/Resistore.png, id=458, 161.10187pt x 221.32687pt>
File: Image/Resistore.png Graphic file (type png)
<use Image/Resistore.png>
Package pdftex.def Info: Image/Resistore.png  used on input line 724.
(pdftex.def)             Requested size: 64.43959pt x 88.52916pt.
 [13 <./Image/Esempio1-Circuiiti.png> <./Image/Esempio LKC.png>]
<Image/Condensatore.png, id=466, 198.7425pt x 222.07968pt>
File: Image/Condensatore.png Graphic file (type png)
<use Image/Condensatore.png>
Package pdftex.def Info: Image/Condensatore.png  used on input line 737.
(pdftex.def)             Requested size: 79.49557pt x 88.83029pt.
<Image/Grafico condensatore.png, id=467, 568.1225pt x 280.04625pt>
File: Image/Grafico condensatore.png Graphic file (type png)
<use Image/Grafico condensatore.png>
Package pdftex.def Info: Image/Grafico condensatore.png  used on input line 756.
(pdftex.def)             Requested size: 124.98732pt x 61.61035pt.
 [14 <./Image/Resistore.png> <./Image/Condensatore.png> <./Image/Grafico condensatore.png>]
<Image/Induttore.png, id=475, 185.19188pt x 201.75375pt>
File: Image/Induttore.png Graphic file (type png)
<use Image/Induttore.png>
Package pdftex.def Info: Image/Induttore.png  used on input line 771.
(pdftex.def)             Requested size: 74.07542pt x 80.70006pt.
<Image/Induttore ferr.png, id=476, 547.2947pt x 341.77687pt>
File: Image/Induttore ferr.png Graphic file (type png)
<use Image/Induttore ferr.png>
Package pdftex.def Info: Image/Induttore ferr.png  used on input line 797.
(pdftex.def)             Requested size: 218.91399pt x 136.70831pt.
 [15 <./Image/Induttore.png> <./Image/Induttore ferr.png>]
<Image/Resistori in serie.png, id=483, 73.77562pt x 187.19937pt>
File: Image/Resistori in serie.png Graphic file (type png)
<use Image/Resistori in serie.png>
Package pdftex.def Info: Image/Resistori in serie.png  used on input line 812.
(pdftex.def)             Requested size: 27.29654pt x 69.26268pt.
<Image/Resistori in parallelo.png, id=484, 233.87375pt x 149.55875pt>
File: Image/Resistori in parallelo.png Graphic file (type png)
<use Image/Resistori in parallelo.png>
Package pdftex.def Info: Image/Resistori in parallelo.png  used on input line 814.
(pdftex.def)             Requested size: 86.53192pt x 55.33586pt.
<Image/Condensatori in serie.png, id=485, 228.35312pt x 195.73125pt>
File: Image/Condensatori in serie.png Graphic file (type png)
<use Image/Condensatori in serie.png>
Package pdftex.def Info: Image/Condensatori in serie.png  used on input line 816.
(pdftex.def)             Requested size: 84.48932pt x 72.41942pt.
<Image/Condensatori in parallelo.png, id=486, 291.58937pt x 144.03813pt>
File: Image/Condensatori in parallelo.png Graphic file (type png)
<use Image/Condensatori in parallelo.png>
Package pdftex.def Info: Image/Condensatori in parallelo.png  used on input line 818.
(pdftex.def)             Requested size: 107.88637pt x 53.29326pt.
<Image/Induttori in serie.png, id=487, 162.10562pt x 268.00125pt>
File: Image/Induttori in serie.png Graphic file (type png)
<use Image/Induttori in serie.png>
Package pdftex.def Info: Image/Induttori in serie.png  used on input line 831.
(pdftex.def)             Requested size: 59.97813pt x 99.1589pt.
<Image/Induttori in parallelo.png, id=488, 262.48062pt x 189.70876pt>
File: Image/Induttori in parallelo.png Graphic file (type png)
<use Image/Induttori in parallelo.png>
Package pdftex.def Info: Image/Induttori in parallelo.png  used on input line 833.
(pdftex.def)             Requested size: 97.1163pt x 70.19113pt.
<Image/Gen Tensione ideale.png, id=489, 174.6525pt x 272.51813pt>
File: Image/Gen Tensione ideale.png Graphic file (type png)
<use Image/Gen Tensione ideale.png>
Package pdftex.def Info: Image/Gen Tensione ideale.png  used on input line 849.
(pdftex.def)             Requested size: 69.85976pt x 109.00531pt.
 [16 <./Image/Resistori in serie.png> <./Image/Resistori in parallelo.png> <./Image/Condensatori in serie.png> <./Image/Condensatori in parallelo.png> <./Image/Induttori in serie.png> <./Image/Induttori in parallelo.png> <./Image/Gen Tensione ideale.png>]
<Image/Gen tensione reale.png, id=501, 621.82312pt x 298.11375pt>
File: Image/Gen tensione reale.png Graphic file (type png)
<use Image/Gen tensione reale.png>
Package pdftex.def Info: Image/Gen tensione reale.png  used on input line 869.
(pdftex.def)             Requested size: 248.72484pt x 119.24338pt.
<Image/Gen corrente ideale.png, id=502, 121.20282pt x 219.82124pt>
File: Image/Gen corrente ideale.png Graphic file (type png)
<use Image/Gen corrente ideale.png>
Package pdftex.def Info: Image/Gen corrente ideale.png  used on input line 885.
(pdftex.def)             Requested size: 48.48026pt x 87.92693pt.
<Image/Gen corrente reale.png, id=503, 613.54219pt x 300.3722pt>
File: Image/Gen corrente reale.png Graphic file (type png)
<use Image/Gen corrente reale.png>
Package pdftex.def Info: Image/Gen corrente reale.png  used on input line 899.
(pdftex.def)             Requested size: 245.41252pt x 120.14674pt.
 [17 <./Image/Gen tensione reale.png> <./Image/Gen corrente ideale.png> <./Image/Gen corrente reale.png>]
<Image/Circuito aperto.png, id=512, 380.17032pt x 360.59718pt>
File: Image/Circuito aperto.png Graphic file (type png)
<use Image/Circuito aperto.png>
Package pdftex.def Info: Image/Circuito aperto.png  used on input line 925.
(pdftex.def)             Requested size: 133.0616pt x 126.21089pt.
<Image/Circuito chiuso.png, id=513, 401.24907pt x 348.55219pt>
File: Image/Circuito chiuso.png Graphic file (type png)
<use Image/Circuito chiuso.png>
Package pdftex.def Info: Image/Circuito chiuso.png  used on input line 935.
(pdftex.def)             Requested size: 140.43927pt x 121.99509pt.
<Image/Resistori aperto chiuso.png, id=514, 1316.66907pt x 880.03781pt>
File: Image/Resistori aperto chiuso.png Graphic file (type png)
<use Image/Resistori aperto chiuso.png>
Package pdftex.def Info: Image/Resistori aperto chiuso.png  used on input line 938.
(pdftex.def)             Requested size: 395.00377pt x 264.01338pt.
 [18 <./Image/Circuito aperto.png> <./Image/Circuito chiuso.png>]
<Image/Esempio1_1.png, id=521, 491.58656pt x 239.39438pt>
File: Image/Esempio1_1.png Graphic file (type png)
<use Image/Esempio1_1.png>
Package pdftex.def Info: Image/Esempio1_1.png  used on input line 945.
(pdftex.def)             Requested size: 122.89633pt x 59.84843pt.
<Image/Esempio1_2.png, id=522, 463.7325pt x 214.55156pt>
File: Image/Esempio1_2.png Graphic file (type png)
<use Image/Esempio1_2.png>
Package pdftex.def Info: Image/Esempio1_2.png  used on input line 947.
(pdftex.def)             Requested size: 115.93283pt x 53.63776pt.
<Image/Esempio1_3.png, id=523, 264.23718pt x 207.77625pt>
File: Image/Esempio1_3.png Graphic file (type png)
<use Image/Esempio1_3.png>
Package pdftex.def Info: Image/Esempio1_3.png  used on input line 949.
(pdftex.def)             Requested size: 71.34499pt x 56.10033pt.
<Image/Esempio1_4.png, id=524, 283.0575pt x 216.81pt>
File: Image/Esempio1_4.png Graphic file (type png)
<use Image/Esempio1_4.png>
Package pdftex.def Info: Image/Esempio1_4.png  used on input line 951.
(pdftex.def)             Requested size: 76.42653pt x 58.53947pt.
<Image/Partitore di tensione.png, id=525, 450.9347pt x 305.64188pt>
File: Image/Partitore di tensione.png Graphic file (type png)
<use Image/Partitore di tensione.png>
Package pdftex.def Info: Image/Partitore di tensione.png  used on input line 965.
(pdftex.def)             Requested size: 157.8295pt x 106.97624pt.
 [19 <./Image/Resistori aperto chiuso.png> <./Image/Esempio1_1.png> <./Image/Esempio1_2.png> <./Image/Esempio1_3.png> <./Image/Esempio1_4.png> <./Image/Partitore di tensione.png>]
<Image/Partitore di corrente.png, id=537, 493.0922pt x 279.29344pt>
File: Image/Partitore di corrente.png Graphic file (type png)
<use Image/Partitore di corrente.png>
Package pdftex.def Info: Image/Partitore di corrente.png  used on input line 980.
(pdftex.def)             Requested size: 172.58485pt x 97.75417pt.
<Image/Stella triangolo.png, id=538, 881.54344pt x 546.54187pt>
File: Image/Stella triangolo.png Graphic file (type png)
<use Image/Stella triangolo.png>
Package pdftex.def Info: Image/Stella triangolo.png  used on input line 1005.
(pdftex.def)             Requested size: 264.46507pt x 163.96382pt.
<Image/Nodi triangolo stella.png, id=539, 950.80219pt x 475.7775pt>
File: Image/Nodi triangolo stella.png Graphic file (type png)
<use Image/Nodi triangolo stella.png>
Package pdftex.def Info: Image/Nodi triangolo stella.png  used on input line 1006.
(pdftex.def)             Requested size: 285.24286pt x 142.73434pt.
<Image/Stella triangolo insieme.png, id=540, 599.23875pt x 566.86781pt>
File: Image/Stella triangolo insieme.png Graphic file (type png)
<use Image/Stella triangolo insieme.png>
Package pdftex.def Info: Image/Stella triangolo insieme.png  used on input line 1015.
(pdftex.def)             Requested size: 137.822pt x 130.37685pt.
 [20 <./Image/Partitore di corrente.png> <./Image/Stella triangolo.png> <./Image/Nodi triangolo stella.png>]
<Image/Esempio2_1.png, id=548, 733.23938pt x 511.9125pt>
File: Image/Esempio2_1.png Graphic file (type png)
<use Image/Esempio2_1.png>
Package pdftex.def Info: Image/Esempio2_1.png  used on input line 1046.
(pdftex.def)             Requested size: 219.97351pt x 153.57494pt.
<Image/Esempio2_2.png, id=549, 746.79pt x 493.845pt>
File: Image/Esempio2_2.png Graphic file (type png)
<use Image/Esempio2_2.png>
Package pdftex.def Info: Image/Esempio2_2.png  used on input line 1053.
(pdftex.def)             Requested size: 224.03873pt x 148.15463pt.
<Image/Esempio2_3.png, id=550, 771.63281pt x 336.50719pt>
File: Image/Esempio2_3.png Graphic file (type png)
<use Image/Esempio2_3.png>
Package pdftex.def Info: Image/Esempio2_3.png  used on input line 1063.
(pdftex.def)             Requested size: 231.49162pt x 100.95293pt.
 [21 <./Image/Stella triangolo insieme.png> <./Image/Esempio2_1.png> <./Image/Esempio2_2.png>]
<Image/Esempio2_4.png, id=558, 410.2828pt x 275.52937pt>
File: Image/Esempio2_4.png Graphic file (type png)
<use Image/Esempio2_4.png>
Package pdftex.def Info: Image/Esempio2_4.png  used on input line 1069.
(pdftex.def)             Requested size: 123.08578pt x 82.65944pt.
<Image/Metodo di Tanenblau_1.png, id=559, 909.3975pt x 346.79562pt>
File: Image/Metodo di Tanenblau_1.png Graphic file (type png)
<use Image/Metodo di Tanenblau_1.png>
Package pdftex.def Info: Image/Metodo di Tanenblau_1.png  used on input line 1085.
(pdftex.def)             Requested size: 318.2939pt x 121.38028pt.
<Image/Metodo di Tanenblau_2.png, id=560, 754.31813pt x 462.72874pt>
File: Image/Metodo di Tanenblau_2.png Graphic file (type png)
<use Image/Metodo di Tanenblau_2.png>
Package pdftex.def Info: Image/Metodo di Tanenblau_2.png  used on input line 1099.
(pdftex.def)             Requested size: 226.29718pt x 138.81969pt.
 [22 <./Image/Esempio2_3.png> <./Image/Esempio2_4.png> <./Image/Metodo di Tanenblau_1.png>]
<Image/Esempio_Tanenblau.png, id=568, 834.11626pt x 442.15187pt>
File: Image/Esempio_Tanenblau.png Graphic file (type png)
<use Image/Esempio_Tanenblau.png>
Package pdftex.def Info: Image/Esempio_Tanenblau.png  used on input line 1133.
(pdftex.def)             Requested size: 250.2368pt x 132.64658pt.
 [23 <./Image/Metodo di Tanenblau_2.png> <./Image/Esempio_Tanenblau.png>]
<Image/Esempio_PotenzialiNodo.png, id=580, 1662.21pt x 1209.51875pt>
File: Image/Esempio_PotenzialiNodo.png Graphic file (type png)
<use Image/Esempio_PotenzialiNodo.png>
Package pdftex.def Info: Image/Esempio_PotenzialiNodo.png  used on input line 1197.
(pdftex.def)             Requested size: 199.45659pt x 145.13599pt.
 [24 <./Image/Esempio_PotenzialiNodo.png>]
<Image/Esempio_MetAnalisi_1.png, id=590, 764.8575pt x 451.6875pt>
File: Image/Esempio_MetAnalisi_1.png Graphic file (type png)
<use Image/Esempio_MetAnalisi_1.png>
Package pdftex.def Info: Image/Esempio_MetAnalisi_1.png  used on input line 1228.
(pdftex.def)             Requested size: 152.96878pt x 90.33589pt.
<Image/Esempio_MetAnal_2.png, id=591, 1358.07375pt x 450.18187pt>
File: Image/Esempio_MetAnal_2.png Graphic file (type png)
<use Image/Esempio_MetAnal_2.png>
Package pdftex.def Info: Image/Esempio_MetAnal_2.png  used on input line 1234.
(pdftex.def)             Requested size: 407.42526pt x 135.0556pt.
<Image/Esempio_MetAnalisi_3.png, id=592, 1300.86pt x 378.66469pt>
File: Image/Esempio_MetAnalisi_3.png Graphic file (type png)
<use Image/Esempio_MetAnalisi_3.png>
Package pdftex.def Info: Image/Esempio_MetAnalisi_3.png  used on input line 1253.
(pdftex.def)             Requested size: 325.2142pt x 94.66594pt.
 [25 <./Image/Esempio_MetAnalisi_1.png> <./Image/Esempio_MetAnal_2.png> <./Image/Esempio_MetAnalisi_3.png>]
<Image/Esempio_MetAnalisi_4.png, id=601, 931.98187pt x 563.10374pt>
File: Image/Esempio_MetAnalisi_4.png Graphic file (type png)
<use Image/Esempio_MetAnalisi_4.png>
Package pdftex.def Info: Image/Esempio_MetAnalisi_4.png  used on input line 1274.
(pdftex.def)             Requested size: 279.59671pt x 168.93242pt.
<Image/Thevenin_1.png, id=602, 701.62125pt x 389.20406pt>
File: Image/Thevenin_1.png Graphic file (type png)
<use Image/Thevenin_1.png>
Package pdftex.def Info: Image/Thevenin_1.png  used on input line 1306.
(pdftex.def)             Requested size: 210.48799pt x 116.76212pt.
<Image/Thevenin_2.png, id=603, 459.96844pt x 423.83344pt>
File: Image/Thevenin_2.png Graphic file (type png)
<use Image/Thevenin_2.png>
Package pdftex.def Info: Image/Thevenin_2.png  used on input line 1307.
(pdftex.def)             Requested size: 137.9916pt x 127.151pt.
 [26 <./Image/Esempio_MetAnalisi_4.png>]
<Image/Esempio_Thevenin_1.png, id=609, 721.19438pt x 301.125pt>
File: Image/Esempio_Thevenin_1.png Graphic file (type png)
<use Image/Esempio_Thevenin_1.png>
Package pdftex.def Info: Image/Esempio_Thevenin_1.png  used on input line 1315.
(pdftex.def)             Requested size: 194.72508pt x 81.30482pt.
<Image/Esempio_Thevenin_2.png, id=610, 670.75594pt x 344.03531pt>
File: Image/Esempio_Thevenin_2.png Graphic file (type png)
<use Image/Esempio_Thevenin_2.png>
Package pdftex.def Info: Image/Esempio_Thevenin_2.png  used on input line 1319.
(pdftex.def)             Requested size: 201.22833pt x 103.21138pt.
<Image/Esempio_Thevenin_3.png, id=611, 778.40813pt x 371.13657pt>
File: Image/Esempio_Thevenin_3.png Graphic file (type png)
<use Image/Esempio_Thevenin_3.png>
Package pdftex.def Info: Image/Esempio_Thevenin_3.png  used on input line 1335.
(pdftex.def)             Requested size: 217.95279pt x 103.91753pt.
 [27 <./Image/Thevenin_1.png> <./Image/Thevenin_2.png> <./Image/Esempio_Thevenin_1.png> <./Image/Esempio_Thevenin_2.png> <./Image/Esempio_Thevenin_3.png>]
<Image/Esempio_Thevenin_4.png, id=623, 510.40688pt x 295.1025pt>
File: Image/Esempio_Thevenin_4.png Graphic file (type png)
<use Image/Esempio_Thevenin_4.png>
Package pdftex.def Info: Image/Esempio_Thevenin_4.png  used on input line 1341.
(pdftex.def)             Requested size: 137.81169pt x 79.67873pt.
<Image/Esercizio_Thevenin_1.png, id=624, 488.32437pt x 202.25563pt>
File: Image/Esercizio_Thevenin_1.png Graphic file (type png)
<use Image/Esercizio_Thevenin_1.png>
Package pdftex.def Info: Image/Esercizio_Thevenin_1.png  used on input line 1351.
(pdftex.def)             Requested size: 161.14754pt x 66.74455pt.
<Image/Esercizio_Thevenin_2.png, id=625, 345.29pt x 225.84375pt>
File: Image/Esercizio_Thevenin_2.png Graphic file (type png)
<use Image/Esercizio_Thevenin_2.png>
Package pdftex.def Info: Image/Esercizio_Thevenin_2.png  used on input line 1355.
(pdftex.def)             Requested size: 113.94604pt x 74.52866pt.
<Image/Esercizio_Thevenin_3.png, id=626, 593.21625pt x 255.95625pt>
File: Image/Esercizio_Thevenin_3.png Graphic file (type png)
<use Image/Esercizio_Thevenin_3.png>
Package pdftex.def Info: Image/Esercizio_Thevenin_3.png  used on input line 1359.
(pdftex.def)             Requested size: 195.76196pt x 84.46582pt.
<Image/Esercizio_Thevenin_4.png, id=627, 739.76375pt x 419.06563pt>
File: Image/Esercizio_Thevenin_4.png Graphic file (type png)
<use Image/Esercizio_Thevenin_4.png>
Package pdftex.def Info: Image/Esercizio_Thevenin_4.png  used on input line 1366.
(pdftex.def)             Requested size: 221.93083pt x 125.72064pt.
 [28 <./Image/Esempio_Thevenin_4.png> <./Image/Esercizio_Thevenin_1.png> <./Image/Esercizio_Thevenin_2.png> <./Image/Esercizio_Thevenin_3.png> <./Image/Esercizio_Thevenin_4.png>]
<Image/Norton_1.png, id=637, 736.25063pt x 437.38406pt>
File: Image/Norton_1.png Graphic file (type png)
<use Image/Norton_1.png>
Package pdftex.def Info: Image/Norton_1.png  used on input line 1387.
(pdftex.def)             Requested size: 220.87689pt x 131.21622pt.
<Image/Norton_2.png, id=638, 653.44125pt x 394.47375pt>
File: Image/Norton_2.png Graphic file (type png)
<use Image/Norton_2.png>
Package pdftex.def Info: Image/Norton_2.png  used on input line 1388.
(pdftex.def)             Requested size: 196.03387pt x 118.34303pt.
<Image/Esempio_Norton_0.png, id=639, 733.23938pt x 324.46219pt>
File: Image/Esempio_Norton_0.png Graphic file (type png)
<use Image/Esempio_Norton_0.png>
Package pdftex.def Info: Image/Esempio_Norton_0.png  used on input line 1401.
(pdftex.def)             Requested size: 183.30939pt x 81.11534pt.
<Image/Esempio_Norton_1.png, id=640, 654.19406pt x 307.90031pt>
File: Image/Esempio_Norton_1.png Graphic file (type png)
<use Image/Esempio_Norton_1.png>
Package pdftex.def Info: Image/Esempio_Norton_1.png  used on input line 1406.
(pdftex.def)             Requested size: 163.54811pt x 76.97488pt.
<Image/Esempio_Norton_2.png, id=641, 554.82281pt x 313.9228pt>
File: Image/Esempio_Norton_2.png Graphic file (type png)
<use Image/Esempio_Norton_2.png>
Package pdftex.def Info: Image/Esempio_Norton_2.png  used on input line 1406.
(pdftex.def)             Requested size: 138.70535pt x 78.4805pt.
<Image/Esempio_Norton_3.png, id=642, 704.6325pt x 329.73187pt>
File: Image/Esempio_Norton_3.png Graphic file (type png)
<use Image/Esempio_Norton_3.png>
Package pdftex.def Info: Image/Esempio_Norton_3.png  used on input line 1406.
(pdftex.def)             Requested size: 176.1577pt x 82.43275pt.
 [29 <./Image/Norton_1.png> <./Image/Norton_2.png> <./Image/Esempio_Norton_0.png> <./Image/Esempio_Norton_1.png> <./Image/Esempio_Norton_2.png> <./Image/Esempio_Norton_3.png>]
<Image/T_Massima_Potenza_0.png, id=653, 500.62032pt x 282.30469pt>
File: Image/T_Massima_Potenza_0.png Graphic file (type png)
<use Image/T_Massima_Potenza_0.png>
Package pdftex.def Info: Image/T_Massima_Potenza_0.png  used on input line 1418.
(pdftex.def)             Requested size: 150.18726pt x 84.69205pt.
<Image/T_Massima_Potenza_1.png, id=654, 789.70032pt x 480.29437pt>
File: Image/T_Massima_Potenza_1.png Graphic file (type png)
<use Image/T_Massima_Potenza_1.png>
Package pdftex.def Info: Image/T_Massima_Potenza_1.png  used on input line 1431.
(pdftex.def)             Requested size: 197.42459pt x 120.07329pt.
<Image/Th_Millman_0.png, id=655, 883.80188pt x 541.27219pt>
File: Image/Th_Millman_0.png Graphic file (type png)
<use Image/Th_Millman_0.png>
Package pdftex.def Info: Image/Th_Millman_0.png  used on input line 1450.
(pdftex.def)             Requested size: 229.78307pt x 140.72745pt.
 [30 <./Image/T_Massima_Potenza_0.png> <./Image/T_Massima_Potenza_1.png>]
<Image/Es_Millman.png, id=662, 1696.83937pt x 823.57687pt>
File: Image/Es_Millman.png Graphic file (type png)
<use Image/Es_Millman.png>
Package pdftex.def Info: Image/Es_Millman.png  used on input line 1458.
(pdftex.def)             Requested size: 424.2088pt x 205.8937pt.
<Image/Dim_Es_Millman.png, id=663, 1074.26344pt x 432.86719pt>
File: Image/Dim_Es_Millman.png Graphic file (type png)
<use Image/Dim_Es_Millman.png>
Package pdftex.def Info: Image/Dim_Es_Millman.png  used on input line 1465.
(pdftex.def)             Requested size: 322.28152pt x 129.86115pt.
 [31 <./Image/Th_Millman_0.png> <./Image/Es_Millman.png> <./Image/Dim_Es_Millman.png>]
<Image/Es_Millman_2.png, id=676, 770.88pt x 383.93437pt>
File: Image/Es_Millman_2.png Graphic file (type png)
<use Image/Es_Millman_2.png>
Package pdftex.def Info: Image/Es_Millman_2.png  used on input line 1482.
(pdftex.def)             Requested size: 231.26578pt x 115.1812pt.
 [32 <./Image/Es_Millman_2.png>]
Underfull \hbox (badness 10000) in paragraph at lines 1542--1545

 []

<Image/Es_Trans_0.png, id=682, 1075.51813pt x 266.9975pt>
File: Image/Es_Trans_0.png Graphic file (type png)
<use Image/Es_Trans_0.png>
Package pdftex.def Info: Image/Es_Trans_0.png  used on input line 1553.
(pdftex.def)             Requested size: 322.65793pt x 80.09985pt.
[33 <./Image/Es_Trans_0.png>]
<Image/RC_0.png, id=688, 432.11438pt x 286.06876pt>
File: Image/RC_0.png Graphic file (type png)
<use Image/RC_0.png>
Package pdftex.def Info: Image/RC_0.png  used on input line 1627.
(pdftex.def)             Requested size: 172.84268pt x 114.42546pt.
<Image/RC_1.png, id=689, 449.17813pt x 258.46562pt>
File: Image/RC_1.png Graphic file (type png)
<use Image/RC_1.png>
Package pdftex.def Info: Image/RC_1.png  used on input line 1628.
(pdftex.def)             Requested size: 179.66806pt x 103.38441pt.
 [34 <./Image/RC_0.png> <./Image/RC_1.png>]
<Image/RC_2.png, id=698, 725.71124pt x 478.03593pt>
File: Image/RC_2.png Graphic file (type png)
<use Image/RC_2.png>
Package pdftex.def Info: Image/RC_2.png  used on input line 1684.
(pdftex.def)             Requested size: 217.71504pt x 143.41188pt.
<Image/RC_3.png, id=699, 1590.69281pt x 591.71063pt>
File: Image/RC_3.png Graphic file (type png)
<use Image/RC_3.png>
Package pdftex.def Info: Image/RC_3.png  used on input line 1688.
(pdftex.def)             Requested size: 286.31235pt x 106.50331pt.
 [35 <./Image/RC_2.png>]
<Image/RC_4.png, id=710, 760.34062pt x 455.45157pt>
File: Image/RC_4.png Graphic file (type png)
<use Image/RC_4.png>
Package pdftex.def Info: Image/RC_4.png  used on input line 1699.
(pdftex.def)             Requested size: 228.10394pt x 136.63652pt.
<Image/RL_0.png, id=711, 905.63344pt x 616.55344pt>
File: Image/RL_0.png Graphic file (type png)
<use Image/RL_0.png>
Package pdftex.def Info: Image/RL_0.png  used on input line 1712.
(pdftex.def)             Requested size: 163.00697pt x 110.97482pt.
<Image/RL_1.png, id=712, 896.59969pt x 607.51968pt>
File: Image/RL_1.png Graphic file (type png)
<use Image/RL_1.png>
Package pdftex.def Info: Image/RL_1.png  used on input line 1713.
(pdftex.def)             Requested size: 161.38098pt x 109.34882pt.
<Image/RL_2.png, id=713, 622.57594pt x 347.79938pt>
File: Image/RL_2.png Graphic file (type png)
<use Image/RL_2.png>
Package pdftex.def Info: Image/RL_2.png  used on input line 1718.
(pdftex.def)             Requested size: 155.6436pt x 86.94963pt.
 [36 <./Image/RC_3.png> <./Image/RC_4.png> <./Image/RL_0.png> <./Image/RL_1.png>]
<Image/RL_3.png, id=722, 853.68938pt x 447.92343pt>
File: Image/RL_3.png Graphic file (type png)
<use Image/RL_3.png>
Package pdftex.def Info: Image/RL_3.png  used on input line 1763.
(pdftex.def)             Requested size: 213.42181pt x 111.98058pt.
 [37 <./Image/RL_2.png> <./Image/RL_3.png>]
<Image/RL_4.png, id=735, 855.195pt x 301.8778pt>
File: Image/RL_4.png Graphic file (type png)
<use Image/RL_4.png>
Package pdftex.def Info: Image/RL_4.png  used on input line 1773.
(pdftex.def)             Requested size: 256.56049pt x 90.56403pt.
<Image/RLC_0.png, id=736, 950.04938pt x 536.75531pt>
File: Image/RLC_0.png Graphic file (type png)
<use Image/RLC_0.png>
Package pdftex.def Info: Image/RLC_0.png  used on input line 1808.
(pdftex.def)             Requested size: 237.51176pt x 134.18849pt.
<Image/RLC_1.png, id=737, 966.61125pt x 601.4972pt>
File: Image/RLC_1.png Graphic file (type png)
<use Image/RLC_1.png>
Package pdftex.def Info: Image/RLC_1.png  used on input line 1809.
(pdftex.def)             Requested size: 241.65222pt x 150.37393pt.
 [38 <./Image/RL_4.png> <./Image/RLC_0.png> <./Image/RLC_1.png>] [39]
<Image/RLC_2.png, id=749, 670.75594pt x 417.81094pt>
File: Image/RLC_2.png Graphic file (type png)
<use Image/RLC_2.png>
Package pdftex.def Info: Image/RLC_2.png  used on input line 1877.
(pdftex.def)             Requested size: 134.1488pt x 83.5607pt.
<Image/RLC_3.png, id=750, 433.62pt x 296.10625pt>
File: Image/RLC_3.png Graphic file (type png)
<use Image/RLC_3.png>
Package pdftex.def Info: Image/RLC_3.png  used on input line 1899.
(pdftex.def)             Requested size: 130.087pt x 88.83255pt.
 [40 <./Image/RLC_2.png>]
<Image/RLC_4.png, id=757, 607.26875pt x 397.485pt>
File: Image/RLC_4.png Graphic file (type png)
<use Image/RLC_4.png>
Package pdftex.def Info: Image/RLC_4.png  used on input line 1922.
(pdftex.def)             Requested size: 151.81682pt x 99.371pt.
<Image/Es_0_Trans.png, id=758, 703.62875pt x 262.48062pt>
File: Image/Es_0_Trans.png Graphic file (type png)
<use Image/Es_0_Trans.png>
Package pdftex.def Info: Image/Es_0_Trans.png  used on input line 1930.
(pdftex.def)             Requested size: 211.09026pt x 78.74478pt.
<Image/Es_1_Trans_1.png, id=759, 425.08812pt x 201.25188pt>
File: Image/Es_1_Trans_1.png Graphic file (type png)
<use Image/Es_1_Trans_1.png>
Package pdftex.def Info: Image/Es_1_Trans_1.png  used on input line 1942.
(pdftex.def)             Requested size: 148.78307pt x 70.43921pt.
 [41 <./Image/RLC_3.png> <./Image/RLC_4.png> <./Image/Es_0_Trans.png>] [42 <./Image/Es_1_Trans_1.png>] (./Elettrotecnica.aux)
Package rerunfilecheck Info: File `Elettrotecnica.out' has not changed.
(rerunfilecheck)             Checksum: 4033C71A4B8B69E07C737F337CAF434A;13068.
 ) 
Here is how much of TeX's memory you used:
 37279 strings out of 476097
 841412 string characters out of 5795135
 1884845 words of memory out of 5000000
 56806 multiletter control sequences out of 15000+600000
 526484 words of font info for 92 fonts, out of 8000000 for 9000
 1141 hyphenation exceptions out of 8191
 102i,21n,104p,804b,627s stack positions out of 10000i,1000n,20000p,200000b,200000s
<c:/texlive/2023/texmf-dist/fonts/type1/public/amsfonts/cm/cmbx10.pfb><c:/texlive/2023/texmf-dist/fonts/type1/public/amsfonts/cm/cmbx12.pfb><c:/texlive/2023/texmf-dist/fonts/type1/public/amsfonts/cm/cmbxti10.pfb><c:/texlive/2023/texmf-dist/fonts/type1/public/amsfonts/cm/cmex10.pfb><c:/texlive/2023/texmf-dist/fonts/type1/public/amsfonts/cmextra/cmex7.pfb><c:/texlive/2023/texmf-dist/fonts/type1/public/amsfonts/cm/cmmi10.pfb><c:/texlive/2023/texmf-dist/fonts/type1/public/amsfonts/cm/cmmi5.pfb><c:/texlive/2023/texmf-dist/fonts/type1/public/amsfonts/cm/cmmi7.pfb><c:/texlive/2023/texmf-dist/fonts/type1/public/amsfonts/cm/cmr10.pfb><c:/texlive/2023/texmf-dist/fonts/type1/public/amsfonts/cm/cmr12.pfb><c:/texlive/2023/texmf-dist/fonts/type1/public/amsfonts/cm/cmr17.pfb><c:/texlive/2023/texmf-dist/fonts/type1/public/amsfonts/cm/cmr5.pfb><c:/texlive/2023/texmf-dist/fonts/type1/public/amsfonts/cm/cmr6.pfb><c:/texlive/2023/texmf-dist/fonts/type1/public/amsfonts/cm/cmr7.pfb><c:/texlive/2023/texmf-dist/fonts/type1/public/amsfonts/cm/cmr8.pfb><c:/texlive/2023/texmf-dist/fonts/type1/public/amsfonts/cm/cmsy10.pfb><c:/texlive/2023/texmf-dist/fonts/type1/public/amsfonts/cm/cmsy5.pfb><c:/texlive/2023/texmf-dist/fonts/type1/public/amsfonts/cm/cmsy7.pfb><c:/texlive/2023/texmf-dist/fonts/type1/public/amsfonts/cm/cmti10.pfb><c:/texlive/2023/texmf-dist/fonts/type1/public/esint-type1/esint10.pfb><c:/texlive/2023/texmf-dist/fonts/type1/public/amsfonts/latxfont/line10.pfb><c:/texlive/2023/texmf-dist/fonts/type1/public/cm-super/sfrm1000.pfb>
Output written on Elettrotecnica.pdf (42 pages, 3059038 bytes).
PDF statistics:
 899 PDF objects out of 1000 (max. 8388607)
 623 compressed objects within 7 object streams
 140 named destinations out of 1000 (max. 500000)
 1036 words of extra memory for PDF output out of 10000 (max. 10000000)

