This is XeTeX, Version 3.141592653-2.6-0.999994 (MiKTeX 23.1) (preloaded format=xelatex 2023.3.9)  30 MAR 2023 14:59
entering extended mode
 restricted \write18 enabled.
 file:line:error style messages enabled.
 %&-line parsing enabled.
**"c:/Users/bumma/Documents/VSCode/Latex/Anno 1/Reti Logiche/main.tex"
(c:/Users/bumma/Documents/VSCode/Latex/Anno 1/Reti Logiche/main.tex
LaTeX2e <2022-11-01> patch level 1
L3 programming layer <2023-02-07> (C:\Program Files\MiKTeX\tex/latex/base\article.cls
Document Class: article 2022/07/02 v1.4n Standard LaTeX document class
(C:\Program Files\MiKTeX\tex/latex/base\size10.clo
File: size10.clo 2022/07/02 v1.4n Standard LaTeX file (size option)
)
\c@part=\count181
\c@section=\count182
\c@subsection=\count183
\c@subsubsection=\count184
\c@paragraph=\count185
\c@subparagraph=\count186
\c@figure=\count187
\c@table=\count188
\abovecaptionskip=\skip48
\belowcaptionskip=\skip49
\bibindent=\dimen140
) (C:\Program Files\MiKTeX\tex/latex/base\inputenc.sty
Package: inputenc 2021/02/14 v1.3d Input encoding file
\inpenc@prehook=\toks16
\inpenc@posthook=\toks17


Package inputenc Warning: inputenc package ignored with utf8 based engines.

) (C:\Program Files\MiKTeX\tex/latex/amsmath\amsmath.sty
Package: amsmath 2022/04/08 v2.17n AMS math features
\@mathmargin=\skip50

For additional information on amsmath, use the `?' option.
(C:\Program Files\MiKTeX\tex/latex/amsmath\amstext.sty
Package: amstext 2021/08/26 v2.01 AMS text
 (C:\Program Files\MiKTeX\tex/latex/amsmath\amsgen.sty
File: amsgen.sty 1999/11/30 v2.0 generic functions
\@emptytoks=\toks18
\ex@=\dimen141
)) (C:\Program Files\MiKTeX\tex/latex/amsmath\amsbsy.sty
Package: amsbsy 1999/11/29 v1.2d Bold Symbols
\pmbraise@=\dimen142
) (C:\Program Files\MiKTeX\tex/latex/amsmath\amsopn.sty
Package: amsopn 2022/04/08 v2.04 operator names
)
\inf@bad=\count189
LaTeX Info: Redefining \frac on input line 234.
\uproot@=\count190
\leftroot@=\count191
LaTeX Info: Redefining \overline on input line 399.
LaTeX Info: Redefining \colon on input line 410.
\classnum@=\count192
\DOTSCASE@=\count193
LaTeX Info: Redefining \ldots on input line 496.
LaTeX Info: Redefining \dots on input line 499.
LaTeX Info: Redefining \cdots on input line 620.
\Mathstrutbox@=\box51
\strutbox@=\box52
LaTeX Info: Redefining \big on input line 722.
LaTeX Info: Redefining \Big on input line 723.
LaTeX Info: Redefining \bigg on input line 724.
LaTeX Info: Redefining \Bigg on input line 725.
\big@size=\dimen143
LaTeX Font Info:    Redeclaring font encoding OML on input line 743.
LaTeX Font Info:    Redeclaring font encoding OMS on input line 744.
\macc@depth=\count194
LaTeX Info: Redefining \bmod on input line 905.
LaTeX Info: Redefining \pmod on input line 910.
LaTeX Info: Redefining \smash on input line 940.
LaTeX Info: Redefining \relbar on input line 970.
LaTeX Info: Redefining \Relbar on input line 971.
\c@MaxMatrixCols=\count195
\dotsspace@=\muskip16
\c@parentequation=\count196
\dspbrk@lvl=\count197
\tag@help=\toks19
\row@=\count198
\column@=\count199
\maxfields@=\count266
\andhelp@=\toks20
\eqnshift@=\dimen144
\alignsep@=\dimen145
\tagshift@=\dimen146
\tagwidth@=\dimen147
\totwidth@=\dimen148
\lineht@=\dimen149
\@envbody=\toks21
\multlinegap=\skip51
\multlinetaggap=\skip52
\mathdisplay@stack=\toks22
LaTeX Info: Redefining \[ on input line 2953.
LaTeX Info: Redefining \] on input line 2954.
) (C:\Program Files\MiKTeX\tex/latex/amsfonts\amssymb.sty
Package: amssymb 2013/01/14 v3.01 AMS font symbols
 (C:\Program Files\MiKTeX\tex/latex/amsfonts\amsfonts.sty
Package: amsfonts 2013/01/14 v3.01 Basic AMSFonts support
\symAMSa=\mathgroup4
\symAMSb=\mathgroup5
LaTeX Font Info:    Redeclaring math symbol \hbar on input line 98.
LaTeX Font Info:    Overwriting math alphabet `\mathfrak' in version `bold'
(Font)                  U/euf/m/n --> U/euf/b/n on input line 106.
)) (C:\Program Files\MiKTeX\tex/latex/pgf/frontendlayer\tikz.sty (C:\Program Files\MiKTeX\tex/latex/pgf/basiclayer\pgf.sty (C:\Program Files\MiKTeX\tex/latex/pgf/utilities\pgfrcs.sty (C:\Program Files\MiKTeX\tex/generic/pgf/utilities\pgfutil-common.tex
\pgfutil@everybye=\toks23
\pgfutil@tempdima=\dimen150
\pgfutil@tempdimb=\dimen151
) (C:\Program Files\MiKTeX\tex/generic/pgf/utilities\pgfutil-latex.def
\pgfutil@abb=\box53
) (C:\Program Files\MiKTeX\tex/generic/pgf/utilities\pgfrcs.code.tex (C:\Program Files\MiKTeX\tex/generic/pgf\pgf.revision.tex)
Package: pgfrcs 2023-01-15 v3.1.10 (3.1.10)
))
Package: pgf 2023-01-15 v3.1.10 (3.1.10)
 (C:\Program Files\MiKTeX\tex/latex/pgf/basiclayer\pgfcore.sty (C:\Program Files\MiKTeX\tex/latex/graphics\graphicx.sty
Package: graphicx 2021/09/16 v1.2d Enhanced LaTeX Graphics (DPC,SPQR)
 (C:\Program Files\MiKTeX\tex/latex/graphics\keyval.sty
Package: keyval 2022/05/29 v1.15 key=value parser (DPC)
\KV@toks@=\toks24
) (C:\Program Files\MiKTeX\tex/latex/graphics\graphics.sty
Package: graphics 2022/03/10 v1.4e Standard LaTeX Graphics (DPC,SPQR)
 (C:\Program Files\MiKTeX\tex/latex/graphics\trig.sty
Package: trig 2021/08/11 v1.11 sin cos tan (DPC)
) (C:\Program Files\MiKTeX\tex/latex/graphics-cfg\graphics.cfg
File: graphics.cfg 2016/06/04 v1.11 sample graphics configuration
)
Package graphics Info: Driver file: xetex.def on input line 107.
 (C:\Program Files\MiKTeX\tex/latex/graphics-def\xetex.def
File: xetex.def 2022/09/22 v5.0n Graphics/color driver for xetex
))
\Gin@req@height=\dimen152
\Gin@req@width=\dimen153
) (C:\Program Files\MiKTeX\tex/latex/pgf/systemlayer\pgfsys.sty (C:\Program Files\MiKTeX\tex/generic/pgf/systemlayer\pgfsys.code.tex
Package: pgfsys 2023-01-15 v3.1.10 (3.1.10)
 (C:\Program Files\MiKTeX\tex/generic/pgf/utilities\pgfkeys.code.tex
\pgfkeys@pathtoks=\toks25
\pgfkeys@temptoks=\toks26
 (C:\Program Files\MiKTeX\tex/generic/pgf/utilities\pgfkeyslibraryfiltered.code.tex
\pgfkeys@tmptoks=\toks27
))
\pgf@x=\dimen154
\pgf@y=\dimen155
\pgf@xa=\dimen156
\pgf@ya=\dimen157
\pgf@xb=\dimen158
\pgf@yb=\dimen159
\pgf@xc=\dimen160
\pgf@yc=\dimen161
\pgf@xd=\dimen162
\pgf@yd=\dimen163
\w@pgf@writea=\write3
\r@pgf@reada=\read2
\c@pgf@counta=\count267
\c@pgf@countb=\count268
\c@pgf@countc=\count269
\c@pgf@countd=\count270
\t@pgf@toka=\toks28
\t@pgf@tokb=\toks29
\t@pgf@tokc=\toks30
\pgf@sys@id@count=\count271
 (C:\Program Files\MiKTeX\tex/generic/pgf/systemlayer\pgf.cfg
File: pgf.cfg 2023-01-15 v3.1.10 (3.1.10)
)
Driver file for pgf: pgfsys-xetex.def
 (C:\Program Files\MiKTeX\tex/generic/pgf/systemlayer\pgfsys-xetex.def
File: pgfsys-xetex.def 2023-01-15 v3.1.10 (3.1.10)
 (C:\Program Files\MiKTeX\tex/generic/pgf/systemlayer\pgfsys-dvipdfmx.def
File: pgfsys-dvipdfmx.def 2023-01-15 v3.1.10 (3.1.10)
 (C:\Program Files\MiKTeX\tex/generic/pgf/systemlayer\pgfsys-common-pdf.def
File: pgfsys-common-pdf.def 2023-01-15 v3.1.10 (3.1.10)
)
\pgfsys@objnum=\count272
))) (C:\Program Files\MiKTeX\tex/generic/pgf/systemlayer\pgfsyssoftpath.code.tex
File: pgfsyssoftpath.code.tex 2023-01-15 v3.1.10 (3.1.10)
\pgfsyssoftpath@smallbuffer@items=\count273
\pgfsyssoftpath@bigbuffer@items=\count274
) (C:\Program Files\MiKTeX\tex/generic/pgf/systemlayer\pgfsysprotocol.code.tex
File: pgfsysprotocol.code.tex 2023-01-15 v3.1.10 (3.1.10)
)) (C:\Program Files\MiKTeX\tex/latex/xcolor\xcolor.sty
Package: xcolor 2022/06/12 v2.14 LaTeX color extensions (UK)
 (C:\Program Files\MiKTeX\tex/latex/graphics-cfg\color.cfg
File: color.cfg 2016/01/02 v1.6 sample color configuration
)
Package xcolor Info: Driver file: xetex.def on input line 227.
 (C:\Program Files\MiKTeX\tex/latex/graphics\mathcolor.ltx)
Package xcolor Info: Model `cmy' substituted by `cmy0' on input line 1353.
Package xcolor Info: Model `RGB' extended on input line 1369.
Package xcolor Info: Model `HTML' substituted by `rgb' on input line 1371.
Package xcolor Info: Model `Hsb' substituted by `hsb' on input line 1372.
Package xcolor Info: Model `tHsb' substituted by `hsb' on input line 1373.
Package xcolor Info: Model `HSB' substituted by `hsb' on input line 1374.
Package xcolor Info: Model `Gray' substituted by `gray' on input line 1375.
Package xcolor Info: Model `wave' substituted by `hsb' on input line 1376.
) (C:\Program Files\MiKTeX\tex/generic/pgf/basiclayer\pgfcore.code.tex
Package: pgfcore 2023-01-15 v3.1.10 (3.1.10)
 (C:\Program Files\MiKTeX\tex/generic/pgf/math\pgfmath.code.tex (C:\Program Files\MiKTeX\tex/generic/pgf/math\pgfmathutil.code.tex) (C:\Program Files\MiKTeX\tex/generic/pgf/math\pgfmathparser.code.tex
\pgfmath@dimen=\dimen164
\pgfmath@count=\count275
\pgfmath@box=\box54
\pgfmath@toks=\toks31
\pgfmath@stack@operand=\toks32
\pgfmath@stack@operation=\toks33
) (C:\Program Files\MiKTeX\tex/generic/pgf/math\pgfmathfunctions.code.tex) (C:\Program Files\MiKTeX\tex/generic/pgf/math\pgfmathfunctions.basic.code.tex) (C:\Program Files\MiKTeX\tex/generic/pgf/math\pgfmathfunctions.trigonometric.code.tex) (C:\Program Files\MiKTeX\tex/generic/pgf/math\pgfmathfunctions.random.code.tex) (C:\Program Files\MiKTeX\tex/generic/pgf/math\pgfmathfunctions.comparison.code.tex) (C:\Program Files\MiKTeX\tex/generic/pgf/math\pgfmathfunctions.base.code.tex) (C:\Program Files\MiKTeX\tex/generic/pgf/math\pgfmathfunctions.round.code.tex) (C:\Program Files\MiKTeX\tex/generic/pgf/math\pgfmathfunctions.misc.code.tex) (C:\Program Files\MiKTeX\tex/generic/pgf/math\pgfmathfunctions.integerarithmetics.code.tex) (C:\Program Files\MiKTeX\tex/generic/pgf/math\pgfmathcalc.code.tex) (C:\Program Files\MiKTeX\tex/generic/pgf/math\pgfmathfloat.code.tex
\c@pgfmathroundto@lastzeros=\count276
)) (C:\Program Files\MiKTeX\tex/generic/pgf/math\pgfint.code.tex) (C:\Program Files\MiKTeX\tex/generic/pgf/basiclayer\pgfcorepoints.code.tex
File: pgfcorepoints.code.tex 2023-01-15 v3.1.10 (3.1.10)
\pgf@picminx=\dimen165
\pgf@picmaxx=\dimen166
\pgf@picminy=\dimen167
\pgf@picmaxy=\dimen168
\pgf@pathminx=\dimen169
\pgf@pathmaxx=\dimen170
\pgf@pathminy=\dimen171
\pgf@pathmaxy=\dimen172
\pgf@xx=\dimen173
\pgf@xy=\dimen174
\pgf@yx=\dimen175
\pgf@yy=\dimen176
\pgf@zx=\dimen177
\pgf@zy=\dimen178
) (C:\Program Files\MiKTeX\tex/generic/pgf/basiclayer\pgfcorepathconstruct.code.tex
File: pgfcorepathconstruct.code.tex 2023-01-15 v3.1.10 (3.1.10)
\pgf@path@lastx=\dimen179
\pgf@path@lasty=\dimen180
) (C:\Program Files\MiKTeX\tex/generic/pgf/basiclayer\pgfcorepathusage.code.tex
File: pgfcorepathusage.code.tex 2023-01-15 v3.1.10 (3.1.10)
\pgf@shorten@end@additional=\dimen181
\pgf@shorten@start@additional=\dimen182
) (C:\Program Files\MiKTeX\tex/generic/pgf/basiclayer\pgfcorescopes.code.tex
File: pgfcorescopes.code.tex 2023-01-15 v3.1.10 (3.1.10)
\pgfpic=\box55
\pgf@hbox=\box56
\pgf@layerbox@main=\box57
\pgf@picture@serial@count=\count277
) (C:\Program Files\MiKTeX\tex/generic/pgf/basiclayer\pgfcoregraphicstate.code.tex
File: pgfcoregraphicstate.code.tex 2023-01-15 v3.1.10 (3.1.10)
\pgflinewidth=\dimen183
) (C:\Program Files\MiKTeX\tex/generic/pgf/basiclayer\pgfcoretransformations.code.tex
File: pgfcoretransformations.code.tex 2023-01-15 v3.1.10 (3.1.10)
\pgf@pt@x=\dimen184
\pgf@pt@y=\dimen185
\pgf@pt@temp=\dimen186
) (C:\Program Files\MiKTeX\tex/generic/pgf/basiclayer\pgfcorequick.code.tex
File: pgfcorequick.code.tex 2023-01-15 v3.1.10 (3.1.10)
) (C:\Program Files\MiKTeX\tex/generic/pgf/basiclayer\pgfcoreobjects.code.tex
File: pgfcoreobjects.code.tex 2023-01-15 v3.1.10 (3.1.10)
) (C:\Program Files\MiKTeX\tex/generic/pgf/basiclayer\pgfcorepathprocessing.code.tex
File: pgfcorepathprocessing.code.tex 2023-01-15 v3.1.10 (3.1.10)
) (C:\Program Files\MiKTeX\tex/generic/pgf/basiclayer\pgfcorearrows.code.tex
File: pgfcorearrows.code.tex 2023-01-15 v3.1.10 (3.1.10)
\pgfarrowsep=\dimen187
) (C:\Program Files\MiKTeX\tex/generic/pgf/basiclayer\pgfcoreshade.code.tex
File: pgfcoreshade.code.tex 2023-01-15 v3.1.10 (3.1.10)
\pgf@max=\dimen188
\pgf@sys@shading@range@num=\count278
\pgf@shadingcount=\count279
) (C:\Program Files\MiKTeX\tex/generic/pgf/basiclayer\pgfcoreimage.code.tex
File: pgfcoreimage.code.tex 2023-01-15 v3.1.10 (3.1.10)
) (C:\Program Files\MiKTeX\tex/generic/pgf/basiclayer\pgfcoreexternal.code.tex
File: pgfcoreexternal.code.tex 2023-01-15 v3.1.10 (3.1.10)
\pgfexternal@startupbox=\box58
) (C:\Program Files\MiKTeX\tex/generic/pgf/basiclayer\pgfcorelayers.code.tex
File: pgfcorelayers.code.tex 2023-01-15 v3.1.10 (3.1.10)
) (C:\Program Files\MiKTeX\tex/generic/pgf/basiclayer\pgfcoretransparency.code.tex
File: pgfcoretransparency.code.tex 2023-01-15 v3.1.10 (3.1.10)
) (C:\Program Files\MiKTeX\tex/generic/pgf/basiclayer\pgfcorepatterns.code.tex
File: pgfcorepatterns.code.tex 2023-01-15 v3.1.10 (3.1.10)
) (C:\Program Files\MiKTeX\tex/generic/pgf/basiclayer\pgfcorerdf.code.tex
File: pgfcorerdf.code.tex 2023-01-15 v3.1.10 (3.1.10)
))) (C:\Program Files\MiKTeX\tex/generic/pgf/modules\pgfmoduleshapes.code.tex
File: pgfmoduleshapes.code.tex 2023-01-15 v3.1.10 (3.1.10)
\pgfnodeparttextbox=\box59
) (C:\Program Files\MiKTeX\tex/generic/pgf/modules\pgfmoduleplot.code.tex
File: pgfmoduleplot.code.tex 2023-01-15 v3.1.10 (3.1.10)
) (C:\Program Files\MiKTeX\tex/latex/pgf/compatibility\pgfcomp-version-0-65.sty
Package: pgfcomp-version-0-65 2023-01-15 v3.1.10 (3.1.10)
\pgf@nodesepstart=\dimen189
\pgf@nodesepend=\dimen190
) (C:\Program Files\MiKTeX\tex/latex/pgf/compatibility\pgfcomp-version-1-18.sty
Package: pgfcomp-version-1-18 2023-01-15 v3.1.10 (3.1.10)
)) (C:\Program Files\MiKTeX\tex/latex/pgf/utilities\pgffor.sty (C:\Program Files\MiKTeX\tex/latex/pgf/utilities\pgfkeys.sty (C:\Program Files\MiKTeX\tex/generic/pgf/utilities\pgfkeys.code.tex)) (C:\Program Files\MiKTeX\tex/latex/pgf/math\pgfmath.sty (C:\Program Files\MiKTeX\tex/generic/pgf/math\pgfmath.code.tex)) (C:\Program Files\MiKTeX\tex/generic/pgf/utilities\pgffor.code.tex
Package: pgffor 2023-01-15 v3.1.10 (3.1.10)
\pgffor@iter=\dimen191
\pgffor@skip=\dimen192
\pgffor@stack=\toks34
\pgffor@toks=\toks35
)) (C:\Program Files\MiKTeX\tex/generic/pgf/frontendlayer/tikz\tikz.code.tex
Package: tikz 2023-01-15 v3.1.10 (3.1.10)
 (C:\Program Files\MiKTeX\tex/generic/pgf/libraries\pgflibraryplothandlers.code.tex
File: pgflibraryplothandlers.code.tex 2023-01-15 v3.1.10 (3.1.10)
\pgf@plot@mark@count=\count280
\pgfplotmarksize=\dimen193
)
\tikz@lastx=\dimen194
\tikz@lasty=\dimen195
\tikz@lastxsaved=\dimen196
\tikz@lastysaved=\dimen197
\tikz@lastmovetox=\dimen198
\tikz@lastmovetoy=\dimen199
\tikzleveldistance=\dimen256
\tikzsiblingdistance=\dimen257
\tikz@figbox=\box60
\tikz@figbox@bg=\box61
\tikz@tempbox=\box62
\tikz@tempbox@bg=\box63
\tikztreelevel=\count281
\tikznumberofchildren=\count282
\tikznumberofcurrentchild=\count283
\tikz@fig@count=\count284
 (C:\Program Files\MiKTeX\tex/generic/pgf/modules\pgfmodulematrix.code.tex
File: pgfmodulematrix.code.tex 2023-01-15 v3.1.10 (3.1.10)
\pgfmatrixcurrentrow=\count285
\pgfmatrixcurrentcolumn=\count286
\pgf@matrix@numberofcolumns=\count287
)
\tikz@expandcount=\count288
 (C:\Program Files\MiKTeX\tex/generic/pgf/frontendlayer/tikz/libraries\tikzlibrarytopaths.code.tex
File: tikzlibrarytopaths.code.tex 2023-01-15 v3.1.10 (3.1.10)
))) (C:\Users\bumma\AppData\Roaming\MiKTeX\tex/latex/geometry\geometry.sty
Package: geometry 2020/01/02 v5.9 Page Geometry
 (C:\Program Files\MiKTeX\tex/generic/iftex\ifvtex.sty
Package: ifvtex 2019/10/25 v1.7 ifvtex legacy package. Use iftex instead.
 (C:\Program Files\MiKTeX\tex/generic/iftex\iftex.sty
Package: iftex 2022/02/03 v1.0f TeX engine tests
))
\Gm@cnth=\count289
\Gm@cntv=\count290
\c@Gm@tempcnt=\count291
\Gm@bindingoffset=\dimen258
\Gm@wd@mp=\dimen259
\Gm@odd@mp=\dimen260
\Gm@even@mp=\dimen261
\Gm@layoutwidth=\dimen262
\Gm@layoutheight=\dimen263
\Gm@layouthoffset=\dimen264
\Gm@layoutvoffset=\dimen265
\Gm@dimlist=\toks36
 (C:\Users\bumma\AppData\Roaming\MiKTeX\tex/latex/geometry\geometry.cfg)) (C:\Users\bumma\AppData\Roaming\MiKTeX\tex/latex/natbib\natbib.sty
Package: natbib 2010/09/13 8.31b (PWD, AO)
\bibhang=\skip53
\bibsep=\skip54
LaTeX Info: Redefining \cite on input line 694.
\c@NAT@ctr=\count292
) (C:\Users\bumma\AppData\Roaming\MiKTeX\tex/latex/mwe\mwe.sty
Package: mwe 2018/03/30 v0.5 Package to support minimal working examples (MWE)
 (C:\Users\bumma\AppData\Roaming\MiKTeX\tex/latex/lipsum\lipsum.sty (C:\Program Files\MiKTeX\tex/latex/l3packages/l3keys2e\l3keys2e.sty (C:\Program Files\MiKTeX\tex/latex/l3kernel\expl3.sty
Package: expl3 2023-02-07 L3 programming layer (loader) 
 (C:\Program Files\MiKTeX\tex/latex/l3backend\l3backend-xetex.def
File: l3backend-xetex.def 2023-01-16 L3 backend support: XeTeX
\g__graphics_track_int=\count293
\l__pdf_internal_box=\box64
\g__pdf_backend_object_int=\count294
\g__pdf_backend_annotation_int=\count295
\g__pdf_backend_link_int=\count296
))
Package: l3keys2e 2023-01-16 LaTeX2e option processing using LaTeX3 keys
)
Package: lipsum 2021-09-20 v2.7 150 paragraphs of Lorem Ipsum dummy text
\g__lipsum_par_int=\count297
\l__lipsum_a_int=\count298
\l__lipsum_b_int=\count299
 (C:\Users\bumma\AppData\Roaming\MiKTeX\tex/latex/lipsum\lipsum.ltd.tex)) (C:\Program Files\MiKTeX\tex/latex/blindtext\blindtext.sty
Package: blindtext 2012/01/06 V2.0 blindtext-Package
 (C:\Program Files\MiKTeX\tex/latex/tools\xspace.sty
Package: xspace 2014/10/28 v1.13 Space after command names (DPC,MH)
)
\c@blindtext=\count300
\c@Blindtext=\count301
\c@blind@countparstart=\count302
\blind@countxx=\count303
\blindtext@numBlindtext=\count304
\blind@countyy=\count305
\c@blindlist=\count306
\c@blindlistlevel=\count307
\c@blindlist@level=\count308
\blind@listitem=\count309
\c@blind@listcount=\count310
\c@blind@levelcount=\count311
\blind@mathformula=\count312
\blind@Mathformula=\count313
\c@blind@randomcount=\count314
\c@blind@randommax=\count315
\c@blind@pangramcount=\count316
\c@blind@pangrammax=\count317
)) (C:\Program Files\MiKTeX\tex/latex/hyperref\hyperref.sty
Package: hyperref 2023-02-07 v7.00v Hypertext links for LaTeX
 (C:\Users\bumma\AppData\Roaming\MiKTeX\tex/generic/ltxcmds\ltxcmds.sty
Package: ltxcmds 2020-05-10 v1.25 LaTeX kernel commands for general use (HO)
) (C:\Program Files\MiKTeX\tex/generic/pdftexcmds\pdftexcmds.sty
Package: pdftexcmds 2020-06-27 v0.33 Utility functions of pdfTeX for LuaTeX (HO)
 (C:\Users\bumma\AppData\Roaming\MiKTeX\tex/generic/infwarerr\infwarerr.sty
Package: infwarerr 2019/12/03 v1.5 Providing info/warning/error messages (HO)
)
Package pdftexcmds Info: \pdf@primitive is available.
Package pdftexcmds Info: \pdf@ifprimitive is available.
Package pdftexcmds Info: \pdfdraftmode not found.
) (C:\Users\bumma\AppData\Roaming\MiKTeX\tex/latex/kvsetkeys\kvsetkeys.sty
Package: kvsetkeys 2022-10-05 v1.19 Key value parser (HO)
) (C:\Users\bumma\AppData\Roaming\MiKTeX\tex/generic/kvdefinekeys\kvdefinekeys.sty
Package: kvdefinekeys 2019-12-19 v1.6 Define keys (HO)
) (C:\Users\bumma\AppData\Roaming\MiKTeX\tex/generic/pdfescape\pdfescape.sty
Package: pdfescape 2019/12/09 v1.15 Implements pdfTeX's escape features (HO)
) (C:\Users\bumma\AppData\Roaming\MiKTeX\tex/latex/hycolor\hycolor.sty
Package: hycolor 2020-01-27 v1.10 Color options for hyperref/bookmark (HO)
) (C:\Users\bumma\AppData\Roaming\MiKTeX\tex/latex/letltxmacro\letltxmacro.sty
Package: letltxmacro 2019/12/03 v1.6 Let assignment for LaTeX macros (HO)
) (C:\Users\bumma\AppData\Roaming\MiKTeX\tex/latex/auxhook\auxhook.sty
Package: auxhook 2019-12-17 v1.6 Hooks for auxiliary files (HO)
) (C:\Program Files\MiKTeX\tex/latex/hyperref\nameref.sty
Package: nameref 2022-05-17 v2.50 Cross-referencing by name of section
 (C:\Users\bumma\AppData\Roaming\MiKTeX\tex/latex/refcount\refcount.sty
Package: refcount 2019/12/15 v3.6 Data extraction from label references (HO)
) (C:\Users\bumma\AppData\Roaming\MiKTeX\tex/generic/gettitlestring\gettitlestring.sty
Package: gettitlestring 2019/12/15 v1.6 Cleanup title references (HO)
 (C:\Users\bumma\AppData\Roaming\MiKTeX\tex/latex/kvoptions\kvoptions.sty
Package: kvoptions 2022-06-15 v3.15 Key value format for package options (HO)
))
\c@section@level=\count318
)
\@linkdim=\dimen266
\Hy@linkcounter=\count319
\Hy@pagecounter=\count320
 (C:\Program Files\MiKTeX\tex/latex/hyperref\pd1enc.def
File: pd1enc.def 2023-02-07 v7.00v Hyperref: PDFDocEncoding definition (HO)
) (C:\Users\bumma\AppData\Roaming\MiKTeX\tex/generic/intcalc\intcalc.sty
Package: intcalc 2019/12/15 v1.3 Expandable calculations with integers (HO)
) (C:\Users\bumma\AppData\Roaming\MiKTeX\tex/generic/etexcmds\etexcmds.sty
Package: etexcmds 2019/12/15 v1.7 Avoid name clashes with e-TeX commands (HO)
)
\Hy@SavedSpaceFactor=\count321
 (C:\Program Files\MiKTeX\tex/latex/hyperref\puenc.def
File: puenc.def 2023-02-07 v7.00v Hyperref: PDF Unicode definition (HO)
)
Package hyperref Info: Hyper figures OFF on input line 4177.
Package hyperref Info: Link nesting OFF on input line 4182.
Package hyperref Info: Hyper index ON on input line 4185.
Package hyperref Info: Plain pages OFF on input line 4192.
Package hyperref Info: Backreferencing OFF on input line 4197.
Package hyperref Info: Implicit mode ON; LaTeX internals redefined.
Package hyperref Info: Bookmarks ON on input line 4425.
\c@Hy@tempcnt=\count322
 (C:\Program Files\MiKTeX\tex/latex/url\url.sty
\Urlmuskip=\muskip17
Package: url 2013/09/16  ver 3.4  Verb mode for urls, etc.
)
LaTeX Info: Redefining \url on input line 4763.
\XeTeXLinkMargin=\dimen267
 (C:\Users\bumma\AppData\Roaming\MiKTeX\tex/generic/bitset\bitset.sty
Package: bitset 2019/12/09 v1.3 Handle bit-vector datatype (HO)
 (C:\Users\bumma\AppData\Roaming\MiKTeX\tex/generic/bigintcalc\bigintcalc.sty
Package: bigintcalc 2019/12/15 v1.5 Expandable calculations on big integers (HO)
))
\Fld@menulength=\count323
\Field@Width=\dimen268
\Fld@charsize=\dimen269
Package hyperref Info: Hyper figures OFF on input line 6042.
Package hyperref Info: Link nesting OFF on input line 6047.
Package hyperref Info: Hyper index ON on input line 6050.
Package hyperref Info: backreferencing OFF on input line 6057.
Package hyperref Info: Link coloring OFF on input line 6062.
Package hyperref Info: Link coloring with OCG OFF on input line 6067.
Package hyperref Info: PDF/A mode OFF on input line 6072.
 (C:\Program Files\MiKTeX\tex/latex/base\atbegshi-ltx.sty
Package: atbegshi-ltx 2021/01/10 v1.0c Emulation of the original atbegshi
package with kernel methods
)
\Hy@abspage=\count324
\c@Item=\count325
\c@Hfootnote=\count326
)
Package hyperref Info: Driver (autodetected): hxetex.
 (C:\Program Files\MiKTeX\tex/latex/hyperref\hxetex.def
File: hxetex.def 2023-02-07 v7.00v Hyperref driver for XeTeX
 (C:\Users\bumma\AppData\Roaming\MiKTeX\tex/generic/stringenc\stringenc.sty
Package: stringenc 2019/11/29 v1.12 Convert strings between diff. encodings (HO)
)
\pdfm@box=\box65
\c@Hy@AnnotLevel=\count327
\HyField@AnnotCount=\count328
\Fld@listcount=\count329
\c@bookmark@seq@number=\count330
 (C:\Users\bumma\AppData\Roaming\MiKTeX\tex/latex/rerunfilecheck\rerunfilecheck.sty
Package: rerunfilecheck 2022-07-10 v1.10 Rerun checks for auxiliary files (HO)
 (C:\Program Files\MiKTeX\tex/latex/base\atveryend-ltx.sty
Package: atveryend-ltx 2020/08/19 v1.0a Emulation of the original atveryend package
with kernel methods
) (C:\Users\bumma\AppData\Roaming\MiKTeX\tex/generic/uniquecounter\uniquecounter.sty
Package: uniquecounter 2019/12/15 v1.4 Provide unlimited unique counter (HO)
)
Package uniquecounter Info: New unique counter `rerunfilecheck' on input line 285.
)
\Hy@SectionHShift=\skip55
) (C:\Program Files\MiKTeX\tex/latex/listings\listings.sty
\lst@mode=\count331
\lst@gtempboxa=\box66
\lst@token=\toks37
\lst@length=\count332
\lst@currlwidth=\dimen270
\lst@column=\count333
\lst@pos=\count334
\lst@lostspace=\dimen271
\lst@width=\dimen272
\lst@newlines=\count335
\lst@lineno=\count336
\lst@maxwidth=\dimen273
 (C:\Program Files\MiKTeX\tex/latex/listings\lstmisc.sty
File: lstmisc.sty 2020/03/24 1.8d (Carsten Heinz)
\c@lstnumber=\count337
\lst@skipnumbers=\count338
\lst@framebox=\box67
) (C:\Program Files\MiKTeX\tex/latex/listings\listings.cfg
File: listings.cfg 2020/03/24 1.8d listings configuration
))
Package: listings 2020/03/24 1.8d (Carsten Heinz)
 (C:\Program Files\MiKTeX\tex/latex/tools\tabularx.sty
Package: tabularx 2020/01/15 v2.11c `tabularx' package (DPC)
 (C:\Program Files\MiKTeX\tex/latex/tools\array.sty
Package: array 2022/09/04 v2.5g Tabular extension package (FMi)
\col@sep=\dimen274
\ar@mcellbox=\box68
\extrarowheight=\dimen275
\NC@list=\toks38
\extratabsurround=\skip56
\backup@length=\skip57
\ar@cellbox=\box69
)
\TX@col@width=\dimen276
\TX@old@table=\dimen277
\TX@old@col=\dimen278
\TX@target=\dimen279
\TX@delta=\dimen280
\TX@cols=\count339
\TX@ftn=\toks39
) (C:\Users\bumma\AppData\Roaming\MiKTeX\tex/latex/pdfpages\pdfpages.sty
Package: pdfpages 2022/12/19 v0.5x Insert pages of external PDF documents (AM)
 (C:\Program Files\MiKTeX\tex/latex/base\ifthen.sty
Package: ifthen 2022/04/13 v1.1d Standard LaTeX ifthen package (DPC)
) (C:\Program Files\MiKTeX\tex/latex/tools\calc.sty
Package: calc 2017/05/25 v4.3 Infix arithmetic (KKT,FJ)
\calc@Acount=\count340
\calc@Bcount=\count341
\calc@Adimen=\dimen281
\calc@Bdimen=\dimen282
\calc@Askip=\skip58
\calc@Bskip=\skip59
LaTeX Info: Redefining \setlength on input line 80.
LaTeX Info: Redefining \addtolength on input line 81.
\calc@Ccount=\count342
\calc@Cskip=\skip60
) (C:\Users\bumma\AppData\Roaming\MiKTeX\tex/latex/eso-pic\eso-pic.sty
Package: eso-pic 2020/10/14 v3.0a eso-pic (RN)
\ESO@tempdima=\dimen283
\ESO@tempdimb=\dimen284
)
\AM@pagewidth=\dimen285
\AM@pageheight=\dimen286
\AM@fboxrule=\dimen287
 (C:\Users\bumma\AppData\Roaming\MiKTeX\tex/latex/pdfpages\ppxetex.def
File: ppxetex.def 2022/12/19 v0.5x Pdfpages driver for XeTeX (AM)
)
\pdfpages@includegraphics@status=\count343
\AM@pagebox=\box70
\AM@global@opts=\toks40
\AM@pagecnt=\count344
\AM@toc@title=\toks41
\AM@lof@heading=\toks42
\c@AM@survey=\count345
\AM@templatesizebox=\box71
)
Package hyperref Info: Option `colorlinks' set `true' on input line 14.
 (main.aux)
\openout1 = `main.aux'.

LaTeX Font Info:    Checking defaults for OML/cmm/m/it on input line 32.
LaTeX Font Info:    ... okay on input line 32.
LaTeX Font Info:    Checking defaults for OMS/cmsy/m/n on input line 32.
LaTeX Font Info:    ... okay on input line 32.
LaTeX Font Info:    Checking defaults for OT1/cmr/m/n on input line 32.
LaTeX Font Info:    ... okay on input line 32.
LaTeX Font Info:    Checking defaults for T1/cmr/m/n on input line 32.
LaTeX Font Info:    ... okay on input line 32.
LaTeX Font Info:    Checking defaults for TS1/cmr/m/n on input line 32.
LaTeX Font Info:    Trying to load font information for TS1+cmr on input line 32.
 (C:\Program Files\MiKTeX\tex/latex/base\ts1cmr.fd
File: ts1cmr.fd 2022/07/10 v2.5l Standard LaTeX font definitions
)
LaTeX Font Info:    ... okay on input line 32.
LaTeX Font Info:    Checking defaults for TU/lmr/m/n on input line 32.
LaTeX Font Info:    ... okay on input line 32.
LaTeX Font Info:    Checking defaults for OMX/cmex/m/n on input line 32.
LaTeX Font Info:    ... okay on input line 32.
LaTeX Font Info:    Checking defaults for U/cmr/m/n on input line 32.
LaTeX Font Info:    ... okay on input line 32.
LaTeX Font Info:    Checking defaults for PD1/pdf/m/n on input line 32.
LaTeX Font Info:    ... okay on input line 32.
LaTeX Font Info:    Checking defaults for PU/pdf/m/n on input line 32.
LaTeX Font Info:    ... okay on input line 32.

*geometry* driver: auto-detecting
*geometry* detected driver: xetex
*geometry* verbose mode - [ preamble ] result:
* driver: xetex
* paper: a4paper
* layout: <same size as paper>
* layoutoffset:(h,v)=(0.0pt,0.0pt)
* modes: 
* h-part:(L,W,R)=(56.9055pt, 483.69684pt, 56.90553pt)
* v-part:(T,H,B)=(28.45274pt, 731.23582pt, 85.35828pt)
* \paperwidth=597.50787pt
* \paperheight=845.04684pt
* \textwidth=483.69684pt
* \textheight=731.23582pt
* \oddsidemargin=-15.36449pt
* \evensidemargin=-15.36449pt
* \topmargin=-80.81725pt
* \headheight=12.0pt
* \headsep=25.0pt
* \topskip=10.0pt
* \footskip=30.0pt
* \marginparwidth=65.0pt
* \marginparsep=11.0pt
* \columnsep=10.0pt
* \skip\footins=9.0pt plus 4.0pt minus 2.0pt
* \hoffset=0.0pt
* \voffset=0.0pt
* \mag=1000
* \@twocolumnfalse
* \@twosidefalse
* \@mparswitchfalse
* \@reversemarginfalse
* (1in=72.27pt=25.4mm, 1cm=28.453pt)

Package hyperref Info: Link coloring ON on input line 32.
\@outlinefile=\write4
\openout4 = `main.out'.


Package hyperref Warning: Rerun to get /PageLabels entry.

\c@lstlisting=\count346
(C:\Users\bumma\AppData\Roaming\MiKTeX\tex/latex/pdflscape\pdflscape.sty
Package: pdflscape 2022-10-27 v0.13 Display of landscape pages in PDF
 (C:\Users\bumma\AppData\Roaming\MiKTeX\tex/latex/pdflscape\pdflscape-nometadata.sty
Package: pdflscape-nometadata 2022-10-28 v0.13 Display of landscape pages in PDF (HO)
 (C:\Program Files\MiKTeX\tex/latex/graphics\lscape.sty
Package: lscape 2020/05/28 v3.02 Landscape Pages (DPC)
)
Package pdflscape Info: Auto-detected driver: dvipdfm (xetex) on input line 98.
))
No file main.toc.
\tf@toc=\write5
\openout5 = `main.toc'.

[1

]
LaTeX Font Info:    Trying to load font information for U+msa on input line 37.
 (C:\Program Files\MiKTeX\tex/latex/amsfonts\umsa.fd
File: umsa.fd 2013/01/14 v3.01 AMS symbols A
)
LaTeX Font Info:    Trying to load font information for U+msb on input line 37.
 (C:\Program Files\MiKTeX\tex/latex/amsfonts\umsb.fd
File: umsb.fd 2013/01/14 v3.01 AMS symbols B
)
File: logica.png Graphic file (type bmp)
<logica.png>
 [2]
File: intmecc.png Graphic file (type bmp)
<intmecc.png>
File: intel.png Graphic file (type bmp)
<intel.png>
 [3]
File: funzioni1.png Graphic file (type bmp)
<funzioni1.png>
File: desgate.png Graphic file (type bmp)
<desgate.png>
File: funzioni2.png Graphic file (type bmp)
<funzioni2.png>
 [4]
File: desAND.png Graphic file (type bmp)
<desAND.png>
File: desOR.png Graphic file (type bmp)
<desOR.png>
File: desGate3.png Graphic file (type bmp)
<desGate3.png>
 [5]
File: circEXOR.png Graphic file (type bmp)
<circEXOR.png>
File: desEXOR.png Graphic file (type bmp)
<desEXOR.png>
File: nand.png Graphic file (type bmp)
<nand.png>
 [6]
File: diagrammiocchio.png Graphic file (type bmp)
<diagrammiocchio.png>
File: diagrammabus.png Graphic file (type bmp)
<diagrammabus.png>
File: ritardi.png Graphic file (type bmp)
<ritardi.png>
 [7]
File: gateinserie.png Graphic file (type bmp)
<gateinserie.png>
File: gateinparallelo.png Graphic file (type bmp)
<gateinparallelo.png>
File: gateinretro.png Graphic file (type bmp)
<gateinretro.png>
 [8]
File: espos.png Graphic file (type bmp)
<espos.png>
 [9]
File: esEs.png Graphic file (type bmp)
<esEs.png>
File: esIter.png Graphic file (type bmp)
<esIter.png>
File: esIterEs.png Graphic file (type bmp)
<esIterEs.png>
File: trascod.png Graphic file (type bmp)
<trascod.png>
 [10] [11]
File: utf32utf8.png Graphic file (type bmp)
<utf32utf8.png>
File: retelog.png Graphic file (type bmp)
<retelog.png>
File: bcd-7.png Graphic file (type bmp)
<bcd-7.png>
 [12]
File: parallel.png Graphic file (type bmp)
<parallel.png>
File: compstr.png Graphic file (type bmp)
<compstr.png>
 [13]
File: conv7.png Graphic file (type bmp)
<conv7.png>
 [14]
File: algmap.png Graphic file (type bmp)
<algmap.png>
 [15]
File: imesp.png Graphic file (type bmp)
<imesp.png>
File: esp1.png Graphic file (type bmp)
<esp1.png>
File: esp2.png Graphic file (type bmp)
<esp2.png>
 [16]
File: tdv1.png Graphic file (type bmp)
<tdv1.png>
 [17]
File: fulladderTdv.png Graphic file (type bmp)
<fulladderTdv.png>
File: es3.png Graphic file (type bmp)
<es3.png>
 [18]
File: enc3ing.png Graphic file (type bmp)
<enc3ing.png>
 [19]
File: FullAdder1.png Graphic file (type bmp)
<FullAdder1.png>
File: proglog.png Graphic file (type bmp)
<proglog.png>
 [20]
File: escompl.png Graphic file (type bmp)
<escompl.png>
 [21]
File: zfun.png Graphic file (type bmp)
<zfun.png>
File: impZ.png Graphic file (type bmp)
<impZ.png>
File: imp1Z.png Graphic file (type bmp)
<imp1Z.png>
File: imp1att.png Graphic file (type bmp)
<imp1att.png>
 [22]
File: karnfulladd.png Graphic file (type bmp)
<karnfulladd.png>
File: cellead.png Graphic file (type bmp)
<cellead.png>
File: celle5-6.png Graphic file (type bmp)
<celle5-6.png>
 [23]
File: cellad2.png Graphic file (type bmp)
<cellad2.png>
File: raggimpl.png Graphic file (type bmp)
<raggimpl.png>
 [24]
File: spRR.png Graphic file (type bmp)
<spRR.png>
File: ridond.png Graphic file (type bmp)
<ridond.png>
File: copertura.png Graphic file (type bmp)
<copertura.png>
 [25]
File: escoper.png Graphic file (type bmp)
<escoper.png>
File: escoper2.png Graphic file (type bmp)
<escoper2.png>
File: ind1.png Graphic file (type bmp)
<ind1.png>
 [26]
File: ind2.png Graphic file (type bmp)
<ind2.png>
File: ind2.1.png Graphic file (type bmp)
<ind2.1.png>
File: indes3.png Graphic file (type bmp)
<indes3.png>
File: ind4.png Graphic file (type bmp)
<ind4.png>
File: encoder3.png Graphic file (type bmp)
<encoder3.png>
 [27]
File: Z1.png Graphic file (type bmp)
<Z1.png>
File: Z2.png Graphic file (type bmp)
<Z2.png>
File: mappeanalisi1.png Graphic file (type bmp)
<mappeanalisi1.png>
File: mappeanalisi2.png Graphic file (type bmp)
<mappeanalisi2.png>
 [28]
File: tdvnand.png Graphic file (type bmp)
<tdvnand.png>
 [29]
File: equivalence.png Graphic file (type bmp)
<equivalence.png>
 [30]

LaTeX Warning: File `decoder3:8.png' not found on input line 828.

c:/Users/bumma/Documents/VSCode/Latex/Anno 1/Reti Logiche/main.tex:828: Unable to load picture or PDF file 'decoder3:8.png'.
<to be read again> 
                   }
l.828 ...ncludegraphics[scale=0.7]{decoder3:8.png}
                                                  
The requested image couldn't be read because
it was not a recognized image format.

File: decoder3:8.png Graphic file (type bmp)
<decoder3:8.png>
File: tabDec.png Graphic file (type bmp)
<tabDec.png>

LaTeX Warning: File `decoder 2:4 e 3:8.png' not found on input line 841.

c:/Users/bumma/Documents/VSCode/Latex/Anno 1/Reti Logiche/main.tex:841: Unable to load picture or PDF file '"decoder 2:4 e 3:8.png"'.
<to be read again> 
                   }
l.841 ...aphics[scale=0.35]{decoder 2:4 e 3:8.png}
                                                  
The requested image couldn't be read because
it was not a recognized image format.

File: decoder 2:4 e 3:8.png Graphic file (type bmp)
<decoder 2:4 e 3:8.png>

LaTeX Warning: File `es3:8.png' not found on input line 851.

c:/Users/bumma/Documents/VSCode/Latex/Anno 1/Reti Logiche/main.tex:851: Unable to load picture or PDF file 'es3:8.png'.
<to be read again> 
                   }
l.851     \includegraphics[scale=0.55]{es3:8.png}
                                                 
The requested image couldn't be read because
it was not a recognized image format.

File: es3:8.png Graphic file (type bmp)
<es3:8.png>
File: fan-in1.png Graphic file (type bmp)
<fan-in1.png>
[31]
File: fan-in2.png Graphic file (type bmp)
<fan-in2.png>
File: sintesiFullAdder.png Graphic file (type bmp)
<sintesiFullAdder.png>


LaTeX Warning: File `Dec4:16.png' not found on input line 877.

c:/Users/bumma/Documents/VSCode/Latex/Anno 1/Reti Logiche/main.tex:877: Unable to load picture or PDF file 'Dec4:16.png'.
<to be read again> 
                   }
l.877     \includegraphics[scale=0.7]{Dec4:16.png}
                                                  
The requested image couldn't be read because
it was not a recognized image format.

File: Dec4:16.png Graphic file (type bmp)
<Dec4:16.png>
File: TDVMulti.png Graphic file (type bmp)
<TDVMulti.png>
[32]

Package hyperref Warning: Token not allowed in a PDF string (Unicode):
(hyperref)                removing `math shift' on input line 890.


Package hyperref Warning: Token not allowed in a PDF string (Unicode):
(hyperref)                removing `superscript' on input line 890.


Package hyperref Warning: Token not allowed in a PDF string (Unicode):
(hyperref)                removing `math shift' on input line 890.

File: MUX2n.png Graphic file (type bmp)
<MUX2n.png>
[33]
File: ProgMUX.png Graphic file (type bmp)
<ProgMUX.png>
File: fulladderTdv.png Graphic file (type bmp)
<fulladderTdv.png>
File: MUXfa.png Graphic file (type bmp)
<MUXfa.png>
 [34]
File: MUX4var.png Graphic file (type bmp)
<MUX4var.png>
File: retiProg1.png Graphic file (type bmp)
<retiProg1.png>
 [35]
File: aritmetica 1.png Graphic file (type bmp)
<aritmetica 1.png>
File: TDV Full Adder.png Graphic file (type bmp)
<TDV Full Adder.png>
File: Full Adder.png Graphic file (type bmp)
<Full Adder.png>
 [36]

Package hyperref Warning: Token not allowed in a PDF string (Unicode):
(hyperref)                removing `math shift' on input line 982.


Package hyperref Warning: Token not allowed in a PDF string (Unicode):
(hyperref)                removing `math shift' on input line 982.

File: adder n bit.png Graphic file (type bmp)
<adder n bit.png>
[37]
File: sottrazione.png Graphic file (type bmp)
<sottrazione.png>
File: adder-sub.png Graphic file (type bmp)
<adder-sub.png>
File: adder-sub2.png Graphic file (type bmp)
<adder-sub2.png>
 [38]
File: aritmetica con segno.png Graphic file (type bmp)
<aritmetica con segno.png>
File: n bit adder modificato.png Graphic file (type bmp)
<n bit adder modificato.png>
File: n bit adder complemento.png Graphic file (type bmp)
<n bit adder complemento.png>
 [39]
File: alu.png Graphic file (type bmp)
<alu.png>
File: alu circuito.png Graphic file (type bmp)
<alu circuito.png>
 [40]
File: carrylookahead1.png Graphic file (type bmp)
<carrylookahead1.png>
 [41]
File: esGrafo1.png Graphic file (type bmp)
<esGrafo1.png>
File: esGrafo2.png Graphic file (type bmp)
<esGrafo2.png>
File: cassaforteMealy.png Graphic file (type bmp)
<cassaforteMealy.png>
File: indifferenza.png Graphic file (type bmp)
<indifferenza.png>
 [42]
File: TDFMealy.png Graphic file (type bmp)
<TDFMealy.png>
File: TDFMoore.png Graphic file (type bmp)
<TDFMoore.png>
 [43]
File: passo3.png Graphic file (type bmp)
<passo3.png>
File: passo4.png Graphic file (type bmp)
<passo4.png>
File: passo5.png Graphic file (type bmp)
<passo5.png>
 [44]
Underfull \hbox (badness 10000) in paragraph at lines 1253--1255

 []

File: esMuxAlea.png Graphic file (type bmp)
<esMuxAlea.png>
[45]
File: esAleeStatic.png Graphic file (type bmp)
<esAleeStatic.png>
File: cassaforteSempl.png Graphic file (type bmp)
<cassaforteSempl.png>

Overfull \hbox (6.79999pt too wide) in paragraph at lines 1278--1286
[] 
 []

[46]
Overfull \hbox (6.79999pt too wide) in paragraph at lines 1287--1297
[]
 []

File: CorseCritiche.png Graphic file (type bmp)
<CorseCritiche.png>

Overfull \hbox (1.10518pt too wide) in paragraph at lines 1311--1314
\TU/lmr/m/n/10 Come si nota nell’esempio precedente, la presenza di corse critiche si ha nei casi in cui $[]$
 []

File: lampadaC1.png Graphic file (type bmp)
<lampadaC1.png>
[47]
File: lampadaC2.png Graphic file (type bmp)
<lampadaC2.png>
File: lampadaC3.png Graphic file (type bmp)
<lampadaC3.png>
 [48]
File: nand2retro.png Graphic file (type bmp)
<nand2retro.png>
File: nand2retroEspr.png Graphic file (type bmp)
<nand2retroEspr.png>
File: sintesiKarnaugh.png Graphic file (type bmp)
<sintesiKarnaugh.png>
File: sintesiTransizioni.png Graphic file (type bmp)
<sintesiTransizioni.png>
 [49

]
File: analisiStabilita.png Graphic file (type bmp)
<analisiStabilita.png>
File: grafoecomportamento.png Graphic file (type bmp)
<grafoecomportamento.png>
 [50]
File: latch SR.png Graphic file (type bmp)
<latch SR.png>
File: SRcomportamento.png Graphic file (type bmp)
<SRcomportamento.png>
File: SRsintesi.png Graphic file (type bmp)
<SRsintesi.png>
 [51]
File: latchSR-schema-logico.png Graphic file (type bmp)
<latchSR-schema-logico.png>
File: latchSR-PS.png Graphic file (type bmp)
<latchSR-PS.png>
File: latchSR-NOR.png Graphic file (type bmp)
<latchSR-NOR.png>
File: latchSR-schema-logico-SP.png Graphic file (type bmp)
<latchSR-schema-logico-SP.png>
File: latchSR-SP.png Graphic file (type bmp)
<latchSR-SP.png>
File: latchSR-NAND.png Graphic file (type bmp)
<latchSR-NAND.png>
 [52]
File: latch cd init.png Graphic file (type bmp)
<latch cd init.png>
File: tempi-ritardi.png Graphic file (type bmp)
<tempi-ritardi.png>
 [53]
File: metastabilita1.png Graphic file (type bmp)
<metastabilita1.png>
File: metastabilita2.png Graphic file (type bmp)
<metastabilita2.png>
 [54]
File: latchCD-tab.png Graphic file (type bmp)
<latchCD-tab.png>
File: latchCD-grafico.png Graphic file (type bmp)
<latchCD-grafico.png>
File: latchCD-sintesi.png Graphic file (type bmp)
<latchCD-sintesi.png>
 [55]
File: latchCD-sintesi-diretta.png Graphic file (type bmp)
<latchCD-sintesi-diretta.png>
File: latchCD-rete.png Graphic file (type bmp)
<latchCD-rete.png>
 [56]
File: uscita trasparente.png Graphic file (type bmp)
<uscita trasparente.png>
File: flip-flop D-grafico.png Graphic file (type bmp)
<flip-flop D-grafico.png>
File: master-slave-schema.png Graphic file (type bmp)
<master-slave-schema.png>
File: master-slave-grafico.png Graphic file (type bmp)
<master-slave-grafico.png>
 [57] [58]
File: campionamento periodico.png Graphic file (type bmp)
<campionamento periodico.png>
File: signale periodico CLK.png Graphic file (type bmp)
<signale periodico CLK.png>
File: RSS.png Graphic file (type bmp)
<RSS.png>
 [59]
File: periodo-t0-RSS.png Graphic file (type bmp)
<periodo-t0-RSS.png>
 [60]
File: frequenza-RSS.png Graphic file (type bmp)
<frequenza-RSS.png>
File: moore-RSS.png Graphic file (type bmp)
<moore-RSS.png>
File: rss-mealy.png Graphic file (type bmp)
<rss-mealy.png>

Underfull \hbox (badness 10000) in paragraph at lines 1674--1677

 []

[61]
File: sincronizzazione.png Graphic file (type bmp)
<sincronizzazione.png>
File: cassaforte-rss.png Graphic file (type bmp)
<cassaforte-rss.png>
 [62]
File: grafo-rss-1.png Graphic file (type bmp)
<grafo-rss-1.png>
File: grafo-cassaforte-moore.png Graphic file (type bmp)
<grafo-cassaforte-moore.png>
File: grafo-cassaforte-mealy.png Graphic file (type bmp)
<grafo-cassaforte-mealy.png>
 [63]
File: TDF-cassaforte-rss-mealy.png Graphic file (type bmp)
<TDF-cassaforte-rss-mealy.png>
File: codifica-cassaforte-rss.png Graphic file (type bmp)
<codifica-cassaforte-rss.png>
 [64]
File: Sintesi-cassaforte-rss.png Graphic file (type bmp)
<Sintesi-cassaforte-rss.png>
File: schema logico cassaforte RSS.png Graphic file (type bmp)
<schema logico cassaforte RSS.png>
File: sintesi formale rss.png Graphic file (type bmp)
<sintesi formale rss.png>
File: sintesi diretta rss.png Graphic file (type bmp)
<sintesi diretta rss.png>
 [65]
File: flip-flop t.png Graphic file (type bmp)
<flip-flop t.png>


Package hyperref Warning: Token not allowed in a PDF string (Unicode):
(hyperref)                removing `math shift' on input line 1765.


Package hyperref Warning: Token not allowed in a PDF string (Unicode):
(hyperref)                removing `math shift' on input line 1765.

File: registro k.png Graphic file (type bmp)
<registro k.png>
File: grafo registro 1 bit.png Graphic file (type bmp)
<grafo registro 1 bit.png>
File: registro 1 bit multi.png Graphic file (type bmp)
<registro 1 bit multi.png>
[66]
File: registro k bit.png Graphic file (type bmp)
<registro k bit.png>
 [67]
File: we prioritario.png Graphic file (type bmp)
<we prioritario.png>
File: reset prioritario.png Graphic file (type bmp)
<reset prioritario.png>
File: shift register.png Graphic file (type bmp)
<shift register.png>
File: shift register 3 bit.png Graphic file (type bmp)
<shift register 3 bit.png>
File: shift register esteso.png Graphic file (type bmp)
<shift register esteso.png>
 [68

]
File: shift register 2 bit.png Graphic file (type bmp)
<shift register 2 bit.png>
File: tabella s1 s0.png Graphic file (type bmp)
<tabella s1 s0.png>
File: uni shift register.png Graphic file (type bmp)
<uni shift register.png>
 [69]
File: sp moore.png Graphic file (type bmp)
<sp moore.png>
File: ps load.png Graphic file (type bmp)
<ps load.png>
 [70]
File: ric. sequenze.png Graphic file (type bmp)
<ric. sequenze.png>
File: monoipulsore grafico.png Graphic file (type bmp)
<monoipulsore grafico.png>
File: monoimpulsore 1.png Graphic file (type bmp)
<monoimpulsore 1.png>
 [71]
File: monoimpulsore 2.png Graphic file (type bmp)
<monoimpulsore 2.png>
 [72]
File: contatore.png Graphic file (type bmp)
<contatore.png>
File: contatore binario.png Graphic file (type bmp)
<contatore binario.png>
File: contatore x4.png Graphic file (type bmp)
<contatore x4.png>
File: enable.png Graphic file (type bmp)
<enable.png>
File: grafico enable.png Graphic file (type bmp)
<grafico enable.png>
File: contatore x4 en.png Graphic file (type bmp)
<contatore x4 en.png>
 [73]
File: ottimizzazioni.png Graphic file (type bmp)
<ottimizzazioni.png>
File: ottimizzazioni2.png Graphic file (type bmp)
<ottimizzazioni2.png>
File: contatore binario x4 en v2.png Graphic file (type bmp)
<contatore binario x4 en v2.png>
 [74]
File: contatore binario x4 res es.png Graphic file (type bmp)
<contatore binario x4 res es.png>
 [75]
File: sol ready data.png Graphic file (type bmp)
<sol ready data.png>
File: load grafico.png Graphic file (type bmp)
<load grafico.png>
File: contatore binario LD EN.png Graphic file (type bmp)
<contatore binario LD EN.png>
 [76]
File: ric. sequenze 3.png Graphic file (type bmp)
<ric. sequenze 3.png>
 [77]
File: sol 3 mod.png Graphic file (type bmp)
<sol 3 mod.png>
File: up down.png Graphic file (type bmp)
<up down.png>
File: contatore binario en ud.png Graphic file (type bmp)
<contatore binario en ud.png>
 [78]
File: contatore x8.png Graphic file (type bmp)
<contatore x8.png>
File: contatore x32.png Graphic file (type bmp)
<contatore x32.png>
File: contatore x32 en.png Graphic file (type bmp)
<contatore x32 en.png>
 [79]
File: decremento.png Graphic file (type bmp)
<decremento.png>
File: decremento 2.png Graphic file (type bmp)
<decremento 2.png>
File: clock gating.png Graphic file (type bmp)
<clock gating.png>
 [80]
File: clock skew.png Graphic file (type bmp)
<clock skew.png>
 [81] (main.aux)

Package rerunfilecheck Warning: File `main.out' has changed.
(rerunfilecheck)                Rerun to get outlines right
(rerunfilecheck)                or use package `bookmark'.

Package rerunfilecheck Info: Checksums for `main.out':
(rerunfilecheck)             Before: <no file>
(rerunfilecheck)             After:  AF57FAB84408BD67E0C51BCE130F8643;37780.
 ) 
Here is how much of TeX's memory you used:
 25369 strings out of 411476
 463457 string characters out of 5822644
 1859001 words of memory out of 5000000
 44807 multiletter control sequences out of 15000+600000
 521844 words of font info for 80 fonts, out of 8000000 for 9000
 1348 hyphenation exceptions out of 8191
 100i,10n,104p,884b,495s stack positions out of 10000i,1000n,20000p,200000b,200000s

Output written on main.xdv (81 pages, 1210688 bytes).
