\BOOKMARK [1][-]{section.1}{\376\377\000I\000n\000t\000r\000o\000d\000u\000c\000t\000i\000o\000n}{}% 1
\BOOKMARK [2][-]{subsection.1.1}{\376\377\000C\000o\000d\000i\000f\000i\000c\000a\000\040\000d\000e\000i\000\040\000s\000e\000g\000n\000a\000l\000i}{section.1}% 2
\BOOKMARK [3][-]{subsubsection.1.1.1}{\376\377\000M\000a\000c\000c\000h\000i\000n\000e\000\040\000d\000i\000g\000i\000t\000a\000l\000i}{subsection.1.1}% 3
\BOOKMARK [3][-]{subsubsection.1.1.2}{\376\377\000S\000e\000g\000n\000a\000l\000i\000\040\000b\000i\000n\000a\000r\000i}{subsection.1.1}% 4
\BOOKMARK [3][-]{subsubsection.1.1.3}{\376\377\000C\000o\000d\000i\000f\000i\000c\000a\000\040\000b\000i\000n\000a\000r\000i\000a\000\040\000d\000e\000l\000l\000'\000i\000n\000f\000o\000r\000m\000a\000z\000i\000o\000n\000e}{subsection.1.1}% 5
\BOOKMARK [2][-]{subsection.1.2}{\376\377\000I\000n\000t\000e\000r\000r\000u\000t\000t\000o\000r\000i}{section.1}% 6
\BOOKMARK [3][-]{subsubsection.1.2.1}{\376\377\000I\000n\000t\000e\000r\000r\000u\000t\000t\000o\000r\000e\000\040\000m\000e\000c\000c\000a\000n\000i\000c\000o}{subsection.1.2}% 7
\BOOKMARK [3][-]{subsubsection.1.2.2}{\376\377\000I\000n\000t\000e\000r\000r\000u\000t\000t\000o\000r\000e\000\040\000e\000l\000e\000t\000t\000r\000o\000n\000i\000c\000o}{subsection.1.2}% 8
\BOOKMARK [2][-]{subsection.1.3}{\376\377\000E\000v\000o\000l\000u\000z\000i\000o\000n\000e\000\040\000d\000e\000l\000l\000a\000\040\000t\000e\000c\000n\000o\000l\000o\000g\000i\000a}{section.1}% 9
\BOOKMARK [2][-]{subsection.1.4}{\376\377\000L\000i\000v\000e\000l\000l\000i\000\040\000d\000i\000\040\000a\000s\000t\000r\000a\000z\000i\000o\000n\000e}{section.1}% 10
\BOOKMARK [1][-]{section.2}{\376\377\000I\000n\000t\000r\000o\000d\000u\000z\000i\000o\000n\000e\000\040\000a\000l\000l\000e\000\040\000R\000e\000t\000i\000\040\000L\000o\000g\000i\000c\000h\000e}{}% 11
\BOOKMARK [2][-]{subsection.2.1}{\376\377\000V\000a\000r\000i\000\040\000t\000i\000p\000i\000\040\000d\000i\000\040\000g\000a\000t\000e}{section.2}% 12
\BOOKMARK [3][-]{subsubsection.2.1.1}{\376\377\000I\000l\000\040\000g\000a\000t\000e\000\040\000N\000O\000T}{subsection.2.1}% 13
\BOOKMARK [3][-]{subsubsection.2.1.2}{\376\377\000I\000l\000\040\000g\000a\000t\000e\000\040\000A\000N\000D}{subsection.2.1}% 14
\BOOKMARK [3][-]{subsubsection.2.1.3}{\376\377\000I\000l\000\040\000g\000a\000t\000e\000\040\000O\000R}{subsection.2.1}% 15
\BOOKMARK [3][-]{subsubsection.2.1.4}{\376\377\000A\000N\000D\000\040\000e\000\040\000O\000R\000\040\000a\000\040\000p\000i\000\371\000\040\000i\000n\000g\000r\000e\000s\000s\000i}{subsection.2.1}% 16
\BOOKMARK [3][-]{subsubsection.2.1.5}{\376\377\000I\000l\000\040\000g\000a\000t\000e\000\040\000E\000X\000O\000R}{subsection.2.1}% 17
\BOOKMARK [3][-]{subsubsection.2.1.6}{\376\377\000C\000o\000m\000p\000o\000r\000t\000a\000m\000e\000n\000t\000o\000\040\000d\000e\000l\000\040\000g\000a\000t\000e\000\040\000E\000X\000O\000R\000/\000X\000O\000R}{subsection.2.1}% 18
\BOOKMARK [3][-]{subsubsection.2.1.7}{\376\377\000I\000\040\000g\000a\000t\000e\000\040\000N\000A\000N\000D\000,\000\040\000N\000O\000R\000\040\000e\000\040\000E\000X\000N\000O\000R}{subsection.2.1}% 19
\BOOKMARK [2][-]{subsection.2.2}{\376\377\000D\000i\000a\000g\000r\000a\000m\000m\000i\000\040\000a\000d\000\040\000o\000c\000c\000h\000i\000o}{section.2}% 20
\BOOKMARK [3][-]{subsubsection.2.2.1}{\376\377\000B\000u\000s\000\040\000d\000i\000\040\000s\000e\000g\000n\000a\000l\000i}{subsection.2.2}% 21
\BOOKMARK [3][-]{subsubsection.2.2.2}{\376\377\000R\000i\000t\000a\000r\000d\000i\000\040\000d\000i\000\040\000p\000r\000o\000p\000a\000g\000a\000z\000i\000o\000n\000e}{subsection.2.2}% 22
\BOOKMARK [2][-]{subsection.2.3}{\376\377\000M\000o\000n\000t\000a\000g\000g\000i\000o\000\040\000t\000r\000a\000\040\000g\000a\000t\000e}{section.2}% 23
\BOOKMARK [2][-]{subsection.2.4}{\376\377\000C\000o\000n\000v\000e\000r\000s\000i\000o\000n\000e\000\040\000A\000/\000D\000\040\000e\000\040\000D\000/\000A}{section.2}% 24
\BOOKMARK [1][-]{section.3}{\376\377\000R\000a\000p\000p\000r\000e\000s\000e\000n\000t\000a\000z\000i\000o\000n\000e\000\040\000d\000e\000l\000l\000'\000i\000n\000f\000o\000r\000m\000a\000z\000i\000o\000n\000e}{}% 25
\BOOKMARK [2][-]{subsection.3.1}{\376\377\000C\000o\000d\000i\000f\000i\000c\000a\000\040\000b\000i\000n\000a\000r\000i\000a\000\040\000d\000e\000l\000l\000'\000i\000n\000f\000o\000r\000m\000a\000z\000i\000o\000n\000e}{section.3}% 26
\BOOKMARK [3][-]{subsubsection.3.1.1}{\376\377\000C\000o\000d\000i\000c\000e\000\040\000b\000i\000n\000a\000r\000i\000o}{subsection.3.1}% 27
\BOOKMARK [3][-]{subsubsection.3.1.2}{\376\377\000C\000o\000d\000i\000c\000i\000\040\000r\000i\000d\000o\000n\000d\000a\000n\000t\000i}{subsection.3.1}% 28
\BOOKMARK [2][-]{subsection.3.2}{\376\377\000R\000a\000p\000p\000r\000e\000s\000e\000n\000t\000a\000z\000i\000o\000n\000e\000\040\000p\000o\000s\000i\000z\000i\000o\000n\000a\000l\000e}{section.3}% 29
\BOOKMARK [3][-]{subsubsection.3.2.1}{\376\377\000C\000a\000m\000b\000i\000o\000\040\000d\000i\000\040\000b\000a\000s\000e\000\040\000d\000a\000\040\0002\000\040\000a\000\040\0001\0006}{subsection.3.2}% 30
\BOOKMARK [3][-]{subsubsection.3.2.2}{\376\377\000E\000s\000e\000m\000p\000i\000o\000\040\000d\000i\000\040\000c\000o\000n\000v\000e\000r\000s\000i\000o\000n\000e\000\040\000i\000t\000e\000r\000a\000t\000i\000v\000a}{subsection.3.2}% 31
\BOOKMARK [3][-]{subsubsection.3.2.3}{\376\377\000N\000u\000m\000e\000r\000i\000\040\000b\000i\000n\000a\000r\000i\000\040\000s\000e\000n\000z\000a\000\040\000s\000e\000g\000n\000o}{subsection.3.2}% 32
\BOOKMARK [2][-]{subsection.3.3}{\376\377\000C\000o\000n\000v\000e\000r\000s\000i\000o\000n\000e\000\040\000d\000i\000\040\000c\000o\000d\000i\000c\000e\000\040\000\050\000t\000r\000a\000s\000c\000o\000d\000i\000f\000i\000c\000a\000\051}{section.3}% 33
\BOOKMARK [3][-]{subsubsection.3.3.1}{\376\377\000C\000o\000d\000i\000c\000i\000\040\000p\000r\000o\000p\000r\000i\000e\000t\000a\000r\000i\000\040\000e\000\040\000c\000o\000d\000i\000c\000i\000\040\000s\000t\000a\000n\000d\000a\000r\000d}{subsection.3.3}% 34
\BOOKMARK [3][-]{subsubsection.3.3.2}{\376\377\000E\000s\000e\000m\000p\000i\000o\000\040\000d\000e\000l\000l\000'\000a\000s\000c\000e\000n\000s\000o\000r\000e}{subsection.3.3}% 35
\BOOKMARK [2][-]{subsection.3.4}{\376\377\000C\000o\000d\000i\000c\000i\000\040\000s\000t\000a\000n\000d\000a\000r\000d}{section.3}% 36
\BOOKMARK [3][-]{subsubsection.3.4.1}{\376\377\000C\000o\000d\000i\000c\000e\000\040\000A\000S\000C\000I\000I\000\040\000e\000s\000t\000e\000s\000o\000\040\000\050\0008\000\040\000e\000\040\0001\0006\000\040\000b\000i\000t\000\051}{subsection.3.4}% 37
\BOOKMARK [3][-]{subsubsection.3.4.2}{\376\377\000U\000T\000F}{subsection.3.4}% 38
\BOOKMARK [1][-]{section.4}{\376\377\000R\000e\000t\000i\000\040\000c\000o\000m\000b\000i\000n\000a\000t\000o\000r\000i\000e}{}% 39
\BOOKMARK [2][-]{subsection.4.1}{\376\377\000R\000e\000t\000i\000\040\000l\000o\000g\000i\000c\000h\000e}{section.4}% 40
\BOOKMARK [2][-]{subsection.4.2}{\376\377\000M\000a\000c\000c\000h\000i\000n\000a\000\040\000c\000o\000m\000b\000i\000n\000a\000t\000o\000r\000i\000a\000\040\000e\000\040\000m\000a\000c\000c\000h\000i\000n\000a\000\040\000s\000e\000q\000u\000e\000n\000z\000i\000a\000l\000e}{section.4}% 41
\BOOKMARK [2][-]{subsection.4.3}{\376\377\000R\000e\000t\000e\000\040\000l\000o\000g\000i\000c\000a\000\040\000c\000o\000m\000b\000i\000n\000a\000t\000o\000r\000i\000a}{section.4}% 42
\BOOKMARK [3][-]{subsubsection.4.3.1}{\376\377\000F\000u\000n\000z\000i\000o\000n\000i\000\040\000c\000o\000m\000p\000l\000e\000t\000e\000\040\000e\000\040\000i\000n\000c\000o\000m\000p\000l\000e\000t\000e}{subsection.4.3}% 43
\BOOKMARK [3][-]{subsubsection.4.3.2}{\376\377\000T\000a\000b\000e\000l\000l\000a\000\040\000d\000e\000l\000l\000a\000\040\000v\000e\000r\000i\000t\000\340}{subsection.4.3}% 44
\BOOKMARK [3][-]{subsubsection.4.3.3}{\376\377\000F\000u\000n\000z\000i\000o\000n\000i\000\040\000c\000o\000m\000p\000l\000e\000t\000e\000\040\000d\000i\000\040\000n\000\040\000v\000a\000r\000i\000a\000b\000i\000l\000i}{subsection.4.3}% 45
\BOOKMARK [2][-]{subsection.4.4}{\376\377\000A\000l\000g\000e\000b\000r\000e\000\040\000b\000i\000n\000a\000r\000i\000e}{section.4}% 46
\BOOKMARK [3][-]{subsubsection.4.4.1}{\376\377\000A\000l\000g\000e\000b\000r\000a\000\040\000d\000i\000\040\000c\000o\000m\000m\000u\000t\000a\000z\000i\000o\000n\000e}{subsection.4.4}% 47
\BOOKMARK [3][-]{subsubsection.4.4.2}{\376\377\000D\000e\000f\000i\000n\000i\000z\000i\000o\000n\000e\000\040\000d\000i\000\040\000e\000s\000p\000r\000e\000s\000s\000i\000o\000n\000e}{subsection.4.4}% 48
\BOOKMARK [2][-]{subsection.4.5}{\376\377\000E\000s\000p\000r\000e\000s\000s\000i\000o\000n\000i\000\040\000e\000\040\000s\000c\000h\000e\000m\000i\000\040\000l\000o\000g\000i\000c\000i}{section.4}% 49
\BOOKMARK [3][-]{subsubsection.4.5.1}{\376\377\000V\000a\000l\000u\000t\000a\000z\000i\000o\000n\000e\000\040\000d\000i\000\040\000u\000n\000'\000e\000s\000p\000r\000e\000s\000s\000i\000o\000n\000e}{subsection.4.5}% 50
\BOOKMARK [3][-]{subsubsection.4.5.2}{\376\377\000D\000a\000\040\000e\000s\000p\000r\000e\000s\000s\000i\000o\000n\000i\000\040\000a\000\040\000T\000a\000b\000e\000l\000l\000a\000\040\000d\000e\000l\000l\000a\000\040\000v\000e\000r\000i\000t\000\340}{subsection.4.5}% 51
\BOOKMARK [2][-]{subsection.4.6}{\376\377\000D\000a\000\040\000T\000a\000b\000e\000l\000l\000a\000\040\000d\000e\000l\000l\000a\000\040\000v\000e\000r\000i\000t\000\340\000\040\000a\000\040\000e\000s\000p\000r\000e\000s\000s\000i\000o\000n\000i}{section.4}% 52
\BOOKMARK [3][-]{subsubsection.4.6.1}{\376\377\000N\000o\000t\000a\000z\000i\000o\000n\000e\000\040\000s\000i\000m\000b\000o\000l\000i\000c\000a}{subsection.4.6}% 53
\BOOKMARK [3][-]{subsubsection.4.6.2}{\376\377\000E\000q\000u\000i\000v\000a\000l\000e\000n\000z\000a\000\040\000t\000r\000a\000\040\000e\000s\000p\000r\000e\000s\000s\000i\000o\000n\000i}{subsection.4.6}% 54
\BOOKMARK [3][-]{subsubsection.4.6.3}{\376\377\000E\000s\000p\000r\000e\000s\000s\000i\000o\000n\000i\000\040\000d\000i\000\040\000f\000u\000n\000z\000i\000o\000n\000i\000\040\000i\000n\000c\000o\000m\000p\000l\000e\000t\000e}{subsection.4.6}% 55
\BOOKMARK [2][-]{subsection.4.7}{\376\377\000S\000i\000n\000t\000e\000s\000i\000\040\000d\000i\000\040\000r\000e\000t\000i\000\040\000c\000o\000m\000b\000i\000n\000a\000t\000o\000r\000i\000e}{section.4}% 56
\BOOKMARK [3][-]{subsubsection.4.7.1}{\376\377\000E\000q\000u\000i\000v\000a\000l\000e\000n\000z\000e\000\040\000n\000o\000t\000e\000v\000o\000l\000i}{subsection.4.7}% 57
\BOOKMARK [3][-]{subsubsection.4.7.2}{\376\377\000M\000a\000n\000i\000p\000o\000l\000a\000z\000i\000o\000n\000e\000\040\000a\000l\000g\000e\000b\000r\000i\000c\000a\000\040\000d\000i\000\040\000e\000s\000p\000r\000e\000s\000s\000i\000o\000n\000i}{subsection.4.7}% 58
\BOOKMARK [3][-]{subsubsection.4.7.3}{\376\377\000I\000l\000\040\000p\000r\000o\000b\000l\000e\000m\000a\000\040\000d\000e\000l\000l\000a\000\040\000s\000i\000n\000t\000e\000s\000i}{subsection.4.7}% 59
\BOOKMARK [1][-]{section.5}{\376\377\000R\000e\000t\000i\000\040\000d\000i\000\040\000c\000o\000s\000t\000o\000\040\000m\000i\000n\000i\000m\000o}{}% 60
\BOOKMARK [2][-]{subsection.5.1}{\376\377\000I\000n\000t\000r\000o\000d\000u\000z\000i\000o\000n\000e}{section.5}% 61
\BOOKMARK [3][-]{subsubsection.5.1.1}{\376\377\000R\000i\000t\000a\000r\000d\000i\000\040\000e\000\040\000v\000e\000l\000o\000c\000i\000t\000\340}{subsection.5.1}% 62
\BOOKMARK [3][-]{subsubsection.5.1.2}{\376\377\000C\000o\000m\000p\000l\000e\000s\000s\000i\000t\000\340\000\040\000e\000\040\000v\000e\000l\000o\000c\000i\000t\000\340}{subsection.5.1}% 63
\BOOKMARK [2][-]{subsection.5.2}{\376\377\000C\000o\000m\000e\000\040\000s\000i\000\040\000d\000e\000f\000i\000n\000i\000s\000c\000e\000\040\000u\000n\000a\000\040\000r\000e\000t\000e\000\040\000d\000i\000\040\000c\000o\000s\000t\000o\000\040\000m\000i\000n\000i\000m\000o}{section.5}% 64
\BOOKMARK [3][-]{subsubsection.5.2.1}{\376\377\000I\000m\000p\000l\000i\000c\000a\000n\000t\000i\000\040\000e\000\040\000i\000m\000p\000l\000i\000c\000a\000n\000t\000i\000\040\000p\000r\000i\000m\000i}{subsection.5.2}% 65
\BOOKMARK [3][-]{subsubsection.5.2.2}{\376\377\000I\000m\000p\000l\000i\000c\000a\000t\000i\000\040\000e\000\040\000i\000m\000p\000l\000i\000c\000a\000t\000i\000\040\000p\000r\000i\000m\000i}{subsection.5.2}% 66
\BOOKMARK [2][-]{subsection.5.3}{\376\377\000M\000a\000p\000p\000e\000\040\000d\000i\000\040\000K\000a\000r\000n\000a\000u\000g\000h}{section.5}% 67
\BOOKMARK [3][-]{subsubsection.5.3.1}{\376\377\000C\000e\000l\000l\000e\000\040\000a\000d\000i\000a\000c\000e\000n\000t\000i}{subsection.5.3}% 68
\BOOKMARK [3][-]{subsubsection.5.3.2}{\376\377\000M\000a\000n\000i\000p\000o\000l\000a\000z\000i\000o\000n\000e\000\040\000a\000l\000g\000e\000b\000r\000i\000c\000a\000\040\000p\000e\000r\000\040\000v\000i\000a\000\040\000g\000r\000a\000f\000i\000c\000a}{subsection.5.3}% 69
\BOOKMARK [2][-]{subsection.5.4}{\376\377\000R\000a\000g\000g\000r\000u\000p\000p\000a\000m\000e\000n\000t\000i\000\040\000r\000e\000t\000t\000a\000n\000g\000o\000l\000a\000r\000i\000\040\000\050\000R\000R\000\051}{section.5}% 70
\BOOKMARK [3][-]{subsubsection.5.4.1}{\376\377\000I\000n\000d\000i\000v\000i\000d\000u\000a\000z\000i\000o\000n\000e\000\040\000g\000r\000a\000f\000i\000c\000a\000\040\000d\000e\000i\000\040\000t\000e\000r\000m\000i\000n\000i\000\040\000r\000i\000d\000o\000n\000d\000a\000n\000t\000i}{subsection.5.4}% 71
\BOOKMARK [2][-]{subsection.5.5}{\376\377\000C\000o\000p\000e\000r\000t\000u\000r\000a\000\040\000m\000i\000n\000i\000m\000a}{section.5}% 72
\BOOKMARK [2][-]{subsection.5.6}{\376\377\000I\000n\000d\000i\000v\000i\000d\000u\000a\000z\000i\000o\000n\000e\000\040\000g\000r\000a\000f\000i\000c\000a\000\040\000d\000e\000l\000l\000'\000e\000s\000p\000r\000e\000s\000s\000i\000o\000n\000e\000\040\000m\000i\000n\000i\000m\000a}{section.5}% 73
\BOOKMARK [3][-]{subsubsection.5.6.1}{\376\377\000S\000i\000n\000t\000e\000s\000i\000\040\000m\000i\000n\000i\000m\000a\000\040\000d\000i\000\040\000u\000n\000\040\000e\000n\000c\000o\000d\000e\000r}{subsection.5.6}% 74
\BOOKMARK [2][-]{subsection.5.7}{\376\377\000A\000n\000a\000l\000i\000s\000i\000\040\000c\000o\000n\000\040\000m\000a\000p\000p\000e}{section.5}% 75
\BOOKMARK [3][-]{subsubsection.5.7.1}{\376\377\000U\000s\000o\000\040\000d\000e\000l\000l\000e\000\040\000m\000a\000p\000p\000e\000\040\000i\000n\000\040\000f\000a\000s\000e\000\040\000d\000i\000\040\000a\000n\000a\000l\000i\000s\000i}{subsection.5.7}% 76
\BOOKMARK [2][-]{subsection.5.8}{\376\377\000S\000i\000n\000t\000e\000s\000i\000\040\000a\000\040\000N\000A\000N\000D}{section.5}% 77
\BOOKMARK [3][-]{subsubsection.5.8.1}{\376\377\000S\000c\000r\000i\000v\000e\000r\000e\000\040\000N\000O\000T\000\040\000A\000N\000D\000\040\000e\000\040\000O\000R\000\040\000d\000a\000\040\000N\000A\000N\000D}{subsection.5.8}% 78
\BOOKMARK [3][-]{subsubsection.5.8.2}{\376\377\000S\000i\000n\000t\000e\000s\000i\000\040\000c\000o\000n\000\040\000N\000A\000N\000D}{subsection.5.8}% 79
\BOOKMARK [3][-]{subsubsection.5.8.3}{\376\377\000A\000l\000g\000o\000r\000i\000t\000m\000o\000\040\000p\000e\000r\000\040\000l\000a\000\040\000s\000i\000n\000t\000e\000s\000i\000\040\000a\000\040\000N\000A\000N\000D}{subsection.5.8}% 80
\BOOKMARK [2][-]{subsection.5.9}{\376\377\000S\000i\000n\000t\000e\000s\000i\000\040\000c\000o\000n\000\040\000N\000O\000R}{section.5}% 81
\BOOKMARK [3][-]{subsubsection.5.9.1}{\376\377\000A\000l\000g\000o\000r\000i\000t\000m\000o\000\040\000p\000e\000r\000\040\000l\000a\000\040\000s\000i\000n\000t\000e\000s\000i\000\040\000a\000\040\000N\000O\000R}{subsection.5.9}% 82
\BOOKMARK [1][-]{section.6}{\376\377\000S\000i\000n\000t\000e\000s\000i\000\040\000t\000r\000a\000m\000i\000t\000e\000\040\000d\000e\000c\000o\000d\000e\000r\000,\000\040\000M\000u\000l\000t\000i\000p\000l\000e\000x\000e\000r\000\040\000e\000\040\000R\000O\000M}{}% 83
\BOOKMARK [2][-]{subsection.6.1}{\376\377\000I\000n\000t\000r\000o\000d\000u\000z\000i\000o\000n\000e}{section.6}% 84
\BOOKMARK [2][-]{subsection.6.2}{\376\377\000D\000e\000c\000o\000d\000e\000r\000\040\000e\000\040\000s\000i\000n\000t\000e\000s\000i\000\040\000c\000o\000n\000\040\000d\000e\000c\000o\000d\000e\000r\000\040\000e\000\040\000O\000R}{section.6}% 85
\BOOKMARK [3][-]{subsubsection.6.2.1}{\376\377\000E\000s\000e\000m\000p\000i\000o\000\040\000D\000e\000o\000c\000d\000e\000r\000\040\0003\000:\0008}{subsection.6.2}% 86
\BOOKMARK [3][-]{subsubsection.6.2.2}{\376\377\000I\000l\000\040\000d\000e\000c\000o\000d\000e\000r\000\040\000g\000e\000n\000e\000r\000i\000c\000o\000\040\000D\000E\000C}{subsection.6.2}% 87
\BOOKMARK [3][-]{subsubsection.6.2.3}{\376\377\000D\000e\000c\000o\000d\000e\000r\000\040\0002\000:\0004\000\040\000e\000\040\0003\000:\0008}{subsection.6.2}% 88
\BOOKMARK [3][-]{subsubsection.6.2.4}{\376\377\000E\000f\000f\000e\000t\000t\000o\000\040\000d\000i\000\040\000c\000a\000r\000i\000c\000o\000:\000\040\000F\000a\000n\000-\000o\000u\000t}{subsection.6.2}% 89
\BOOKMARK [3][-]{subsubsection.6.2.5}{\376\377\000F\000a\000n\000-\000i\000n}{subsection.6.2}% 90
\BOOKMARK [3][-]{subsubsection.6.2.6}{\376\377\000S\000i\000n\000t\000e\000s\000i\000\040\000d\000e\000l\000\040\000F\000u\000l\000l\000\040\000A\000d\000d\000e\000r\000\040\000c\000o\000n\000\040\000D\000e\000c\000o\000d\000e\000r\000\040\000e\000\040\000O\000r}{subsection.6.2}% 91
\BOOKMARK [2][-]{subsection.6.3}{\376\377\000I\000l\000\040\000c\000i\000r\000c\000u\000i\000t\000o\000\040\000i\000n\000t\000e\000g\000r\000a\000t\000o\000\040\000D\000E\000C\000O\000D\000E\000R}{section.6}% 92
\BOOKMARK [3][-]{subsubsection.6.3.1}{\376\377\000R\000e\000a\000l\000i\000z\000z\000a\000z\000i\000o\000n\000e\000\040\000m\000o\000d\000u\000l\000a\000r\000e\000\040\000d\000i\000\040\000u\000n\000\040\000D\000e\000c\000o\000d\000e\000r\000\040\0004\000:\0001\0006}{subsection.6.3}% 93
\BOOKMARK [2][-]{subsection.6.4}{\376\377\000M\000u\000l\000t\000i\000p\000l\000e\000x\000e\000r}{section.6}% 94
\BOOKMARK [3][-]{subsubsection.6.4.1}{\376\377\000S\000e\000l\000e\000t\000t\000o\000r\000e\000\040\000a\000\040\0002\000\040\000v\000i\000e}{subsection.6.4}% 95
\BOOKMARK [3][-]{subsubsection.6.4.2}{\376\377\000M\000u\000l\000t\000i\000p\000l\000e\000x\000e\000r\000\040\000\050\000M\000U\000X\000\051\000\040\000g\000e\000n\000e\000r\000i\000c\000o}{subsection.6.4}% 96
\BOOKMARK [3][-]{subsubsection.6.4.3}{\376\377\000M\000u\000l\000t\000i\000p\000l\000e\000x\000e\000r\000\040\000a\000\040\0002\000n\000\040\000v\000i\000e}{subsection.6.4}% 97
\BOOKMARK [3][-]{subsubsection.6.4.4}{\376\377\000T\000e\000o\000r\000e\000m\000a\000\040\000d\000i\000\040\000e\000s\000p\000a\000n\000s\000i\000o\000n\000e\000\040\000d\000i\000\040\000S\000h\000a\000n\000n\000o\000n}{subsection.6.4}% 98
\BOOKMARK [3][-]{subsubsection.6.4.5}{\376\377\000E\000s\000p\000r\000e\000s\000s\000i\000o\000n\000i\000\040\000g\000e\000n\000e\000r\000a\000l\000i}{subsection.6.4}% 99
\BOOKMARK [3][-]{subsubsection.6.4.6}{\376\377\000I\000l\000\040\000M\000U\000X\000\040\000c\000o\000m\000e\000\040\000r\000e\000t\000e\000\040\000p\000r\000o\000g\000r\000a\000m\000m\000a\000b\000i\000l\000e}{subsection.6.4}% 100
\BOOKMARK [3][-]{subsubsection.6.4.7}{\376\377\000S\000i\000n\000t\000e\000s\000i\000\040\000a\000\040\000M\000U\000X\000\040\000d\000i\000\040\000f\000u\000n\000z\000i\000o\000n\000i\000\040\000d\000i\000\040\0004\000\040\000v\000a\000r\000i\000a\000b\000i\000l\000i}{subsection.6.4}% 101
\BOOKMARK [2][-]{subsection.6.5}{\376\377\000R\000e\000t\000i\000\040\000P\000r\000o\000g\000r\000a\000m\000m\000a\000b\000i\000l\000i}{section.6}% 102
\BOOKMARK [3][-]{subsubsection.6.5.1}{\376\377\000V\000L\000S\000I}{subsection.6.5}% 103
\BOOKMARK [3][-]{subsubsection.6.5.2}{\376\377\000R\000e\000t\000i\000\040\000c\000o\000m\000b\000i\000n\000a\000t\000o\000r\000i\000e\000\040\000p\000r\000o\000g\000r\000a\000m\000m\000a\000b\000i\000l\000i}{subsection.6.5}% 104
\BOOKMARK [2][-]{subsection.6.6}{\376\377\000M\000e\000m\000o\000r\000i\000e\000\040\000a\000\040\000s\000o\000l\000a\000\040\000l\000e\000t\000t\000u\000r\000a\000\040\000\050\000R\000O\000M\000\051}{section.6}% 105
\BOOKMARK [1][-]{section.7}{\376\377\000A\000r\000i\000t\000m\000e\000t\000i\000c\000a\000\040\000b\000i\000n\000a\000r\000i\000a}{}% 106
\BOOKMARK [2][-]{subsection.7.1}{\376\377\000A\000r\000i\000t\000m\000e\000t\000i\000c\000a\000\040\000b\000i\000n\000a\000r\000i\000a\000\040\000s\000e\000n\000z\000a\000\040\000s\000e\000g\000n\000o}{section.7}% 107
\BOOKMARK [2][-]{subsection.7.2}{\376\377\000F\000u\000l\000l\000\040\000A\000d\000d\000e\000r\000\040\000e\000\040\000H\000a\000l\000f\000\040\000A\000d\000d\000e\000r}{section.7}% 108
\BOOKMARK [3][-]{subsubsection.7.2.1}{\376\377\000A\000d\000d\000e\000r\000\040\000a\000\040\000n\000\040\000b\000i\000t}{subsection.7.2}% 109
\BOOKMARK [2][-]{subsection.7.3}{\376\377\000C\000o\000m\000p\000l\000e\000m\000e\000n\000t\000o\000\040\000a\000\040\0001\000\040\000e\000\040\000c\000o\000m\000p\000l\000e\000m\000e\000n\000t\000o\000\040\000a\000\040\0002}{section.7}% 110
\BOOKMARK [3][-]{subsubsection.7.3.1}{\376\377\000S\000o\000t\000t\000r\000a\000z\000i\000o\000n\000e\000\040\000t\000r\000a\000\040\000n\000u\000m\000e\000r\000i\000\040\000s\000e\000n\000z\000a\000\040\000s\000e\000g\000n\000o}{subsection.7.3}% 111
\BOOKMARK [2][-]{subsection.7.4}{\376\377\000A\000d\000d\000e\000r\000\040\000e\000\040\000S\000u\000b\000t\000r\000a\000c\000t\000e\000r}{section.7}% 112
\BOOKMARK [2][-]{subsection.7.5}{\376\377\000N\000u\000m\000e\000r\000i\000\040\000c\000o\000n\000\040\000s\000e\000g\000n\000o}{section.7}% 113
\BOOKMARK [3][-]{subsubsection.7.5.1}{\376\377\000A\000r\000i\000t\000m\000e\000t\000i\000c\000a\000\040\000b\000i\000n\000a\000r\000i\000a\000\040\000c\000o\000n\000\040\000s\000e\000g\000n\000o}{subsection.7.5}% 114
\BOOKMARK [3][-]{subsubsection.7.5.2}{\376\377\000A\000d\000d\000e\000r\000\040\000m\000o\000d\000i\000f\000i\000c\000a\000t\000o\000\040\000p\000e\000r\000\040\000s\000o\000t\000t\000r\000a\000z\000i\000o\000n\000e\000\040\000d\000i\000\040\000n\000u\000m\000e\000r\000i\000\040\000c\000o\000n\000\040\000s\000e\000g\000n\000o}{subsection.7.5}% 115
\BOOKMARK [2][-]{subsection.7.6}{\376\377\000A\000r\000i\000t\000h\000m\000e\000t\000i\000c\000\040\000L\000o\000g\000i\000c\000\040\000U\000n\000i\000t\000\040\000\050\000A\000L\000U\000\051}{section.7}% 116
\BOOKMARK [2][-]{subsection.7.7}{\376\377\000A\000d\000d\000e\000r\000\040\000e\000\040\000C\000a\000r\000r\000y\000\040\000L\000o\000o\000k\000a\000h\000e\000a\000d}{section.7}% 117
\BOOKMARK [1][-]{section.8}{\376\377\000R\000e\000t\000i\000\040\000s\000e\000q\000u\000e\000n\000z\000i\000a\000l\000i\000\040\000a\000s\000i\000n\000c\000r\000o\000n\000e}{}% 118
\BOOKMARK [2][-]{subsection.8.1}{\376\377\000F\000i\000n\000i\000t\000e\000\040\000S\000t\000a\000t\000e\000\040\000M\000a\000c\000h\000i\000n\000e}{section.8}% 119
\BOOKMARK [3][-]{subsubsection.8.1.1}{\376\377\000A\000u\000t\000o\000m\000a\000\040\000d\000i\000\040\000M\000e\000a\000l\000y\000\040\000e\000\040\000A\000u\000t\000o\000m\000a\000\040\000d\000i\000\040\000M\000o\000o\000r\000e}{subsection.8.1}% 120
\BOOKMARK [2][-]{subsection.8.2}{\376\377\000G\000r\000a\000f\000o\000\040\000d\000e\000g\000l\000i\000\040\000s\000t\000a\000t\000i}{section.8}% 121
\BOOKMARK [3][-]{subsubsection.8.2.1}{\376\377\000G\000r\000a\000f\000o\000\040\000d\000e\000l\000l\000a\000\040\000c\000a\000s\000s\000a\000f\000o\000r\000t\000e\000\040\000\050\000M\000e\000a\000l\000y\000\051}{subsection.8.2}% 122
\BOOKMARK [3][-]{subsubsection.8.2.2}{\376\377\000I\000n\000d\000i\000f\000f\000e\000r\000e\000n\000z\000a\000\040\000s\000u\000l\000l\040\031\000u\000s\000c\000i\000t\000a}{subsection.8.2}% 123
\BOOKMARK [3][-]{subsubsection.8.2.3}{\376\377\000T\000a\000b\000e\000l\000l\000a\000\040\000d\000i\000\040\000f\000l\000u\000s\000s\000o\000\040\000\050\000M\000e\000a\000l\000y\000\051}{subsection.8.2}% 124
\BOOKMARK [3][-]{subsubsection.8.2.4}{\376\377\000T\000a\000b\000e\000l\000l\000a\000\040\000d\000i\000\040\000f\000l\000u\000s\000s\000o\000\040\000\050\000M\000o\000o\000r\000e\000\051}{subsection.8.2}% 125
\BOOKMARK [2][-]{subsection.8.3}{\376\377\000S\000i\000n\000t\000e\000s\000i}{section.8}% 126
\BOOKMARK [2][-]{subsection.8.4}{\376\377\000A\000l\000e\000e\000\040\000d\000i\000\040\000r\000e\000t\000i\000\040\000c\000o\000m\000b\000i\000n\000a\000t\000o\000r\000i\000e}{section.8}% 127
\BOOKMARK [3][-]{subsubsection.8.4.1}{\376\377\000A\000l\000e\000a\000\040\000d\000i\000n\000a\000m\000i\000c\000a}{subsection.8.4}% 128
\BOOKMARK [3][-]{subsubsection.8.4.2}{\376\377\000A\000l\000e\000a\000\040\000s\000t\000a\000t\000i\000c\000a}{subsection.8.4}% 129
\BOOKMARK [3][-]{subsubsection.8.4.3}{\376\377\000E\000l\000i\000m\000i\000n\000a\000z\000i\000o\000n\000e\000\040\000a\000\040\000p\000r\000i\000o\000r\000i\000\040\000d\000e\000l\000l\000e\000\040\000a\000l\000e\000e\000\040\000s\000t\000a\000t\000i\000c\000h\000e}{subsection.8.4}% 130
\BOOKMARK [2][-]{subsection.8.5}{\376\377\000V\000i\000n\000c\000o\000l\000i\000\040\000p\000e\000r\000\040\000i\000l\000\040\000c\000o\000r\000r\000e\000t\000t\000o\000\040\000f\000u\000n\000z\000i\000o\000n\000a\000m\000e\000n\000t\000o\000\040\000d\000i\000\040\000u\000n\000a\000\040\000R\000S\000A}{section.8}% 131
\BOOKMARK [3][-]{subsubsection.8.5.1}{\376\377\000D\000u\000r\000a\000t\000a\000\040\000d\000e\000g\000l\000i\000\040\000i\000n\000g\000r\000e\000s\000s\000i}{subsection.8.5}% 132
\BOOKMARK [3][-]{subsubsection.8.5.2}{\376\377\000C\000o\000d\000i\000f\000i\000c\000a\000\040\000d\000e\000g\000l\000i\000\040\000i\000n\000g\000r\000e\000s\000s\000i}{subsection.8.5}% 133
\BOOKMARK [3][-]{subsubsection.8.5.3}{\376\377\000A\000l\000e\000e\000\040\000s\000t\000a\000t\000i\000c\000h\000e}{subsection.8.5}% 134
\BOOKMARK [3][-]{subsubsection.8.5.4}{\376\377\000C\000o\000d\000i\000f\000i\000c\000a\000\040\000d\000e\000g\000l\000i\000\040\000s\000t\000a\000t\000i}{subsection.8.5}% 135
\BOOKMARK [3][-]{subsubsection.8.5.5}{\376\377\000P\000r\000e\000v\000e\000n\000z\000i\000o\000n\000e\000\040\000a\000\040\000p\000r\000i\000o\000r\000i\000\040\000d\000e\000l\000l\000e\000\040\000c\000o\000r\000s\000e\000\040\000c\000r\000i\000t\000i\000c\000h\000e}{subsection.8.5}% 136
\BOOKMARK [2][-]{subsection.8.6}{\376\377\000A\000n\000a\000l\000i\000s\000i}{section.8}% 137
\BOOKMARK [3][-]{subsubsection.8.6.1}{\376\377\000E\000s\000e\000m\000p\000i\000o\000\040\000d\000i\000\040\000u\000n\000a\000\040\000r\000e\000t\000e\000\040\000a\000\040\000N\000A\000N\000D\000\040\000c\000o\000n\000\040\000d\000u\000e\000\040\000r\000e\000t\000r\000o\000a\000z\000i\000o\000n\000i}{subsection.8.6}% 138
\BOOKMARK [1][-]{section.9}{\376\377\000R\000S\000A\000\040\000e\000\040\000m\000e\000m\000o\000r\000i\000e\000\040\000b\000i\000n\000a\000r\000i\000e}{}% 139
\BOOKMARK [2][-]{subsection.9.1}{\376\377\000L\000a\000t\000c\000h\000\040\000S\000R}{section.9}% 140
\BOOKMARK [3][-]{subsubsection.9.1.1}{\376\377\000S\000i\000n\000t\000e\000s\000i\000\040\000d\000e\000l\000\040\000L\000a\000t\000c\000h\000\040\000S\000R}{subsection.9.1}% 141
\BOOKMARK [2][-]{subsection.9.2}{\376\377\000S\000t\000a\000t\000o\000\040\000i\000n\000i\000z\000i\000a\000l\000e}{section.9}% 142
\BOOKMARK [3][-]{subsubsection.9.2.1}{\376\377\000L\000a\000t\000c\000h\000\040\000S\000R\000\040\000c\000o\000n\000\040\000r\000e\000t\000e\000\040\000d\000i\000\040\000i\000n\000i\000z\000i\000a\000l\000i\000z\000z\000a\000z\000i\000o\000n\000e}{subsection.9.2}% 143
\BOOKMARK [3][-]{subsubsection.9.2.2}{\376\377\000M\000e\000t\000a\000s\000t\000a\000b\000i\000l\000i\000t\000\340}{subsection.9.2}% 144
\BOOKMARK [2][-]{subsection.9.3}{\376\377\000I\000l\000\040\000l\000a\000t\000c\000h\000\040\000C\000D\000\040\000o\000\040\000D\000-\000l\000a\000t\000c\000h}{section.9}% 145
\BOOKMARK [3][-]{subsubsection.9.3.1}{\376\377\000F\000o\000r\000m\000e\000\040\000d\000'\000o\000n\000d\000a}{subsection.9.3}% 146
\BOOKMARK [3][-]{subsubsection.9.3.2}{\376\377\000S\000i\000n\000t\000e\000s\000i\000\040\000d\000i\000r\000e\000t\000t\000a}{subsection.9.3}% 147
\BOOKMARK [3][-]{subsubsection.9.3.3}{\376\377\000T\000e\000m\000p\000i\000\040\000d\000i\000\040\000s\000e\000t\000-\000u\000p\000,\000\040\000d\000i\000\040\000h\000o\000l\000d\000\040\000e\000\040\000d\000i\000\040\000r\000i\000s\000p\000o\000s\000t\000a}{subsection.9.3}% 148
\BOOKMARK [3][-]{subsubsection.9.3.4}{\376\377\000U\000s\000c\000i\000t\000a\000\040\000t\000r\000a\000s\000p\000a\000r\000e\000n\000t\000e}{subsection.9.3}% 149
\BOOKMARK [2][-]{subsection.9.4}{\376\377\000F\000l\000i\000p\000-\000f\000l\000o\000p\000\040\000D}{section.9}% 150
\BOOKMARK [3][-]{subsubsection.9.4.1}{\376\377\000T\000e\000m\000p\000i\000\040\000d\000i\000\040\000s\000u\000t\000-\000u\000p\000,\000\040\000d\000i\000\040\000h\000o\000l\000d\000\040\000e\000\040\000d\000i\000\040\000r\000i\000s\000p\000o\000s\000t\000a}{subsection.9.4}% 151
\BOOKMARK [3][-]{subsubsection.9.4.2}{\376\377\000F\000l\000i\000p\000-\000F\000l\000o\000p\000\040\000D\000\040\000M\000a\000s\000t\000e\000r\000\040\000S\000l\000a\000v\000e}{subsection.9.4}% 152
\BOOKMARK [3][-]{subsubsection.9.4.3}{\376\377\000F\000i\000l\000p\000-\000f\000l\000o\000p\000\040\000D\000\040\000"\000E\000d\000g\000e\000-\000T\000r\000i\000g\000g\000e\000r\000e\000d\000"}{subsection.9.4}% 153
\BOOKMARK [3][-]{subsubsection.9.4.4}{\376\377\000F\000F\000-\000D\000\040\000c\000o\000m\000e\000\040\000e\000l\000e\000m\000e\000n\000t\000o\000\040\000d\000i\000\040\000r\000i\000t\000a\000r\000d\000o}{subsection.9.4}% 154
\BOOKMARK [1][-]{section.10}{\376\377\000R\000e\000t\000i\000\040\000S\000e\000q\000u\000e\000n\000z\000i\000a\000l\000i\000\040\000S\000i\000n\000c\000r\000o\000n\000e}{}% 155
\BOOKMARK [2][-]{subsection.10.1}{\376\377\000V\000a\000n\000t\000a\000g\000g\000i}{section.10}% 156
\BOOKMARK [2][-]{subsection.10.2}{\376\377\000C\000a\000m\000p\000i\000o\000n\000a\000m\000e\000n\000t\000o\000\040\000p\000e\000r\000i\000o\000d\000i\000c\000o}{section.10}% 157
\BOOKMARK [3][-]{subsubsection.10.2.1}{\376\377\000F\000l\000i\000p\000-\000F\000l\000o\000p\000\040\000D\000\040\000+\000\040\000s\000e\000g\000n\000a\000l\000e\000\040\000d\000i\000\040\000c\000l\000o\000c\000k\000\040\000p\000e\000r\000i\000o\000d\000i\000c\000o}{subsection.10.2}% 158
\BOOKMARK [2][-]{subsection.10.3}{\376\377\000S\000t\000r\000u\000t\000t\000u\000r\000a\000\040\000g\000e\000n\000e\000r\000a\000l\000e\000\040\000d\000i\000\040\000u\000n\000a\000\040\000R\000S\000S}{section.10}% 159
\BOOKMARK [3][-]{subsubsection.10.3.1}{\376\377\000T\000e\000m\000p\000o\000r\000i\000z\000z\000a\000z\000i\000o\000n\000e\000\040\000d\000i\000\040\000u\000n\000a\000\040\000R\000S\000S}{subsection.10.3}% 160
\BOOKMARK [3][-]{subsubsection.10.3.2}{\376\377\000V\000i\000n\000c\000o\000l\000i\000\040\000s\000u\000l\000l\000a\000\040\000f\000r\000e\000q\000u\000e\000n\000z\000a\000\040\000d\000i\000\040\000f\000u\000n\000z\000i\000o\000n\000a\000m\000e\000n\000t\000o}{subsection.10.3}% 161
\BOOKMARK [2][-]{subsection.10.4}{\376\377\000A\000u\000t\000o\000m\000a\000\040\000d\000i\000\040\000M\000e\000a\000l\000y\000\040\000e\000\040\000a\000u\000t\000o\000m\000a\000\040\000d\000i\000\040\000M\000o\000o\000r\000e\000\040\000p\000e\000r\000\040\000l\000e\000\040\000R\000S\000S}{section.10}% 162
\BOOKMARK [3][-]{subsubsection.10.4.1}{\376\377\000M\000o\000d\000e\000l\000l\000o\000\040\000d\000i\000\040\000M\000o\000o\000r\000e}{subsection.10.4}% 163
\BOOKMARK [3][-]{subsubsection.10.4.2}{\376\377\000M\000o\000d\000e\000l\000l\000o\000\040\000d\000i\000\040\000M\000e\000a\000l\000y}{subsection.10.4}% 164
\BOOKMARK [2][-]{subsection.10.5}{\376\377\000S\000i\000n\000c\000r\000o\000n\000i\000z\000z\000a\000z\000i\000o\000n\000e\000\040\000d\000i\000\040\000i\000n\000g\000r\000e\000s\000s\000i\000\040\000a\000s\000i\000n\000c\000r\000o\000n\000i}{section.10}% 165
\BOOKMARK [3][-]{subsubsection.10.5.1}{\376\377\000S\000i\000n\000c\000r\000o\000n\000i\000z\000z\000a\000t\000o\000r\000e}{subsection.10.5}% 166
\BOOKMARK [2][-]{subsection.10.6}{\376\377\000S\000i\000n\000t\000e\000s\000i\000\040\000F\000o\000r\000m\000a\000l\000e\000\040\000d\000i\000\040\000R\000S\000S}{section.10}% 167
\BOOKMARK [3][-]{subsubsection.10.6.1}{\376\377\000E\000s\000e\000m\000p\000i\000o\000\040\000d\000e\000l\000l\000a\000\040\000c\000a\000s\000s\000a\000f\000o\000r\000t\000e\000:}{subsection.10.6}% 168
\BOOKMARK [3][-]{subsubsection.10.6.2}{\376\377\000P\000r\000o\000c\000e\000d\000i\000m\000e\000n\000t\000o\000\040\000d\000i\000\040\000S\000i\000n\000t\000e\000s\000i\000:}{subsection.10.6}% 169
\BOOKMARK [3][-]{subsubsection.10.6.3}{\376\377\000G\000r\000a\000f\000o\000\040\000d\000e\000g\000l\000i\000\040\000s\000t\000a\000t\000i}{subsection.10.6}% 170
\BOOKMARK [2][-]{subsection.10.7}{\376\377\000S\000i\000n\000t\000e\000s\000i\000\040\000d\000i\000r\000e\000t\000t\000a\000\040\000d\000i\000\040\000R\000S\000S\000\040\000t\000r\000a\000m\000i\000t\000e\000\040\000u\000s\000o\000\040\000d\000i\000\040\000r\000e\000t\000i\000\040\000n\000o\000t\000e\000v\000o\000l\000i}{section.10}% 171
\BOOKMARK [3][-]{subsubsection.10.7.1}{\376\377\000I\000n\000t\000r\000o\000d\000u\000z\000i\000o\000n\000e}{subsection.10.7}% 172
\BOOKMARK [3][-]{subsubsection.10.7.2}{\376\377\000F\000l\000i\000p\000-\000F\000l\000o\000p\000\040\000T}{subsection.10.7}% 173
\BOOKMARK [3][-]{subsubsection.10.7.3}{\376\377\000R\000e\000g\000i\000s\000t\000r\000o\000\040\000a\000\040\000k\000\040\000b\000i\000t}{subsection.10.7}% 174
\BOOKMARK [3][-]{subsubsection.10.7.4}{\376\377\000S\000h\000i\000f\000t\000\040\000R\000e\000g\000i\000s\000t\000e\000r}{subsection.10.7}% 175
\BOOKMARK [3][-]{subsubsection.10.7.5}{\376\377\000U\000n\000i\000v\000e\000r\000s\000a\000l\000\040\000S\000h\000i\000f\000t\000\040\000R\000e\000g\000i\000s\000t\000e\000r}{subsection.10.7}% 176
\BOOKMARK [2][-]{subsection.10.8}{\376\377\000C\000o\000m\000u\000n\000i\000c\000a\000z\000i\000o\000n\000e\000\040\000p\000a\000r\000a\000l\000l\000e\000l\000a\000\040\000e\000\040\000s\000e\000r\000i\000a\000l\000e}{section.10}% 177
\BOOKMARK [3][-]{subsubsection.10.8.1}{\376\377\000C\000o\000n\000v\000e\000r\000s\000i\000o\000n\000e\000\040\000S\000e\000r\000i\000e\000/\000P\000a\000r\000a\000l\000l\000e\000l\000o\000\040\000-\000\040\000M\000o\000o\000r\000e}{subsection.10.8}% 178
\BOOKMARK [3][-]{subsubsection.10.8.2}{\376\377\000C\000o\000n\000v\000e\000r\000s\000i\000o\000n\000e\000\040\000S\000e\000r\000i\000a\000l\000e\000/\000P\000a\000r\000a\000l\000l\000e\000l\000o\000\040\000-\000\040\000M\000e\000a\000l\000y}{subsection.10.8}% 179
\BOOKMARK [3][-]{subsubsection.10.8.3}{\376\377\000S\000h\000i\000f\000t\000\040\000c\000o\000m\000e\000\040\000m\000o\000l\000t\000i\000p\000l\000i\000c\000a\000z\000i\000o\000n\000e\000\040\000o\000\040\000d\000i\000v\000i\000s\000i\000o\000n\000e}{subsection.10.8}% 180
\BOOKMARK [3][-]{subsubsection.10.8.4}{\376\377\000S\000h\000i\000f\000t\000\040\000a\000r\000i\000t\000m\000e\000t\000i\000c\000o}{subsection.10.8}% 181
\BOOKMARK [3][-]{subsubsection.10.8.5}{\376\377\000R\000i\000c\000o\000n\000o\000s\000c\000i\000t\000o\000r\000e\000\040\000d\000i\000\040\000s\000e\000q\000u\000e\000n\000z\000e}{subsection.10.8}% 182
\BOOKMARK [3][-]{subsubsection.10.8.6}{\376\377\000M\000o\000n\000o\000i\000m\000p\000u\000l\000s\000o\000r\000e}{subsection.10.8}% 183
\BOOKMARK [2][-]{subsection.10.9}{\376\377\000C\000o\000n\000t\000a\000t\000o\000r\000e\000\040\000e\000\040\000c\000o\000n\000t\000a\000t\000o\000r\000e\000\040\000b\000i\000n\000a\000r\000i\000o}{section.10}% 184
\BOOKMARK [3][-]{subsubsection.10.9.1}{\376\377\000C\000o\000m\000a\000n\000d\000i\000\040\000s\000i\000n\000c\000r\000o\000n\000i\000:\000\040\000E\000N\000A\000B\000L\000E}{subsection.10.9}% 185
\BOOKMARK [3][-]{subsubsection.10.9.2}{\376\377\000O\000t\000t\000i\000m\000i\000z\000z\000a\000z\000i\000o\000n\000i}{subsection.10.9}% 186
\BOOKMARK [3][-]{subsubsection.10.9.3}{\376\377\000C\000o\000m\000a\000n\000d\000i\000\040\000s\000i\000n\000c\000r\000o\000n\000i\000:\000\040\000R\000E\000S\000E\000T}{subsection.10.9}% 187
\BOOKMARK [3][-]{subsubsection.10.9.4}{\376\377\000C\000o\000m\000a\000n\000d\000i\000\040\000s\000i\000n\000c\000r\000o\000n\000i\000:\000\040\000L\000O\000A\000D}{subsection.10.9}% 188
\BOOKMARK [3][-]{subsubsection.10.9.5}{\376\377\000C\000o\000m\000a\000n\000d\000i\000\040\000S\000i\000n\000c\000r\000o\000n\000i\000:\000\040\000U\000P\000/\000D\000O\000W\000N}{subsection.10.9}% 189
\BOOKMARK [3][-]{subsubsection.10.9.6}{\376\377\000C\000o\000n\000t\000a\000t\000o\000r\000e\000\040\000b\000i\000n\000a\000r\000i\000o\000\040\000x\0008}{subsection.10.9}% 190
\BOOKMARK [3][-]{subsubsection.10.9.7}{\376\377\000I\000n\000c\000r\000e\000m\000e\000n\000t\000o\000\040\000d\000e\000l\000l\000a\000\040\000b\000a\000s\000e\000\040\000d\000i\000\040\000c\000o\000n\000t\000e\000g\000g\000i\000o}{subsection.10.9}% 191
\BOOKMARK [3][-]{subsubsection.10.9.8}{\376\377\000D\000e\000c\000r\000e\000m\000e\000n\000t\000o\000\040\000d\000e\000l\000l\000a\000\040\000b\000a\000s\000e\000\040\000d\000i\000\040\000c\000o\000n\000t\000e\000g\000g\000i\000o}{subsection.10.9}% 192
\BOOKMARK [3][-]{subsubsection.10.9.9}{\376\377\000D\000i\000v\000i\000s\000o\000r\000e\000\040\000d\000i\000\040\000f\000r\000e\000q\000u\000e\000n\000z\000a}{subsection.10.9}% 193
\BOOKMARK [2][-]{subsection.10.10}{\376\377\000C\000l\000o\000c\000k\000\040\000g\000a\000t\000i\000n\000g\000\040\000e\000\040\000c\000l\000o\000c\000k\000\040\000s\000k\000e\000w}{section.10}% 194
